In file included from [01m[K/home/poom/Desktop/ROS2_MiniProject/ros2_ws/build/my_robot_interfaces/rosidl_generator_c/my_robot_interfaces/srv/detail/set_led__functions.h:19[m[K,
                 from [01m[K/home/poom/Desktop/ROS2_MiniProject/ros2_ws/build/my_robot_interfaces/rosidl_generator_c/my_robot_interfaces/srv/detail/set_led__functions.c:4[m[K:
[01m[K/home/poom/Desktop/ROS2_MiniProject/ros2_ws/build/my_robot_interfaces/rosidl_generator_c/my_robot_interfaces/srv/detail/set_led__struct.h:22:10:[m[K [01;31m[Kfatal error: [m[Kmy_robot_interfaces/msg/detail/int64__struct.h: No such file or directory
   22 | #include [01;31m[K"my_robot_interfaces/msg/detail/int64__struct.h"[m[K
      |          [01;31m[K^~~~~~~~~~~~~~~~~~~~~~~~~~~~~~~~~~~~~~~~~~~~~~~~[m[K
compilation terminated.
gmake[2]: *** [CMakeFiles/my_robot_interfaces__rosidl_generator_c.dir/build.make:165: CMakeFiles/my_robot_interfaces__rosidl_generator_c.dir/rosidl_generator_c/my_robot_interfaces/srv/detail/set_led__functions.c.o] Error 1
gmake[2]: *** Waiting for unfinished jobs....
gmake[1]: *** [CMakeFiles/Makefile2:213: CMakeFiles/my_robot_interfaces__rosidl_generator_c.dir/all] Error 2
gmake[1]: *** Waiting for unfinished jobs....
In file included from [01m[K/home/poom/Desktop/ROS2_MiniProject/ros2_ws/build/my_robot_interfaces/rosidl_typesupport_cpp/my_robot_interfaces/srv/set_led__type_support.cpp:7[m[K:
[01m[K/home/poom/Desktop/ROS2_MiniProject/ros2_ws/build/my_robot_interfaces/rosidl_generator_cpp/my_robot_interfaces/srv/detail/set_led__struct.hpp:20:10:[m[K [01;31m[Kfatal error: [m[Kmy_robot_interfaces/msg/detail/int64__struct.hpp: No such file or directory
   20 | #include [01;31m[K"my_robot_interfaces/msg/detail/int64__struct.hpp"[m[K
      |          [01;31m[K^~~~~~~~~~~~~~~~~~~~~~~~~~~~~~~~~~~~~~~~~~~~~~~~~~[m[K
compilation terminated.
gmake[2]: *** [CMakeFiles/my_robot_interfaces__rosidl_typesupport_cpp.dir/build.make:122: CMakeFiles/my_robot_interfaces__rosidl_typesupport_cpp.dir/rosidl_typesupport_cpp/my_robot_interfaces/srv/set_led__type_support.cpp.o] Error 1
gmake[2]: *** Waiting for unfinished jobs....
In file included from [01m[K/home/poom/Desktop/ROS2_MiniProject/ros2_ws/build/my_robot_interfaces/rosidl_typesupport_introspection_cpp/my_robot_interfaces/srv/detail/set_led__type_support.cpp:12[m[K:
[01m[K/home/poom/Desktop/ROS2_MiniProject/ros2_ws/build/my_robot_interfaces/rosidl_generator_cpp/my_robot_interfaces/srv/detail/set_led__struct.hpp:20:10:[m[K [01;31m[Kfatal error: [m[Kmy_robot_interfaces/msg/detail/int64__struct.hpp: No such file or directory
   20 | #include [01;31m[K"my_robot_interfaces/msg/detail/int64__struct.hpp"[m[K
      |          [01;31m[K^~~~~~~~~~~~~~~~~~~~~~~~~~~~~~~~~~~~~~~~~~~~~~~~~~[m[K
compilation terminated.
gmake[2]: *** [CMakeFiles/my_robot_interfaces__rosidl_typesupport_introspection_cpp.dir/build.make:133: CMakeFiles/my_robot_interfaces__rosidl_typesupport_introspection_cpp.dir/rosidl_typesupport_introspection_cpp/my_robot_interfaces/srv/detail/set_led__type_support.cpp.o] Error 1
gmake[2]: *** Waiting for unfinished jobs....
In file included from [01m[K/home/poom/Desktop/ROS2_MiniProject/ros2_ws/build/my_robot_interfaces/rosidl_typesupport_fastrtps_cpp/my_robot_interfaces/srv/detail/set_led__rosidl_typesupport_fastrtps_cpp.hpp:11[m[K,
                 from [01m[K/home/poom/Desktop/ROS2_MiniProject/ros2_ws/build/my_robot_interfaces/rosidl_typesupport_fastrtps_cpp/my_robot_interfaces/srv/detail/dds_fastrtps/set_led__type_support.cpp:4[m[K:
[01m[K/home/poom/Desktop/ROS2_MiniProject/ros2_ws/build/my_robot_interfaces/rosidl_generator_cpp/my_robot_interfaces/srv/detail/set_led__struct.hpp:20:10:[m[K [01;31m[Kfatal error: [m[Kmy_robot_interfaces/msg/detail/int64__struct.hpp: No such file or directory
   20 | #include [01;31m[K"my_robot_interfaces/msg/detail/int64__struct.hpp"[m[K
      |          [01;31m[K^~~~~~~~~~~~~~~~~~~~~~~~~~~~~~~~~~~~~~~~~~~~~~~~~~[m[K
compilation terminated.
gmake[2]: *** [CMakeFiles/my_robot_interfaces__rosidl_typesupport_fastrtps_cpp.dir/build.make:133: CMakeFiles/my_robot_interfaces__rosidl_typesupport_fastrtps_cpp.dir/rosidl_typesupport_fastrtps_cpp/my_robot_interfaces/srv/detail/dds_fastrtps/set_led__type_support.cpp.o] Error 1
gmake[2]: *** Waiting for unfinished jobs....
gmake[1]: *** [CMakeFiles/Makefile2:395: CMakeFiles/my_robot_interfaces__rosidl_typesupport_cpp.dir/all] Error 2
gmake[1]: *** [CMakeFiles/Makefile2:369: CMakeFiles/my_robot_interfaces__rosidl_typesupport_introspection_cpp.dir/all] Error 2
gmake[1]: *** [CMakeFiles/Makefile2:343: CMakeFiles/my_robot_interfaces__rosidl_typesupport_fastrtps_cpp.dir/all] Error 2
gmake: *** [Makefile:146: all] Error 2
