[0.021s] Invoking command in '/home/poom/Desktop/ROS2_MiniProject/ros2_ws/build/my_cpp_pkg': CMAKE_PREFIX_PATH=/home/poom/Desktop/ROS2_MiniProject/ros2_ws/install/my_robot_interfaces:/home/poom/Desktop/ROS2_MiniProject/ros2_ws/install/my_cpp_pkg:/home/poom/ros2_ws/install/my_cpp_pkg:/home/poom/Desktop/ROS2_MiniProject/ros2_ws/install/my_py_pkg:/home/poom/ros2_ws/install/my_py_pkg:/opt/ros/humble /usr/bin/cmake --build /home/poom/Desktop/ROS2_MiniProject/ros2_ws/build/my_cpp_pkg -- -j16 -l16
[0.103s] [35m[1mConsolidate compiler generated dependencies of target Activity002_number_publisher[0m
[0.125s] [ 12%] Built target cpp_node
[0.125s] [ 18%] [32mBuilding CXX object CMakeFiles/robot_news_station.dir/src/robot_news_station.cpp.o[0m
[0.135s] [ 31%] Built target add_two_ints_server
[0.136s] [ 43%] Built target Activity002_number_publisher
[0.137s] [ 56%] Built target add_two_ints_client_no_oop
[0.143s] [ 68%] Built target smartphone
[0.144s] [ 81%] Built target add_two_ints_client
[0.153s] [ 93%] Built target hw_status_publisher
[3.672s] [100%] [32m[1mLinking CXX executable robot_news_station[0m
[3.912s] [100%] Built target robot_news_station
[3.921s] Invoked command in '/home/poom/Desktop/ROS2_MiniProject/ros2_ws/build/my_cpp_pkg' returned '0': CMAKE_PREFIX_PATH=/home/poom/Desktop/ROS2_MiniProject/ros2_ws/install/my_robot_interfaces:/home/poom/Desktop/ROS2_MiniProject/ros2_ws/install/my_cpp_pkg:/home/poom/ros2_ws/install/my_cpp_pkg:/home/poom/Desktop/ROS2_MiniProject/ros2_ws/install/my_py_pkg:/home/poom/ros2_ws/install/my_py_pkg:/opt/ros/humble /usr/bin/cmake --build /home/poom/Desktop/ROS2_MiniProject/ros2_ws/build/my_cpp_pkg -- -j16 -l16
[3.984s] Invoking command in '/home/poom/Desktop/ROS2_MiniProject/ros2_ws/build/my_cpp_pkg': CMAKE_PREFIX_PATH=/home/poom/Desktop/ROS2_MiniProject/ros2_ws/install/my_robot_interfaces:/home/poom/Desktop/ROS2_MiniProject/ros2_ws/install/my_cpp_pkg:/home/poom/ros2_ws/install/my_cpp_pkg:/home/poom/Desktop/ROS2_MiniProject/ros2_ws/install/my_py_pkg:/home/poom/ros2_ws/install/my_py_pkg:/opt/ros/humble /usr/bin/cmake --install /home/poom/Desktop/ROS2_MiniProject/ros2_ws/build/my_cpp_pkg
[3.991s] -- Install configuration: ""
[3.994s] -- Up-to-date: /home/poom/Desktop/ROS2_MiniProject/ros2_ws/install/my_cpp_pkg/lib/my_cpp_pkg/cpp_node
[3.996s] -- Installing: /home/poom/Desktop/ROS2_MiniProject/ros2_ws/install/my_cpp_pkg/lib/my_cpp_pkg/robot_news_station
[3.996s] -- Set runtime path of "/home/poom/Desktop/ROS2_MiniProject/ros2_ws/install/my_cpp_pkg/lib/my_cpp_pkg/robot_news_station" to ""
[3.998s] -- Up-to-date: /home/poom/Desktop/ROS2_MiniProject/ros2_ws/install/my_cpp_pkg/lib/my_cpp_pkg/smartphone
[3.999s] -- Up-to-date: /home/poom/Desktop/ROS2_MiniProject/ros2_ws/install/my_cpp_pkg/lib/my_cpp_pkg/Activity002_number_publisher
[4.000s] -- Up-to-date: /home/poom/Desktop/ROS2_MiniProject/ros2_ws/install/my_cpp_pkg/lib/my_cpp_pkg/add_two_ints_server
[4.001s] -- Up-to-date: /home/poom/Desktop/ROS2_MiniProject/ros2_ws/install/my_cpp_pkg/lib/my_cpp_pkg/add_two_ints_client_no_oop
[4.002s] -- Up-to-date: /home/poom/Desktop/ROS2_MiniProject/ros2_ws/install/my_cpp_pkg/lib/my_cpp_pkg/add_two_ints_client
[4.004s] -- Up-to-date: /home/poom/Desktop/ROS2_MiniProject/ros2_ws/install/my_cpp_pkg/lib/my_cpp_pkg/hw_status_publisher
[4.004s] -- Up-to-date: /home/poom/Desktop/ROS2_MiniProject/ros2_ws/install/my_cpp_pkg/share/ament_index/resource_index/package_run_dependencies/my_cpp_pkg
[4.004s] -- Up-to-date: /home/poom/Desktop/ROS2_MiniProject/ros2_ws/install/my_cpp_pkg/share/ament_index/resource_index/parent_prefix_path/my_cpp_pkg
[4.004s] -- Up-to-date: /home/poom/Desktop/ROS2_MiniProject/ros2_ws/install/my_cpp_pkg/share/my_cpp_pkg/environment/ament_prefix_path.sh
[4.004s] -- Up-to-date: /home/poom/Desktop/ROS2_MiniProject/ros2_ws/install/my_cpp_pkg/share/my_cpp_pkg/environment/ament_prefix_path.dsv
[4.004s] -- Up-to-date: /home/poom/Desktop/ROS2_MiniProject/ros2_ws/install/my_cpp_pkg/share/my_cpp_pkg/environment/path.sh
[4.004s] -- Up-to-date: /home/poom/Desktop/ROS2_MiniProject/ros2_ws/install/my_cpp_pkg/share/my_cpp_pkg/environment/path.dsv
[4.004s] -- Up-to-date: /home/poom/Desktop/ROS2_MiniProject/ros2_ws/install/my_cpp_pkg/share/my_cpp_pkg/local_setup.bash
[4.004s] -- Up-to-date: /home/poom/Desktop/ROS2_MiniProject/ros2_ws/install/my_cpp_pkg/share/my_cpp_pkg/local_setup.sh
[4.005s] -- Up-to-date: /home/poom/Desktop/ROS2_MiniProject/ros2_ws/install/my_cpp_pkg/share/my_cpp_pkg/local_setup.zsh
[4.005s] -- Up-to-date: /home/poom/Desktop/ROS2_MiniProject/ros2_ws/install/my_cpp_pkg/share/my_cpp_pkg/local_setup.dsv
[4.005s] -- Installing: /home/poom/Desktop/ROS2_MiniProject/ros2_ws/install/my_cpp_pkg/share/my_cpp_pkg/package.dsv
[4.005s] -- Up-to-date: /home/poom/Desktop/ROS2_MiniProject/ros2_ws/install/my_cpp_pkg/share/ament_index/resource_index/packages/my_cpp_pkg
[4.005s] -- Up-to-date: /home/poom/Desktop/ROS2_MiniProject/ros2_ws/install/my_cpp_pkg/share/my_cpp_pkg/cmake/my_cpp_pkgConfig.cmake
[4.005s] -- Up-to-date: /home/poom/Desktop/ROS2_MiniProject/ros2_ws/install/my_cpp_pkg/share/my_cpp_pkg/cmake/my_cpp_pkgConfig-version.cmake
[4.005s] -- Up-to-date: /home/poom/Desktop/ROS2_MiniProject/ros2_ws/install/my_cpp_pkg/share/my_cpp_pkg/package.xml
[4.006s] Invoked command in '/home/poom/Desktop/ROS2_MiniProject/ros2_ws/build/my_cpp_pkg' returned '0': CMAKE_PREFIX_PATH=/home/poom/Desktop/ROS2_MiniProject/ros2_ws/install/my_robot_interfaces:/home/poom/Desktop/ROS2_MiniProject/ros2_ws/install/my_cpp_pkg:/home/poom/ros2_ws/install/my_cpp_pkg:/home/poom/Desktop/ROS2_MiniProject/ros2_ws/install/my_py_pkg:/home/poom/ros2_ws/install/my_py_pkg:/opt/ros/humble /usr/bin/cmake --install /home/poom/Desktop/ROS2_MiniProject/ros2_ws/build/my_cpp_pkg
