[0.007s] Invoking command in '/home/poom/Desktop/ROS2_MiniProject/ros2_ws/build/my_cpp_pkg': CMAKE_PREFIX_PATH=/home/poom/Desktop/ROS2_MiniProject/ros2_ws/install/my_robot_interfaces:/home/poom/Desktop/ROS2_MiniProject/ros2_ws/install/my_cpp_pkg:/home/poom/ros2_ws/install/my_cpp_pkg:/home/poom/Desktop/ROS2_MiniProject/ros2_ws/install/my_py_pkg:/home/poom/ros2_ws/install/my_py_pkg:/opt/ros/humble /usr/bin/cmake --build /home/poom/Desktop/ROS2_MiniProject/ros2_ws/build/my_cpp_pkg -- -j16 -l16
[0.035s] [35m[1mConsolidate compiler generated dependencies of target smartphone[0m
[0.044s] [  6%] [32mBuilding CXX object CMakeFiles/robot_news_station.dir/src/robot_news_station.cpp.o[0m
[0.045s] [ 18%] Built target Activity002_number_publisher
[0.045s] [ 31%] Built target cpp_node
[0.045s] [ 43%] Built target add_two_ints_client
[0.046s] [ 56%] Built target add_two_ints_server
[0.046s] [ 81%] Built target add_two_ints_client_no_oop
[0.046s] [ 81%] Built target smartphone
[0.047s] [ 93%] Built target hw_status_publisher
[2.176s] [100%] [32m[1mLinking CXX executable robot_news_station[0m
[2.281s] [100%] Built target robot_news_station
[2.290s] Invoked command in '/home/poom/Desktop/ROS2_MiniProject/ros2_ws/build/my_cpp_pkg' returned '0': CMAKE_PREFIX_PATH=/home/poom/Desktop/ROS2_MiniProject/ros2_ws/install/my_robot_interfaces:/home/poom/Desktop/ROS2_MiniProject/ros2_ws/install/my_cpp_pkg:/home/poom/ros2_ws/install/my_cpp_pkg:/home/poom/Desktop/ROS2_MiniProject/ros2_ws/install/my_py_pkg:/home/poom/ros2_ws/install/my_py_pkg:/opt/ros/humble /usr/bin/cmake --build /home/poom/Desktop/ROS2_MiniProject/ros2_ws/build/my_cpp_pkg -- -j16 -l16
[2.320s] Invoking command in '/home/poom/Desktop/ROS2_MiniProject/ros2_ws/build/my_cpp_pkg': CMAKE_PREFIX_PATH=/home/poom/Desktop/ROS2_MiniProject/ros2_ws/install/my_robot_interfaces:/home/poom/Desktop/ROS2_MiniProject/ros2_ws/install/my_cpp_pkg:/home/poom/ros2_ws/install/my_cpp_pkg:/home/poom/Desktop/ROS2_MiniProject/ros2_ws/install/my_py_pkg:/home/poom/ros2_ws/install/my_py_pkg:/opt/ros/humble /usr/bin/cmake --install /home/poom/Desktop/ROS2_MiniProject/ros2_ws/build/my_cpp_pkg
[2.325s] -- Install configuration: ""
[2.325s] -- Up-to-date: /home/poom/Desktop/ROS2_MiniProject/ros2_ws/install/my_cpp_pkg/lib/my_cpp_pkg/cpp_node
[2.325s] -- Installing: /home/poom/Desktop/ROS2_MiniProject/ros2_ws/install/my_cpp_pkg/lib/my_cpp_pkg/robot_news_station
[2.326s] -- Set runtime path of "/home/poom/Desktop/ROS2_MiniProject/ros2_ws/install/my_cpp_pkg/lib/my_cpp_pkg/robot_news_station" to ""
[2.326s] -- Up-to-date: /home/poom/Desktop/ROS2_MiniProject/ros2_ws/install/my_cpp_pkg/lib/my_cpp_pkg/smartphone
[2.326s] -- Up-to-date: /home/poom/Desktop/ROS2_MiniProject/ros2_ws/install/my_cpp_pkg/lib/my_cpp_pkg/Activity002_number_publisher
[2.326s] -- Up-to-date: /home/poom/Desktop/ROS2_MiniProject/ros2_ws/install/my_cpp_pkg/lib/my_cpp_pkg/add_two_ints_server
[2.326s] -- Up-to-date: /home/poom/Desktop/ROS2_MiniProject/ros2_ws/install/my_cpp_pkg/lib/my_cpp_pkg/add_two_ints_client_no_oop
[2.326s] -- Up-to-date: /home/poom/Desktop/ROS2_MiniProject/ros2_ws/install/my_cpp_pkg/lib/my_cpp_pkg/add_two_ints_client
[2.326s] -- Up-to-date: /home/poom/Desktop/ROS2_MiniProject/ros2_ws/install/my_cpp_pkg/lib/my_cpp_pkg/hw_status_publisher
[2.326s] -- Up-to-date: /home/poom/Desktop/ROS2_MiniProject/ros2_ws/install/my_cpp_pkg/share/ament_index/resource_index/package_run_dependencies/my_cpp_pkg
[2.326s] -- Up-to-date: /home/poom/Desktop/ROS2_MiniProject/ros2_ws/install/my_cpp_pkg/share/ament_index/resource_index/parent_prefix_path/my_cpp_pkg
[2.327s] -- Up-to-date: /home/poom/Desktop/ROS2_MiniProject/ros2_ws/install/my_cpp_pkg/share/my_cpp_pkg/environment/ament_prefix_path.sh
[2.327s] -- Up-to-date: /home/poom/Desktop/ROS2_MiniProject/ros2_ws/install/my_cpp_pkg/share/my_cpp_pkg/environment/ament_prefix_path.dsv
[2.327s] -- Up-to-date: /home/poom/Desktop/ROS2_MiniProject/ros2_ws/install/my_cpp_pkg/share/my_cpp_pkg/environment/path.sh
[2.327s] -- Up-to-date: /home/poom/Desktop/ROS2_MiniProject/ros2_ws/install/my_cpp_pkg/share/my_cpp_pkg/environment/path.dsv
[2.327s] -- Up-to-date: /home/poom/Desktop/ROS2_MiniProject/ros2_ws/install/my_cpp_pkg/share/my_cpp_pkg/local_setup.bash
[2.327s] -- Up-to-date: /home/poom/Desktop/ROS2_MiniProject/ros2_ws/install/my_cpp_pkg/share/my_cpp_pkg/local_setup.sh
[2.327s] -- Up-to-date: /home/poom/Desktop/ROS2_MiniProject/ros2_ws/install/my_cpp_pkg/share/my_cpp_pkg/local_setup.zsh
[2.327s] -- Up-to-date: /home/poom/Desktop/ROS2_MiniProject/ros2_ws/install/my_cpp_pkg/share/my_cpp_pkg/local_setup.dsv
[2.327s] -- Installing: /home/poom/Desktop/ROS2_MiniProject/ros2_ws/install/my_cpp_pkg/share/my_cpp_pkg/package.dsv
[2.327s] -- Up-to-date: /home/poom/Desktop/ROS2_MiniProject/ros2_ws/install/my_cpp_pkg/share/ament_index/resource_index/packages/my_cpp_pkg
[2.327s] -- Up-to-date: /home/poom/Desktop/ROS2_MiniProject/ros2_ws/install/my_cpp_pkg/share/my_cpp_pkg/cmake/my_cpp_pkgConfig.cmake
[2.327s] -- Up-to-date: /home/poom/Desktop/ROS2_MiniProject/ros2_ws/install/my_cpp_pkg/share/my_cpp_pkg/cmake/my_cpp_pkgConfig-version.cmake
[2.327s] -- Up-to-date: /home/poom/Desktop/ROS2_MiniProject/ros2_ws/install/my_cpp_pkg/share/my_cpp_pkg/package.xml
[2.328s] Invoked command in '/home/poom/Desktop/ROS2_MiniProject/ros2_ws/build/my_cpp_pkg' returned '0': CMAKE_PREFIX_PATH=/home/poom/Desktop/ROS2_MiniProject/ros2_ws/install/my_robot_interfaces:/home/poom/Desktop/ROS2_MiniProject/ros2_ws/install/my_cpp_pkg:/home/poom/ros2_ws/install/my_cpp_pkg:/home/poom/Desktop/ROS2_MiniProject/ros2_ws/install/my_py_pkg:/home/poom/ros2_ws/install/my_py_pkg:/opt/ros/humble /usr/bin/cmake --install /home/poom/Desktop/ROS2_MiniProject/ros2_ws/build/my_cpp_pkg
