[0.007s] Invoking command in '/home/poom/Desktop/ROS2_MiniProject/ros2_ws/build/my_robot_interfaces': CMAKE_PREFIX_PATH=${CMAKE_PREFIX_PATH}:/home/poom/Desktop/ROS2_MiniProject/ros2_ws/install/my_py_pkg:/home/poom/ros2_ws/install/my_py_pkg:/opt/ros/humble /usr/bin/cmake --build /home/poom/Desktop/ROS2_MiniProject/ros2_ws/build/my_robot_interfaces -- -j16 -l16
[0.025s] -- Found ament_cmake: 1.3.10 (/opt/ros/humble/share/ament_cmake/cmake)
[0.087s] -- Found rosidl_default_generators: 1.2.0 (/opt/ros/humble/share/rosidl_default_generators/cmake)
[0.088s] -- Using all available rosidl_typesupport_c: rosidl_typesupport_fastrtps_c;rosidl_typesupport_introspection_c
[0.089s] -- Found rosidl_adapter: 3.1.5 (/opt/ros/humble/share/rosidl_adapter/cmake)
[0.102s] -- Using all available rosidl_typesupport_cpp: rosidl_typesupport_fastrtps_cpp;rosidl_typesupport_introspection_cpp
[0.259s] -- Found ament_cmake_ros: 0.10.0 (/opt/ros/humble/share/ament_cmake_ros/cmake)
[0.385s] -- Using all available rosidl_typesupport_c: rosidl_typesupport_fastrtps_c;rosidl_typesupport_introspection_c
[0.508s] -- Using all available rosidl_typesupport_cpp: rosidl_typesupport_fastrtps_cpp;rosidl_typesupport_introspection_cpp
[0.519s] -- Found PythonInterp: /usr/bin/python3 (found suitable version "3.10.12", minimum required is "3.6") 
[0.521s] -- Found python_cmake_module: 0.10.0 (/opt/ros/humble/share/python_cmake_module/cmake)
[0.538s] -- Found PythonLibs: /usr/lib/x86_64-linux-gnu/libpython3.10.so (found suitable version "3.10.12", minimum required is "3.5") 
[0.538s] -- Using PYTHON_EXECUTABLE: /usr/bin/python3
[0.538s] -- Using PYTHON_INCLUDE_DIRS: /usr/include/python3.10
[0.538s] -- Using PYTHON_LIBRARIES: /usr/lib/x86_64-linux-gnu/libpython3.10.so
[0.549s] -- Found PythonExtra: .so  
[0.570s] -- Configuring done
[0.582s] -- Generating done
[0.583s] -- Build files have been written to: /home/poom/Desktop/ROS2_MiniProject/ros2_ws/build/my_robot_interfaces
[0.599s] [  3%] [34m[1mGenerating C code for ROS interfaces[0m
[0.605s] [  6%] [34m[1mGenerating C++ code for ROS interfaces[0m
[0.609s] [  6%] Built target ament_cmake_python_copy_my_robot_interfaces
[0.744s] [  6%] Built target my_robot_interfaces__cpp
[0.750s] [  9%] [32mBuilding C object CMakeFiles/my_robot_interfaces__rosidl_generator_c.dir/rosidl_generator_c/my_robot_interfaces/msg/detail/hardware_status__functions.c.o[0m
[0.750s] [ 12%] [34m[1mGenerating C++ type support dispatch for ROS interfaces[0m
[0.750s] [ 16%] [34m[1mGenerating C++ introspection for ROS interfaces[0m
[0.750s] [ 19%] [34m[1mGenerating C++ type support for eProsima Fast-RTPS[0m
[0.753s] running egg_info
[0.753s] creating my_robot_interfaces.egg-info
[0.753s] writing my_robot_interfaces.egg-info/PKG-INFO
[0.753s] writing dependency_links to my_robot_interfaces.egg-info/dependency_links.txt
[0.753s] writing top-level names to my_robot_interfaces.egg-info/top_level.txt
[0.754s] writing manifest file 'my_robot_interfaces.egg-info/SOURCES.txt'
[0.754s] reading manifest file 'my_robot_interfaces.egg-info/SOURCES.txt'
[0.754s] writing manifest file 'my_robot_interfaces.egg-info/SOURCES.txt'
[0.771s] [ 19%] Built target ament_cmake_python_build_my_robot_interfaces_egg
[0.791s] [ 22%] [32m[1mLinking C shared library libmy_robot_interfaces__rosidl_generator_c.so[0m
[0.812s] [ 22%] Built target my_robot_interfaces__rosidl_generator_c
[0.819s] [ 25%] [34m[1mGenerating C type support for eProsima Fast-RTPS[0m
[0.819s] [ 29%] [34m[1mGenerating C introspection for ROS interfaces[0m
[0.819s] [ 32%] [34m[1mGenerating C type support dispatch for ROS interfaces[0m
[0.877s] [ 35%] [32mBuilding CXX object CMakeFiles/my_robot_interfaces__rosidl_typesupport_cpp.dir/rosidl_typesupport_cpp/my_robot_interfaces/msg/hardware_status__type_support.cpp.o[0m
[0.894s] [ 38%] [32mBuilding CXX object CMakeFiles/my_robot_interfaces__rosidl_typesupport_introspection_cpp.dir/rosidl_typesupport_introspection_cpp/my_robot_interfaces/msg/detail/hardware_status__type_support.cpp.o[0m
[0.898s] [ 41%] [32mBuilding CXX object CMakeFiles/my_robot_interfaces__rosidl_typesupport_fastrtps_cpp.dir/rosidl_typesupport_fastrtps_cpp/my_robot_interfaces/msg/detail/dds_fastrtps/hardware_status__type_support.cpp.o[0m
[1.046s] [ 45%] [32mBuilding CXX object CMakeFiles/my_robot_interfaces__rosidl_typesupport_c.dir/rosidl_typesupport_c/my_robot_interfaces/msg/hardware_status__type_support.cpp.o[0m
[1.108s] [ 48%] [32mBuilding CXX object CMakeFiles/my_robot_interfaces__rosidl_typesupport_fastrtps_c.dir/rosidl_typesupport_fastrtps_c/my_robot_interfaces/msg/detail/hardware_status__type_support_c.cpp.o[0m
[1.186s] [ 51%] [32mBuilding C object CMakeFiles/my_robot_interfaces__rosidl_typesupport_introspection_c.dir/rosidl_typesupport_introspection_c/my_robot_interfaces/msg/detail/hardware_status__type_support.c.o[0m
[1.245s] [ 54%] [32m[1mLinking CXX shared library libmy_robot_interfaces__rosidl_typesupport_c.so[0m
[1.450s] [ 58%] [32m[1mLinking C shared library libmy_robot_interfaces__rosidl_typesupport_introspection_c.so[0m
[1.489s] [ 58%] Built target my_robot_interfaces__rosidl_typesupport_c
[1.559s] [ 58%] Built target my_robot_interfaces__rosidl_typesupport_introspection_c
[1.753s] [ 61%] [32m[1mLinking CXX shared library libmy_robot_interfaces__rosidl_typesupport_cpp.so[0m
[1.826s] [ 61%] Built target my_robot_interfaces__rosidl_typesupport_cpp
[1.955s] [ 64%] [32m[1mLinking CXX shared library libmy_robot_interfaces__rosidl_typesupport_introspection_cpp.so[0m
[1.964s] [ 67%] [32m[1mLinking CXX shared library libmy_robot_interfaces__rosidl_typesupport_fastrtps_cpp.so[0m
[1.979s] [ 67%] Built target my_robot_interfaces__rosidl_typesupport_introspection_cpp
[1.983s] [ 70%] [32m[1mLinking CXX shared library libmy_robot_interfaces__rosidl_typesupport_fastrtps_c.so[0m
[2.006s] [ 70%] Built target my_robot_interfaces__rosidl_typesupport_fastrtps_cpp
[2.024s] [ 70%] Built target my_robot_interfaces__rosidl_typesupport_fastrtps_c
[2.036s] [ 70%] Built target my_robot_interfaces
[2.046s] [ 74%] [34m[1mGenerating Python code for ROS interfaces[0m
[2.191s] [ 74%] Built target my_robot_interfaces__py
[2.203s] [ 77%] [32mBuilding C object CMakeFiles/my_robot_interfaces__rosidl_generator_py.dir/rosidl_generator_py/my_robot_interfaces/msg/_hardware_status_s.c.o[0m
[2.293s] [ 80%] [32m[1mLinking C shared library rosidl_generator_py/my_robot_interfaces/libmy_robot_interfaces__rosidl_generator_py.so[0m
[2.313s] [ 80%] Built target my_robot_interfaces__rosidl_generator_py
[2.326s] [ 83%] [32mBuilding C object CMakeFiles/my_robot_interfaces__rosidl_typesupport_introspection_c__pyext.dir/rosidl_generator_py/my_robot_interfaces/_my_robot_interfaces_s.ep.rosidl_typesupport_introspection_c.c.o[0m
[2.326s] [ 90%] [32mBuilding C object CMakeFiles/my_robot_interfaces__rosidl_typesupport_fastrtps_c__pyext.dir/rosidl_generator_py/my_robot_interfaces/_my_robot_interfaces_s.ep.rosidl_typesupport_fastrtps_c.c.o[0m
[2.326s] [ 90%] [32mBuilding C object CMakeFiles/my_robot_interfaces__rosidl_typesupport_c__pyext.dir/rosidl_generator_py/my_robot_interfaces/_my_robot_interfaces_s.ep.rosidl_typesupport_c.c.o[0m
[2.377s] [ 93%] [32m[1mLinking C shared library rosidl_generator_py/my_robot_interfaces/my_robot_interfaces_s__rosidl_typesupport_c.cpython-310-x86_64-linux-gnu.so[0m
[2.377s] [100%] [32m[1mLinking C shared library rosidl_generator_py/my_robot_interfaces/my_robot_interfaces_s__rosidl_typesupport_introspection_c.cpython-310-x86_64-linux-gnu.so[0m
[2.377s] [100%] [32m[1mLinking C shared library rosidl_generator_py/my_robot_interfaces/my_robot_interfaces_s__rosidl_typesupport_fastrtps_c.cpython-310-x86_64-linux-gnu.so[0m
[2.416s] [100%] Built target my_robot_interfaces__rosidl_typesupport_introspection_c__pyext
[2.417s] [100%] Built target my_robot_interfaces__rosidl_typesupport_c__pyext
[2.417s] [100%] Built target my_robot_interfaces__rosidl_typesupport_fastrtps_c__pyext
[2.423s] Invoked command in '/home/poom/Desktop/ROS2_MiniProject/ros2_ws/build/my_robot_interfaces' returned '0': CMAKE_PREFIX_PATH=${CMAKE_PREFIX_PATH}:/home/poom/Desktop/ROS2_MiniProject/ros2_ws/install/my_py_pkg:/home/poom/ros2_ws/install/my_py_pkg:/opt/ros/humble /usr/bin/cmake --build /home/poom/Desktop/ROS2_MiniProject/ros2_ws/build/my_robot_interfaces -- -j16 -l16
[2.461s] Invoking command in '/home/poom/Desktop/ROS2_MiniProject/ros2_ws/build/my_robot_interfaces': CMAKE_PREFIX_PATH=${CMAKE_PREFIX_PATH}:/home/poom/Desktop/ROS2_MiniProject/ros2_ws/install/my_py_pkg:/home/poom/ros2_ws/install/my_py_pkg:/opt/ros/humble /usr/bin/cmake --install /home/poom/Desktop/ROS2_MiniProject/ros2_ws/build/my_robot_interfaces
[2.465s] -- Install configuration: ""
[2.465s] -- Installing: /home/poom/Desktop/ROS2_MiniProject/ros2_ws/install/my_robot_interfaces/share/ament_index/resource_index/rosidl_interfaces/my_robot_interfaces
[2.465s] -- Installing: /home/poom/Desktop/ROS2_MiniProject/ros2_ws/install/my_robot_interfaces/include/my_robot_interfaces/my_robot_interfaces
[2.465s] -- Installing: /home/poom/Desktop/ROS2_MiniProject/ros2_ws/install/my_robot_interfaces/include/my_robot_interfaces/my_robot_interfaces/msg
[2.465s] -- Installing: /home/poom/Desktop/ROS2_MiniProject/ros2_ws/install/my_robot_interfaces/include/my_robot_interfaces/my_robot_interfaces/msg/detail
[2.465s] -- Installing: /home/poom/Desktop/ROS2_MiniProject/ros2_ws/install/my_robot_interfaces/include/my_robot_interfaces/my_robot_interfaces/msg/detail/hardware_status__functions.h
[2.465s] -- Installing: /home/poom/Desktop/ROS2_MiniProject/ros2_ws/install/my_robot_interfaces/include/my_robot_interfaces/my_robot_interfaces/msg/detail/hardware_status__functions.c
[2.465s] -- Installing: /home/poom/Desktop/ROS2_MiniProject/ros2_ws/install/my_robot_interfaces/include/my_robot_interfaces/my_robot_interfaces/msg/detail/hardware_status__struct.h
[2.465s] -- Installing: /home/poom/Desktop/ROS2_MiniProject/ros2_ws/install/my_robot_interfaces/include/my_robot_interfaces/my_robot_interfaces/msg/detail/hardware_status__type_support.h
[2.465s] -- Installing: /home/poom/Desktop/ROS2_MiniProject/ros2_ws/install/my_robot_interfaces/include/my_robot_interfaces/my_robot_interfaces/msg/hardware_status.h
[2.465s] -- Installing: /home/poom/Desktop/ROS2_MiniProject/ros2_ws/install/my_robot_interfaces/include/my_robot_interfaces/my_robot_interfaces/msg/rosidl_generator_c__visibility_control.h
[2.465s] -- Installing: /home/poom/Desktop/ROS2_MiniProject/ros2_ws/install/my_robot_interfaces/share/my_robot_interfaces/environment/library_path.sh
[2.465s] -- Installing: /home/poom/Desktop/ROS2_MiniProject/ros2_ws/install/my_robot_interfaces/share/my_robot_interfaces/environment/library_path.dsv
[2.465s] -- Installing: /home/poom/Desktop/ROS2_MiniProject/ros2_ws/install/my_robot_interfaces/lib/libmy_robot_interfaces__rosidl_generator_c.so
[2.466s] -- Set runtime path of "/home/poom/Desktop/ROS2_MiniProject/ros2_ws/install/my_robot_interfaces/lib/libmy_robot_interfaces__rosidl_generator_c.so" to ""
[2.466s] -- Up-to-date: /home/poom/Desktop/ROS2_MiniProject/ros2_ws/install/my_robot_interfaces/include/my_robot_interfaces/my_robot_interfaces
[2.466s] -- Up-to-date: /home/poom/Desktop/ROS2_MiniProject/ros2_ws/install/my_robot_interfaces/include/my_robot_interfaces/my_robot_interfaces/msg
[2.466s] -- Up-to-date: /home/poom/Desktop/ROS2_MiniProject/ros2_ws/install/my_robot_interfaces/include/my_robot_interfaces/my_robot_interfaces/msg/detail
[2.466s] -- Installing: /home/poom/Desktop/ROS2_MiniProject/ros2_ws/install/my_robot_interfaces/include/my_robot_interfaces/my_robot_interfaces/msg/detail/hardware_status__rosidl_typesupport_fastrtps_c.h
[2.466s] -- Installing: /home/poom/Desktop/ROS2_MiniProject/ros2_ws/install/my_robot_interfaces/include/my_robot_interfaces/my_robot_interfaces/msg/rosidl_typesupport_fastrtps_c__visibility_control.h
[2.466s] -- Installing: /home/poom/Desktop/ROS2_MiniProject/ros2_ws/install/my_robot_interfaces/lib/libmy_robot_interfaces__rosidl_typesupport_fastrtps_c.so
[2.466s] -- Set runtime path of "/home/poom/Desktop/ROS2_MiniProject/ros2_ws/install/my_robot_interfaces/lib/libmy_robot_interfaces__rosidl_typesupport_fastrtps_c.so" to ""
[2.466s] -- Up-to-date: /home/poom/Desktop/ROS2_MiniProject/ros2_ws/install/my_robot_interfaces/include/my_robot_interfaces/my_robot_interfaces
[2.466s] -- Up-to-date: /home/poom/Desktop/ROS2_MiniProject/ros2_ws/install/my_robot_interfaces/include/my_robot_interfaces/my_robot_interfaces/msg
[2.466s] -- Installing: /home/poom/Desktop/ROS2_MiniProject/ros2_ws/install/my_robot_interfaces/include/my_robot_interfaces/my_robot_interfaces/msg/rosidl_typesupport_introspection_c__visibility_control.h
[2.466s] -- Up-to-date: /home/poom/Desktop/ROS2_MiniProject/ros2_ws/install/my_robot_interfaces/include/my_robot_interfaces/my_robot_interfaces/msg/detail
[2.466s] -- Installing: /home/poom/Desktop/ROS2_MiniProject/ros2_ws/install/my_robot_interfaces/include/my_robot_interfaces/my_robot_interfaces/msg/detail/hardware_status__rosidl_typesupport_introspection_c.h
[2.466s] -- Installing: /home/poom/Desktop/ROS2_MiniProject/ros2_ws/install/my_robot_interfaces/include/my_robot_interfaces/my_robot_interfaces/msg/detail/hardware_status__type_support.c
[2.466s] -- Installing: /home/poom/Desktop/ROS2_MiniProject/ros2_ws/install/my_robot_interfaces/lib/libmy_robot_interfaces__rosidl_typesupport_introspection_c.so
[2.466s] -- Set runtime path of "/home/poom/Desktop/ROS2_MiniProject/ros2_ws/install/my_robot_interfaces/lib/libmy_robot_interfaces__rosidl_typesupport_introspection_c.so" to ""
[2.466s] -- Installing: /home/poom/Desktop/ROS2_MiniProject/ros2_ws/install/my_robot_interfaces/lib/libmy_robot_interfaces__rosidl_typesupport_c.so
[2.466s] -- Set runtime path of "/home/poom/Desktop/ROS2_MiniProject/ros2_ws/install/my_robot_interfaces/lib/libmy_robot_interfaces__rosidl_typesupport_c.so" to ""
[2.466s] -- Up-to-date: /home/poom/Desktop/ROS2_MiniProject/ros2_ws/install/my_robot_interfaces/include/my_robot_interfaces/my_robot_interfaces
[2.466s] -- Up-to-date: /home/poom/Desktop/ROS2_MiniProject/ros2_ws/install/my_robot_interfaces/include/my_robot_interfaces/my_robot_interfaces/msg
[2.466s] -- Up-to-date: /home/poom/Desktop/ROS2_MiniProject/ros2_ws/install/my_robot_interfaces/include/my_robot_interfaces/my_robot_interfaces/msg/detail
[2.467s] -- Installing: /home/poom/Desktop/ROS2_MiniProject/ros2_ws/install/my_robot_interfaces/include/my_robot_interfaces/my_robot_interfaces/msg/detail/hardware_status__struct.hpp
[2.467s] -- Installing: /home/poom/Desktop/ROS2_MiniProject/ros2_ws/install/my_robot_interfaces/include/my_robot_interfaces/my_robot_interfaces/msg/detail/hardware_status__traits.hpp
[2.467s] -- Installing: /home/poom/Desktop/ROS2_MiniProject/ros2_ws/install/my_robot_interfaces/include/my_robot_interfaces/my_robot_interfaces/msg/detail/hardware_status__builder.hpp
[2.467s] -- Installing: /home/poom/Desktop/ROS2_MiniProject/ros2_ws/install/my_robot_interfaces/include/my_robot_interfaces/my_robot_interfaces/msg/hardware_status.hpp
[2.467s] -- Up-to-date: /home/poom/Desktop/ROS2_MiniProject/ros2_ws/install/my_robot_interfaces/include/my_robot_interfaces/my_robot_interfaces
[2.467s] -- Up-to-date: /home/poom/Desktop/ROS2_MiniProject/ros2_ws/install/my_robot_interfaces/include/my_robot_interfaces/my_robot_interfaces/msg
[2.467s] -- Up-to-date: /home/poom/Desktop/ROS2_MiniProject/ros2_ws/install/my_robot_interfaces/include/my_robot_interfaces/my_robot_interfaces/msg/detail
[2.467s] -- Installing: /home/poom/Desktop/ROS2_MiniProject/ros2_ws/install/my_robot_interfaces/include/my_robot_interfaces/my_robot_interfaces/msg/detail/dds_fastrtps
[2.467s] -- Installing: /home/poom/Desktop/ROS2_MiniProject/ros2_ws/install/my_robot_interfaces/include/my_robot_interfaces/my_robot_interfaces/msg/detail/hardware_status__rosidl_typesupport_fastrtps_cpp.hpp
[2.467s] -- Installing: /home/poom/Desktop/ROS2_MiniProject/ros2_ws/install/my_robot_interfaces/include/my_robot_interfaces/my_robot_interfaces/msg/rosidl_typesupport_fastrtps_cpp__visibility_control.h
[2.467s] -- Installing: /home/poom/Desktop/ROS2_MiniProject/ros2_ws/install/my_robot_interfaces/lib/libmy_robot_interfaces__rosidl_typesupport_fastrtps_cpp.so
[2.467s] -- Set runtime path of "/home/poom/Desktop/ROS2_MiniProject/ros2_ws/install/my_robot_interfaces/lib/libmy_robot_interfaces__rosidl_typesupport_fastrtps_cpp.so" to ""
[2.467s] -- Up-to-date: /home/poom/Desktop/ROS2_MiniProject/ros2_ws/install/my_robot_interfaces/include/my_robot_interfaces/my_robot_interfaces
[2.467s] -- Up-to-date: /home/poom/Desktop/ROS2_MiniProject/ros2_ws/install/my_robot_interfaces/include/my_robot_interfaces/my_robot_interfaces/msg
[2.467s] -- Up-to-date: /home/poom/Desktop/ROS2_MiniProject/ros2_ws/install/my_robot_interfaces/include/my_robot_interfaces/my_robot_interfaces/msg/detail
[2.467s] -- Installing: /home/poom/Desktop/ROS2_MiniProject/ros2_ws/install/my_robot_interfaces/include/my_robot_interfaces/my_robot_interfaces/msg/detail/hardware_status__type_support.cpp
[2.467s] -- Installing: /home/poom/Desktop/ROS2_MiniProject/ros2_ws/install/my_robot_interfaces/include/my_robot_interfaces/my_robot_interfaces/msg/detail/hardware_status__rosidl_typesupport_introspection_cpp.hpp
[2.467s] -- Installing: /home/poom/Desktop/ROS2_MiniProject/ros2_ws/install/my_robot_interfaces/lib/libmy_robot_interfaces__rosidl_typesupport_introspection_cpp.so
[2.467s] -- Set runtime path of "/home/poom/Desktop/ROS2_MiniProject/ros2_ws/install/my_robot_interfaces/lib/libmy_robot_interfaces__rosidl_typesupport_introspection_cpp.so" to ""
[2.467s] -- Installing: /home/poom/Desktop/ROS2_MiniProject/ros2_ws/install/my_robot_interfaces/lib/libmy_robot_interfaces__rosidl_typesupport_cpp.so
[2.467s] -- Set runtime path of "/home/poom/Desktop/ROS2_MiniProject/ros2_ws/install/my_robot_interfaces/lib/libmy_robot_interfaces__rosidl_typesupport_cpp.so" to ""
[2.467s] -- Installing: /home/poom/Desktop/ROS2_MiniProject/ros2_ws/install/my_robot_interfaces/share/my_robot_interfaces/environment/pythonpath.sh
[2.467s] -- Installing: /home/poom/Desktop/ROS2_MiniProject/ros2_ws/install/my_robot_interfaces/share/my_robot_interfaces/environment/pythonpath.dsv
[2.467s] -- Installing: /home/poom/Desktop/ROS2_MiniProject/ros2_ws/install/my_robot_interfaces/local/lib/python3.10/dist-packages/my_robot_interfaces-0.0.0-py3.10.egg-info
[2.467s] -- Installing: /home/poom/Desktop/ROS2_MiniProject/ros2_ws/install/my_robot_interfaces/local/lib/python3.10/dist-packages/my_robot_interfaces-0.0.0-py3.10.egg-info/top_level.txt
[2.468s] -- Installing: /home/poom/Desktop/ROS2_MiniProject/ros2_ws/install/my_robot_interfaces/local/lib/python3.10/dist-packages/my_robot_interfaces-0.0.0-py3.10.egg-info/dependency_links.txt
[2.468s] -- Installing: /home/poom/Desktop/ROS2_MiniProject/ros2_ws/install/my_robot_interfaces/local/lib/python3.10/dist-packages/my_robot_interfaces-0.0.0-py3.10.egg-info/SOURCES.txt
[2.468s] -- Installing: /home/poom/Desktop/ROS2_MiniProject/ros2_ws/install/my_robot_interfaces/local/lib/python3.10/dist-packages/my_robot_interfaces-0.0.0-py3.10.egg-info/PKG-INFO
[2.468s] -- Installing: /home/poom/Desktop/ROS2_MiniProject/ros2_ws/install/my_robot_interfaces/local/lib/python3.10/dist-packages/my_robot_interfaces
[2.468s] -- Installing: /home/poom/Desktop/ROS2_MiniProject/ros2_ws/install/my_robot_interfaces/local/lib/python3.10/dist-packages/my_robot_interfaces/my_robot_interfaces_s__rosidl_typesupport_c.cpython-310-x86_64-linux-gnu.so
[2.468s] -- Installing: /home/poom/Desktop/ROS2_MiniProject/ros2_ws/install/my_robot_interfaces/local/lib/python3.10/dist-packages/my_robot_interfaces/_my_robot_interfaces_s.ep.rosidl_typesupport_fastrtps_c.c
[2.468s] -- Installing: /home/poom/Desktop/ROS2_MiniProject/ros2_ws/install/my_robot_interfaces/local/lib/python3.10/dist-packages/my_robot_interfaces/my_robot_interfaces_s__rosidl_typesupport_fastrtps_c.cpython-310-x86_64-linux-gnu.so
[2.468s] -- Installing: /home/poom/Desktop/ROS2_MiniProject/ros2_ws/install/my_robot_interfaces/local/lib/python3.10/dist-packages/my_robot_interfaces/my_robot_interfaces_s__rosidl_typesupport_introspection_c.cpython-310-x86_64-linux-gnu.so
[2.468s] -- Installing: /home/poom/Desktop/ROS2_MiniProject/ros2_ws/install/my_robot_interfaces/local/lib/python3.10/dist-packages/my_robot_interfaces/__init__.py
[2.468s] -- Installing: /home/poom/Desktop/ROS2_MiniProject/ros2_ws/install/my_robot_interfaces/local/lib/python3.10/dist-packages/my_robot_interfaces/msg
[2.468s] -- Installing: /home/poom/Desktop/ROS2_MiniProject/ros2_ws/install/my_robot_interfaces/local/lib/python3.10/dist-packages/my_robot_interfaces/msg/_hardware_status_s.c
[2.468s] -- Installing: /home/poom/Desktop/ROS2_MiniProject/ros2_ws/install/my_robot_interfaces/local/lib/python3.10/dist-packages/my_robot_interfaces/msg/_hardware_status.py
[2.468s] -- Installing: /home/poom/Desktop/ROS2_MiniProject/ros2_ws/install/my_robot_interfaces/local/lib/python3.10/dist-packages/my_robot_interfaces/msg/__init__.py
[2.468s] -- Installing: /home/poom/Desktop/ROS2_MiniProject/ros2_ws/install/my_robot_interfaces/local/lib/python3.10/dist-packages/my_robot_interfaces/libmy_robot_interfaces__rosidl_generator_py.so
[2.468s] -- Installing: /home/poom/Desktop/ROS2_MiniProject/ros2_ws/install/my_robot_interfaces/local/lib/python3.10/dist-packages/my_robot_interfaces/_my_robot_interfaces_s.ep.rosidl_typesupport_c.c
[2.468s] -- Installing: /home/poom/Desktop/ROS2_MiniProject/ros2_ws/install/my_robot_interfaces/local/lib/python3.10/dist-packages/my_robot_interfaces/_my_robot_interfaces_s.ep.rosidl_typesupport_introspection_c.c
[2.486s] Listing '/home/poom/Desktop/ROS2_MiniProject/ros2_ws/install/my_robot_interfaces/local/lib/python3.10/dist-packages/my_robot_interfaces'...
[2.486s] Compiling '/home/poom/Desktop/ROS2_MiniProject/ros2_ws/install/my_robot_interfaces/local/lib/python3.10/dist-packages/my_robot_interfaces/__init__.py'...
[2.486s] Listing '/home/poom/Desktop/ROS2_MiniProject/ros2_ws/install/my_robot_interfaces/local/lib/python3.10/dist-packages/my_robot_interfaces/msg'...
[2.486s] Compiling '/home/poom/Desktop/ROS2_MiniProject/ros2_ws/install/my_robot_interfaces/local/lib/python3.10/dist-packages/my_robot_interfaces/msg/__init__.py'...
[2.486s] Compiling '/home/poom/Desktop/ROS2_MiniProject/ros2_ws/install/my_robot_interfaces/local/lib/python3.10/dist-packages/my_robot_interfaces/msg/_hardware_status.py'...
[2.488s] -- Installing: /home/poom/Desktop/ROS2_MiniProject/ros2_ws/install/my_robot_interfaces/local/lib/python3.10/dist-packages/my_robot_interfaces/my_robot_interfaces_s__rosidl_typesupport_fastrtps_c.cpython-310-x86_64-linux-gnu.so
[2.488s] -- Set runtime path of "/home/poom/Desktop/ROS2_MiniProject/ros2_ws/install/my_robot_interfaces/local/lib/python3.10/dist-packages/my_robot_interfaces/my_robot_interfaces_s__rosidl_typesupport_fastrtps_c.cpython-310-x86_64-linux-gnu.so" to ""
[2.488s] -- Installing: /home/poom/Desktop/ROS2_MiniProject/ros2_ws/install/my_robot_interfaces/local/lib/python3.10/dist-packages/my_robot_interfaces/my_robot_interfaces_s__rosidl_typesupport_introspection_c.cpython-310-x86_64-linux-gnu.so
[2.488s] -- Set runtime path of "/home/poom/Desktop/ROS2_MiniProject/ros2_ws/install/my_robot_interfaces/local/lib/python3.10/dist-packages/my_robot_interfaces/my_robot_interfaces_s__rosidl_typesupport_introspection_c.cpython-310-x86_64-linux-gnu.so" to ""
[2.488s] -- Installing: /home/poom/Desktop/ROS2_MiniProject/ros2_ws/install/my_robot_interfaces/local/lib/python3.10/dist-packages/my_robot_interfaces/my_robot_interfaces_s__rosidl_typesupport_c.cpython-310-x86_64-linux-gnu.so
[2.488s] -- Set runtime path of "/home/poom/Desktop/ROS2_MiniProject/ros2_ws/install/my_robot_interfaces/local/lib/python3.10/dist-packages/my_robot_interfaces/my_robot_interfaces_s__rosidl_typesupport_c.cpython-310-x86_64-linux-gnu.so" to ""
[2.488s] -- Installing: /home/poom/Desktop/ROS2_MiniProject/ros2_ws/install/my_robot_interfaces/lib/libmy_robot_interfaces__rosidl_generator_py.so
[2.489s] -- Set runtime path of "/home/poom/Desktop/ROS2_MiniProject/ros2_ws/install/my_robot_interfaces/lib/libmy_robot_interfaces__rosidl_generator_py.so" to ""
[2.489s] -- Installing: /home/poom/Desktop/ROS2_MiniProject/ros2_ws/install/my_robot_interfaces/share/my_robot_interfaces/msg/HardwareStatus.idl
[2.489s] -- Installing: /home/poom/Desktop/ROS2_MiniProject/ros2_ws/install/my_robot_interfaces/share/my_robot_interfaces/msg/HardwareStatus.msg
[2.489s] -- Installing: /home/poom/Desktop/ROS2_MiniProject/ros2_ws/install/my_robot_interfaces/share/ament_index/resource_index/package_run_dependencies/my_robot_interfaces
[2.489s] -- Up-to-date: /home/poom/Desktop/ROS2_MiniProject/ros2_ws/install/my_robot_interfaces/share/ament_index/resource_index/parent_prefix_path/my_robot_interfaces
[2.489s] -- Up-to-date: /home/poom/Desktop/ROS2_MiniProject/ros2_ws/install/my_robot_interfaces/share/my_robot_interfaces/environment/ament_prefix_path.sh
[2.489s] -- Installing: /home/poom/Desktop/ROS2_MiniProject/ros2_ws/install/my_robot_interfaces/share/my_robot_interfaces/environment/ament_prefix_path.dsv
[2.489s] -- Up-to-date: /home/poom/Desktop/ROS2_MiniProject/ros2_ws/install/my_robot_interfaces/share/my_robot_interfaces/environment/path.sh
[2.489s] -- Installing: /home/poom/Desktop/ROS2_MiniProject/ros2_ws/install/my_robot_interfaces/share/my_robot_interfaces/environment/path.dsv
[2.489s] -- Up-to-date: /home/poom/Desktop/ROS2_MiniProject/ros2_ws/install/my_robot_interfaces/share/my_robot_interfaces/local_setup.bash
[2.489s] -- Installing: /home/poom/Desktop/ROS2_MiniProject/ros2_ws/install/my_robot_interfaces/share/my_robot_interfaces/local_setup.sh
[2.489s] -- Up-to-date: /home/poom/Desktop/ROS2_MiniProject/ros2_ws/install/my_robot_interfaces/share/my_robot_interfaces/local_setup.zsh
[2.489s] -- Installing: /home/poom/Desktop/ROS2_MiniProject/ros2_ws/install/my_robot_interfaces/share/my_robot_interfaces/local_setup.dsv
[2.489s] -- Installing: /home/poom/Desktop/ROS2_MiniProject/ros2_ws/install/my_robot_interfaces/share/my_robot_interfaces/package.dsv
[2.489s] -- Up-to-date: /home/poom/Desktop/ROS2_MiniProject/ros2_ws/install/my_robot_interfaces/share/ament_index/resource_index/packages/my_robot_interfaces
[2.489s] -- Installing: /home/poom/Desktop/ROS2_MiniProject/ros2_ws/install/my_robot_interfaces/share/my_robot_interfaces/cmake/export_my_robot_interfaces__rosidl_generator_cExport.cmake
[2.489s] -- Installing: /home/poom/Desktop/ROS2_MiniProject/ros2_ws/install/my_robot_interfaces/share/my_robot_interfaces/cmake/export_my_robot_interfaces__rosidl_generator_cExport-noconfig.cmake
[2.489s] -- Installing: /home/poom/Desktop/ROS2_MiniProject/ros2_ws/install/my_robot_interfaces/share/my_robot_interfaces/cmake/export_my_robot_interfaces__rosidl_typesupport_fastrtps_cExport.cmake
[2.489s] -- Installing: /home/poom/Desktop/ROS2_MiniProject/ros2_ws/install/my_robot_interfaces/share/my_robot_interfaces/cmake/export_my_robot_interfaces__rosidl_typesupport_fastrtps_cExport-noconfig.cmake
[2.489s] -- Installing: /home/poom/Desktop/ROS2_MiniProject/ros2_ws/install/my_robot_interfaces/share/my_robot_interfaces/cmake/my_robot_interfaces__rosidl_typesupport_introspection_cExport.cmake
[2.489s] -- Installing: /home/poom/Desktop/ROS2_MiniProject/ros2_ws/install/my_robot_interfaces/share/my_robot_interfaces/cmake/my_robot_interfaces__rosidl_typesupport_introspection_cExport-noconfig.cmake
[2.489s] -- Installing: /home/poom/Desktop/ROS2_MiniProject/ros2_ws/install/my_robot_interfaces/share/my_robot_interfaces/cmake/my_robot_interfaces__rosidl_typesupport_cExport.cmake
[2.490s] -- Installing: /home/poom/Desktop/ROS2_MiniProject/ros2_ws/install/my_robot_interfaces/share/my_robot_interfaces/cmake/my_robot_interfaces__rosidl_typesupport_cExport-noconfig.cmake
[2.490s] -- Installing: /home/poom/Desktop/ROS2_MiniProject/ros2_ws/install/my_robot_interfaces/share/my_robot_interfaces/cmake/export_my_robot_interfaces__rosidl_generator_cppExport.cmake
[2.490s] -- Installing: /home/poom/Desktop/ROS2_MiniProject/ros2_ws/install/my_robot_interfaces/share/my_robot_interfaces/cmake/export_my_robot_interfaces__rosidl_typesupport_fastrtps_cppExport.cmake
[2.490s] -- Installing: /home/poom/Desktop/ROS2_MiniProject/ros2_ws/install/my_robot_interfaces/share/my_robot_interfaces/cmake/export_my_robot_interfaces__rosidl_typesupport_fastrtps_cppExport-noconfig.cmake
[2.490s] -- Installing: /home/poom/Desktop/ROS2_MiniProject/ros2_ws/install/my_robot_interfaces/share/my_robot_interfaces/cmake/my_robot_interfaces__rosidl_typesupport_introspection_cppExport.cmake
[2.490s] -- Installing: /home/poom/Desktop/ROS2_MiniProject/ros2_ws/install/my_robot_interfaces/share/my_robot_interfaces/cmake/my_robot_interfaces__rosidl_typesupport_introspection_cppExport-noconfig.cmake
[2.490s] -- Installing: /home/poom/Desktop/ROS2_MiniProject/ros2_ws/install/my_robot_interfaces/share/my_robot_interfaces/cmake/my_robot_interfaces__rosidl_typesupport_cppExport.cmake
[2.490s] -- Installing: /home/poom/Desktop/ROS2_MiniProject/ros2_ws/install/my_robot_interfaces/share/my_robot_interfaces/cmake/my_robot_interfaces__rosidl_typesupport_cppExport-noconfig.cmake
[2.490s] -- Installing: /home/poom/Desktop/ROS2_MiniProject/ros2_ws/install/my_robot_interfaces/share/my_robot_interfaces/cmake/export_my_robot_interfaces__rosidl_generator_pyExport.cmake
[2.490s] -- Installing: /home/poom/Desktop/ROS2_MiniProject/ros2_ws/install/my_robot_interfaces/share/my_robot_interfaces/cmake/export_my_robot_interfaces__rosidl_generator_pyExport-noconfig.cmake
[2.490s] -- Installing: /home/poom/Desktop/ROS2_MiniProject/ros2_ws/install/my_robot_interfaces/share/my_robot_interfaces/cmake/rosidl_cmake-extras.cmake
[2.490s] -- Installing: /home/poom/Desktop/ROS2_MiniProject/ros2_ws/install/my_robot_interfaces/share/my_robot_interfaces/cmake/ament_cmake_export_include_directories-extras.cmake
[2.490s] -- Installing: /home/poom/Desktop/ROS2_MiniProject/ros2_ws/install/my_robot_interfaces/share/my_robot_interfaces/cmake/ament_cmake_export_libraries-extras.cmake
[2.490s] -- Installing: /home/poom/Desktop/ROS2_MiniProject/ros2_ws/install/my_robot_interfaces/share/my_robot_interfaces/cmake/ament_cmake_export_targets-extras.cmake
[2.491s] -- Installing: /home/poom/Desktop/ROS2_MiniProject/ros2_ws/install/my_robot_interfaces/share/my_robot_interfaces/cmake/rosidl_cmake_export_typesupport_targets-extras.cmake
[2.491s] -- Installing: /home/poom/Desktop/ROS2_MiniProject/ros2_ws/install/my_robot_interfaces/share/my_robot_interfaces/cmake/ament_cmake_export_dependencies-extras.cmake
[2.491s] -- Installing: /home/poom/Desktop/ROS2_MiniProject/ros2_ws/install/my_robot_interfaces/share/my_robot_interfaces/cmake/rosidl_cmake_export_typesupport_libraries-extras.cmake
[2.491s] -- Installing: /home/poom/Desktop/ROS2_MiniProject/ros2_ws/install/my_robot_interfaces/share/my_robot_interfaces/cmake/my_robot_interfacesConfig.cmake
[2.491s] -- Up-to-date: /home/poom/Desktop/ROS2_MiniProject/ros2_ws/install/my_robot_interfaces/share/my_robot_interfaces/cmake/my_robot_interfacesConfig-version.cmake
[2.491s] -- Installing: /home/poom/Desktop/ROS2_MiniProject/ros2_ws/install/my_robot_interfaces/share/my_robot_interfaces/package.xml
[2.492s] Invoked command in '/home/poom/Desktop/ROS2_MiniProject/ros2_ws/build/my_robot_interfaces' returned '0': CMAKE_PREFIX_PATH=${CMAKE_PREFIX_PATH}:/home/poom/Desktop/ROS2_MiniProject/ros2_ws/install/my_py_pkg:/home/poom/ros2_ws/install/my_py_pkg:/opt/ros/humble /usr/bin/cmake --install /home/poom/Desktop/ROS2_MiniProject/ros2_ws/build/my_robot_interfaces
