[0.005s] Invoking command in '/home/poom/Desktop/ROS2_MiniProject/ros2_ws/build/my_robot_interfaces': CMAKE_PREFIX_PATH=${CMAKE_PREFIX_PATH}:/home/poom/Desktop/ROS2_MiniProject/ros2_ws/install/my_py_pkg:/home/poom/ros2_ws/install/my_py_pkg:/opt/ros/humble /usr/bin/cmake --build /home/poom/Desktop/ROS2_MiniProject/ros2_ws/build/my_robot_interfaces -- -j16 -l16
[0.022s] -- Found ament_cmake: 1.3.10 (/opt/ros/humble/share/ament_cmake/cmake)
[0.087s] -- Found rosidl_default_generators: 1.2.0 (/opt/ros/humble/share/rosidl_default_generators/cmake)
[0.087s] -- Using all available rosidl_typesupport_c: rosidl_typesupport_fastrtps_c;rosidl_typesupport_introspection_c
[0.090s] -- Found rosidl_adapter: 3.1.5 (/opt/ros/humble/share/rosidl_adapter/cmake)
[0.103s] -- Using all available rosidl_typesupport_cpp: rosidl_typesupport_fastrtps_cpp;rosidl_typesupport_introspection_cpp
[0.274s] -- Found ament_cmake_ros: 0.10.0 (/opt/ros/humble/share/ament_cmake_ros/cmake)
[0.380s] -- Using all available rosidl_typesupport_c: rosidl_typesupport_fastrtps_c;rosidl_typesupport_introspection_c
[0.507s] -- Using all available rosidl_typesupport_cpp: rosidl_typesupport_fastrtps_cpp;rosidl_typesupport_introspection_cpp
[0.520s] -- Found python_cmake_module: 0.10.0 (/opt/ros/humble/share/python_cmake_module/cmake)
[0.532s] -- Using PYTHON_EXECUTABLE: /usr/bin/python3
[0.532s] -- Using PYTHON_INCLUDE_DIRS: /usr/include/python3.10
[0.532s] -- Using PYTHON_LIBRARIES: /usr/lib/x86_64-linux-gnu/libpython3.10.so
[0.542s] -- Configuring done
[0.565s] -- Generating done
[0.567s] -- Build files have been written to: /home/poom/Desktop/ROS2_MiniProject/ros2_ws/build/my_robot_interfaces
[0.582s] [  1%] [34m[1mGenerating C code for ROS interfaces[0m
[0.587s] [  2%] [34m[1mGenerating C++ code for ROS interfaces[0m
[0.594s] [  2%] Built target ament_cmake_python_copy_my_robot_interfaces
[0.732s] running egg_info
[0.732s] writing my_robot_interfaces.egg-info/PKG-INFO
[0.732s] writing dependency_links to my_robot_interfaces.egg-info/dependency_links.txt
[0.732s] writing top-level names to my_robot_interfaces.egg-info/top_level.txt
[0.733s] reading manifest file 'my_robot_interfaces.egg-info/SOURCES.txt'
[0.733s] writing manifest file 'my_robot_interfaces.egg-info/SOURCES.txt'
[0.750s] [  2%] Built target ament_cmake_python_build_my_robot_interfaces_egg
[0.873s] [  2%] Built target my_robot_interfaces__cpp
[0.881s] [  4%] [34m[1mGenerating C++ type support dispatch for ROS interfaces[0m
[0.881s] [  5%] [34m[1mGenerating C++ introspection for ROS interfaces[0m
[0.881s] [  7%] [34m[1mGenerating C++ type support for eProsima Fast-RTPS[0m
[0.901s] [35m[1mConsolidate compiler generated dependencies of target my_robot_interfaces__rosidl_generator_c[0m
[0.913s] [  8%] [32mBuilding C object CMakeFiles/my_robot_interfaces__rosidl_generator_c.dir/rosidl_generator_c/my_robot_interfaces/srv/detail/compute_rectangle_area__functions.c.o[0m
[0.913s] [  9%] [32mBuilding C object CMakeFiles/my_robot_interfaces__rosidl_generator_c.dir/rosidl_generator_c/my_robot_interfaces/msg/detail/hardware_status__functions.c.o[0m
[0.913s] [ 11%] [32mBuilding C object CMakeFiles/my_robot_interfaces__rosidl_generator_c.dir/rosidl_generator_c/my_robot_interfaces/msg/detail/led_status__functions.c.o[0m
[0.914s] [ 12%] [32mBuilding C object CMakeFiles/my_robot_interfaces__rosidl_generator_c.dir/rosidl_generator_c/my_robot_interfaces/srv/detail/set_led__functions.c.o[0m
[0.914s] [ 14%] [32mBuilding C object CMakeFiles/my_robot_interfaces__rosidl_generator_c.dir/rosidl_generator_c/my_robot_interfaces/msg/detail/led_state_array__functions.c.o[0m
[0.915s] [ 15%] [32mBuilding C object CMakeFiles/my_robot_interfaces__rosidl_generator_c.dir/rosidl_generator_c/my_robot_interfaces/srv/detail/set_led_original__functions.c.o[0m
[0.956s] [ 16%] [32m[1mLinking C shared library libmy_robot_interfaces__rosidl_generator_c.so[0m
[0.981s] [ 16%] Built target my_robot_interfaces__rosidl_generator_c
[0.987s] [ 19%] [34m[1mGenerating C type support for eProsima Fast-RTPS[0m
[0.987s] [ 19%] [34m[1mGenerating C introspection for ROS interfaces[0m
[0.987s] [ 21%] [34m[1mGenerating C type support dispatch for ROS interfaces[0m
[1.112s] [35m[1mConsolidate compiler generated dependencies of target my_robot_interfaces__rosidl_typesupport_cpp[0m
[1.120s] [ 22%] [32mBuilding CXX object CMakeFiles/my_robot_interfaces__rosidl_typesupport_cpp.dir/rosidl_typesupport_cpp/my_robot_interfaces/msg/hardware_status__type_support.cpp.o[0m
[1.121s] [ 23%] [32mBuilding CXX object CMakeFiles/my_robot_interfaces__rosidl_typesupport_cpp.dir/rosidl_typesupport_cpp/my_robot_interfaces/msg/led_status__type_support.cpp.o[0m
[1.121s] [ 25%] [32mBuilding CXX object CMakeFiles/my_robot_interfaces__rosidl_typesupport_cpp.dir/rosidl_typesupport_cpp/my_robot_interfaces/srv/compute_rectangle_area__type_support.cpp.o[0m
[1.122s] [ 26%] [32mBuilding CXX object CMakeFiles/my_robot_interfaces__rosidl_typesupport_cpp.dir/rosidl_typesupport_cpp/my_robot_interfaces/msg/led_state_array__type_support.cpp.o[0m
[1.123s] [ 28%] [32mBuilding CXX object CMakeFiles/my_robot_interfaces__rosidl_typesupport_cpp.dir/rosidl_typesupport_cpp/my_robot_interfaces/srv/set_led__type_support.cpp.o[0m
[1.124s] [ 29%] [32mBuilding CXX object CMakeFiles/my_robot_interfaces__rosidl_typesupport_cpp.dir/rosidl_typesupport_cpp/my_robot_interfaces/srv/set_led_original__type_support.cpp.o[0m
[1.178s] [35m[1mConsolidate compiler generated dependencies of target my_robot_interfaces__rosidl_typesupport_introspection_cpp[0m
[1.198s] [ 33%] [32mBuilding CXX object CMakeFiles/my_robot_interfaces__rosidl_typesupport_introspection_cpp.dir/rosidl_typesupport_introspection_cpp/my_robot_interfaces/msg/detail/led_status__type_support.cpp.o[0m
[1.198s] [ 33%] [32mBuilding CXX object CMakeFiles/my_robot_interfaces__rosidl_typesupport_introspection_cpp.dir/rosidl_typesupport_introspection_cpp/my_robot_interfaces/msg/detail/led_state_array__type_support.cpp.o[0m
[1.198s] [ 33%] [32mBuilding CXX object CMakeFiles/my_robot_interfaces__rosidl_typesupport_introspection_cpp.dir/rosidl_typesupport_introspection_cpp/my_robot_interfaces/srv/detail/compute_rectangle_area__type_support.cpp.o[0m
[1.198s] [ 36%] [32mBuilding CXX object CMakeFiles/my_robot_interfaces__rosidl_typesupport_introspection_cpp.dir/rosidl_typesupport_introspection_cpp/my_robot_interfaces/srv/detail/set_led_original__type_support.cpp.o[0m
[1.199s] [ 36%] [32mBuilding CXX object CMakeFiles/my_robot_interfaces__rosidl_typesupport_introspection_cpp.dir/rosidl_typesupport_introspection_cpp/my_robot_interfaces/msg/detail/hardware_status__type_support.cpp.o[0m
[1.199s] [ 38%] [32mBuilding CXX object CMakeFiles/my_robot_interfaces__rosidl_typesupport_introspection_cpp.dir/rosidl_typesupport_introspection_cpp/my_robot_interfaces/srv/detail/set_led__type_support.cpp.o[0m
[1.267s] [35m[1mConsolidate compiler generated dependencies of target my_robot_interfaces__rosidl_typesupport_c[0m
[1.280s] [ 39%] [32mBuilding CXX object CMakeFiles/my_robot_interfaces__rosidl_typesupport_c.dir/rosidl_typesupport_c/my_robot_interfaces/msg/hardware_status__type_support.cpp.o[0m
[1.309s] [ 40%] [32mBuilding CXX object CMakeFiles/my_robot_interfaces__rosidl_typesupport_c.dir/rosidl_typesupport_c/my_robot_interfaces/srv/compute_rectangle_area__type_support.cpp.o[0m
[1.315s] [35m[1mConsolidate compiler generated dependencies of target my_robot_interfaces__rosidl_typesupport_fastrtps_cpp[0m
[1.329s] [ 42%] [32mBuilding CXX object CMakeFiles/my_robot_interfaces__rosidl_typesupport_fastrtps_cpp.dir/rosidl_typesupport_fastrtps_cpp/my_robot_interfaces/msg/detail/dds_fastrtps/hardware_status__type_support.cpp.o[0m
[1.341s] [ 43%] [32mBuilding CXX object CMakeFiles/my_robot_interfaces__rosidl_typesupport_c.dir/rosidl_typesupport_c/my_robot_interfaces/msg/led_status__type_support.cpp.o[0m
[1.359s] [ 45%] [32mBuilding CXX object CMakeFiles/my_robot_interfaces__rosidl_typesupport_c.dir/rosidl_typesupport_c/my_robot_interfaces/srv/set_led__type_support.cpp.o[0m
[1.361s] [ 46%] [32mBuilding CXX object CMakeFiles/my_robot_interfaces__rosidl_typesupport_c.dir/rosidl_typesupport_c/my_robot_interfaces/msg/led_state_array__type_support.cpp.o[0m
[1.376s] [ 47%] [32mBuilding CXX object CMakeFiles/my_robot_interfaces__rosidl_typesupport_c.dir/rosidl_typesupport_c/my_robot_interfaces/srv/set_led_original__type_support.cpp.o[0m
[1.380s] [ 49%] [32mBuilding CXX object CMakeFiles/my_robot_interfaces__rosidl_typesupport_fastrtps_cpp.dir/rosidl_typesupport_fastrtps_cpp/my_robot_interfaces/srv/detail/dds_fastrtps/compute_rectangle_area__type_support.cpp.o[0m
[1.386s] [ 50%] [32mBuilding CXX object CMakeFiles/my_robot_interfaces__rosidl_typesupport_fastrtps_cpp.dir/rosidl_typesupport_fastrtps_cpp/my_robot_interfaces/msg/detail/dds_fastrtps/led_status__type_support.cpp.o[0m
[1.388s] [35m[1mConsolidate compiler generated dependencies of target my_robot_interfaces__rosidl_typesupport_fastrtps_c[0m
[1.388s] [ 52%] [32mBuilding CXX object CMakeFiles/my_robot_interfaces__rosidl_typesupport_fastrtps_cpp.dir/rosidl_typesupport_fastrtps_cpp/my_robot_interfaces/srv/detail/dds_fastrtps/set_led__type_support.cpp.o[0m
[1.397s] [35m[1mConsolidate compiler generated dependencies of target my_robot_interfaces__rosidl_typesupport_introspection_c[0m
[1.401s] [ 53%] [32mBuilding CXX object CMakeFiles/my_robot_interfaces__rosidl_typesupport_fastrtps_cpp.dir/rosidl_typesupport_fastrtps_cpp/my_robot_interfaces/msg/detail/dds_fastrtps/led_state_array__type_support.cpp.o[0m
[1.403s] [ 54%] [32mBuilding CXX object CMakeFiles/my_robot_interfaces__rosidl_typesupport_fastrtps_cpp.dir/rosidl_typesupport_fastrtps_cpp/my_robot_interfaces/srv/detail/dds_fastrtps/set_led_original__type_support.cpp.o[0m
[1.408s] [ 56%] [32mBuilding C object CMakeFiles/my_robot_interfaces__rosidl_typesupport_introspection_c.dir/rosidl_typesupport_introspection_c/my_robot_interfaces/msg/detail/hardware_status__type_support.c.o[0m
[1.410s] [ 57%] [32mBuilding CXX object CMakeFiles/my_robot_interfaces__rosidl_typesupport_fastrtps_c.dir/rosidl_typesupport_fastrtps_c/my_robot_interfaces/msg/detail/hardware_status__type_support_c.cpp.o[0m
[1.410s] [ 59%] [32m[1mLinking CXX shared library libmy_robot_interfaces__rosidl_typesupport_c.so[0m
[1.444s] [ 60%] [32mBuilding C object CMakeFiles/my_robot_interfaces__rosidl_typesupport_introspection_c.dir/rosidl_typesupport_introspection_c/my_robot_interfaces/srv/detail/compute_rectangle_area__type_support.c.o[0m
[1.451s] [ 61%] [32m[1mLinking CXX shared library libmy_robot_interfaces__rosidl_typesupport_cpp.so[0m
[1.463s] [ 61%] Built target my_robot_interfaces__rosidl_typesupport_c
[1.471s] [ 63%] [32mBuilding C object CMakeFiles/my_robot_interfaces__rosidl_typesupport_introspection_c.dir/rosidl_typesupport_introspection_c/my_robot_interfaces/msg/detail/led_status__type_support.c.o[0m
[1.482s] [ 64%] [32mBuilding CXX object CMakeFiles/my_robot_interfaces__rosidl_typesupport_fastrtps_c.dir/rosidl_typesupport_fastrtps_c/my_robot_interfaces/srv/detail/compute_rectangle_area__type_support_c.cpp.o[0m
[1.489s] [ 64%] Built target my_robot_interfaces__rosidl_typesupport_cpp
[1.495s] [ 66%] [32mBuilding C object CMakeFiles/my_robot_interfaces__rosidl_typesupport_introspection_c.dir/rosidl_typesupport_introspection_c/my_robot_interfaces/srv/detail/set_led__type_support.c.o[0m
[1.505s] [ 67%] [32mBuilding CXX object CMakeFiles/my_robot_interfaces__rosidl_typesupport_fastrtps_c.dir/rosidl_typesupport_fastrtps_c/my_robot_interfaces/msg/detail/led_status__type_support_c.cpp.o[0m
[1.525s] [ 69%] [32mBuilding C object CMakeFiles/my_robot_interfaces__rosidl_typesupport_introspection_c.dir/rosidl_typesupport_introspection_c/my_robot_interfaces/msg/detail/led_state_array__type_support.c.o[0m
[1.544s] [ 70%] [32mBuilding C object CMakeFiles/my_robot_interfaces__rosidl_typesupport_introspection_c.dir/rosidl_typesupport_introspection_c/my_robot_interfaces/srv/detail/set_led_original__type_support.c.o[0m
[1.551s] [ 71%] [32mBuilding CXX object CMakeFiles/my_robot_interfaces__rosidl_typesupport_fastrtps_c.dir/rosidl_typesupport_fastrtps_c/my_robot_interfaces/msg/detail/led_state_array__type_support_c.cpp.o[0m
[1.555s] [ 73%] [32mBuilding CXX object CMakeFiles/my_robot_interfaces__rosidl_typesupport_fastrtps_c.dir/rosidl_typesupport_fastrtps_c/my_robot_interfaces/srv/detail/set_led__type_support_c.cpp.o[0m
[1.558s] [ 74%] [32mBuilding CXX object CMakeFiles/my_robot_interfaces__rosidl_typesupport_fastrtps_c.dir/rosidl_typesupport_fastrtps_c/my_robot_interfaces/srv/detail/set_led_original__type_support_c.cpp.o[0m
[1.575s] [ 76%] [32m[1mLinking C shared library libmy_robot_interfaces__rosidl_typesupport_introspection_c.so[0m
[1.582s] [ 77%] [32m[1mLinking CXX shared library libmy_robot_interfaces__rosidl_typesupport_introspection_cpp.so[0m
[1.603s] [ 77%] Built target my_robot_interfaces__rosidl_typesupport_introspection_c
[1.645s] [ 77%] Built target my_robot_interfaces__rosidl_typesupport_introspection_cpp
[1.759s] [ 78%] [32m[1mLinking CXX shared library libmy_robot_interfaces__rosidl_typesupport_fastrtps_cpp.so[0m
[1.799s] [ 80%] [32m[1mLinking CXX shared library libmy_robot_interfaces__rosidl_typesupport_fastrtps_c.so[0m
[1.807s] [ 80%] Built target my_robot_interfaces__rosidl_typesupport_fastrtps_cpp
[1.842s] [ 80%] Built target my_robot_interfaces__rosidl_typesupport_fastrtps_c
[1.852s] [ 80%] Built target my_robot_interfaces
[1.864s] [ 81%] [34m[1mGenerating Python code for ROS interfaces[0m
[2.271s] [ 81%] Built target my_robot_interfaces__py
[2.277s] [35m[1mConsolidate compiler generated dependencies of target my_robot_interfaces__rosidl_generator_py[0m
[2.286s] [ 83%] [32mBuilding C object CMakeFiles/my_robot_interfaces__rosidl_generator_py.dir/rosidl_generator_py/my_robot_interfaces/srv/_compute_rectangle_area_s.c.o[0m
[2.286s] [ 84%] [32mBuilding C object CMakeFiles/my_robot_interfaces__rosidl_generator_py.dir/rosidl_generator_py/my_robot_interfaces/msg/_hardware_status_s.c.o[0m
[2.286s] [ 87%] [32mBuilding C object CMakeFiles/my_robot_interfaces__rosidl_generator_py.dir/rosidl_generator_py/my_robot_interfaces/srv/_set_led_s.c.o[0m
[2.286s] [ 87%] [32mBuilding C object CMakeFiles/my_robot_interfaces__rosidl_generator_py.dir/rosidl_generator_py/my_robot_interfaces/msg/_led_status_s.c.o[0m
[2.286s] [ 90%] [32mBuilding C object CMakeFiles/my_robot_interfaces__rosidl_generator_py.dir/rosidl_generator_py/my_robot_interfaces/msg/_led_state_array_s.c.o[0m
[2.286s] [ 90%] [32mBuilding C object CMakeFiles/my_robot_interfaces__rosidl_generator_py.dir/rosidl_generator_py/my_robot_interfaces/srv/_set_led_original_s.c.o[0m
[2.354s] [ 91%] [32m[1mLinking C shared library rosidl_generator_py/my_robot_interfaces/libmy_robot_interfaces__rosidl_generator_py.so[0m
[2.377s] [ 91%] Built target my_robot_interfaces__rosidl_generator_py
[2.383s] [35m[1mConsolidate compiler generated dependencies of target my_robot_interfaces__rosidl_typesupport_introspection_c__pyext[0m
[2.383s] [35m[1mConsolidate compiler generated dependencies of target my_robot_interfaces__rosidl_typesupport_c__pyext[0m
[2.384s] [35m[1mConsolidate compiler generated dependencies of target my_robot_interfaces__rosidl_typesupport_fastrtps_c__pyext[0m
[2.390s] [ 94%] [32mBuilding C object CMakeFiles/my_robot_interfaces__rosidl_typesupport_fastrtps_c__pyext.dir/rosidl_generator_py/my_robot_interfaces/_my_robot_interfaces_s.ep.rosidl_typesupport_fastrtps_c.c.o[0m
[2.391s] [ 94%] [32mBuilding C object CMakeFiles/my_robot_interfaces__rosidl_typesupport_c__pyext.dir/rosidl_generator_py/my_robot_interfaces/_my_robot_interfaces_s.ep.rosidl_typesupport_c.c.o[0m
[2.391s] [ 95%] [32mBuilding C object CMakeFiles/my_robot_interfaces__rosidl_typesupport_introspection_c__pyext.dir/rosidl_generator_py/my_robot_interfaces/_my_robot_interfaces_s.ep.rosidl_typesupport_introspection_c.c.o[0m
[2.463s] [ 97%] [32m[1mLinking C shared library rosidl_generator_py/my_robot_interfaces/my_robot_interfaces_s__rosidl_typesupport_introspection_c.cpython-310-x86_64-linux-gnu.so[0m
[2.464s] [ 98%] [32m[1mLinking C shared library rosidl_generator_py/my_robot_interfaces/my_robot_interfaces_s__rosidl_typesupport_c.cpython-310-x86_64-linux-gnu.so[0m
[2.465s] [100%] [32m[1mLinking C shared library rosidl_generator_py/my_robot_interfaces/my_robot_interfaces_s__rosidl_typesupport_fastrtps_c.cpython-310-x86_64-linux-gnu.so[0m
[2.484s] [100%] Built target my_robot_interfaces__rosidl_typesupport_introspection_c__pyext
[2.484s] [100%] Built target my_robot_interfaces__rosidl_typesupport_c__pyext
[2.489s] [100%] Built target my_robot_interfaces__rosidl_typesupport_fastrtps_c__pyext
[2.498s] Invoked command in '/home/poom/Desktop/ROS2_MiniProject/ros2_ws/build/my_robot_interfaces' returned '0': CMAKE_PREFIX_PATH=${CMAKE_PREFIX_PATH}:/home/poom/Desktop/ROS2_MiniProject/ros2_ws/install/my_py_pkg:/home/poom/ros2_ws/install/my_py_pkg:/opt/ros/humble /usr/bin/cmake --build /home/poom/Desktop/ROS2_MiniProject/ros2_ws/build/my_robot_interfaces -- -j16 -l16
[2.603s] Invoking command in '/home/poom/Desktop/ROS2_MiniProject/ros2_ws/build/my_robot_interfaces': CMAKE_PREFIX_PATH=${CMAKE_PREFIX_PATH}:/home/poom/Desktop/ROS2_MiniProject/ros2_ws/install/my_py_pkg:/home/poom/ros2_ws/install/my_py_pkg:/opt/ros/humble /usr/bin/cmake --install /home/poom/Desktop/ROS2_MiniProject/ros2_ws/build/my_robot_interfaces
[2.607s] -- Install configuration: ""
[2.607s] -- Installing: /home/poom/Desktop/ROS2_MiniProject/ros2_ws/install/my_robot_interfaces/share/ament_index/resource_index/rosidl_interfaces/my_robot_interfaces
[2.607s] -- Up-to-date: /home/poom/Desktop/ROS2_MiniProject/ros2_ws/install/my_robot_interfaces/include/my_robot_interfaces/my_robot_interfaces
[2.607s] -- Up-to-date: /home/poom/Desktop/ROS2_MiniProject/ros2_ws/install/my_robot_interfaces/include/my_robot_interfaces/my_robot_interfaces/srv
[2.607s] -- Installing: /home/poom/Desktop/ROS2_MiniProject/ros2_ws/install/my_robot_interfaces/include/my_robot_interfaces/my_robot_interfaces/srv/compute_rectangle_area.h
[2.607s] -- Installing: /home/poom/Desktop/ROS2_MiniProject/ros2_ws/install/my_robot_interfaces/include/my_robot_interfaces/my_robot_interfaces/srv/set_led_original.h
[2.607s] -- Up-to-date: /home/poom/Desktop/ROS2_MiniProject/ros2_ws/install/my_robot_interfaces/include/my_robot_interfaces/my_robot_interfaces/srv/detail
[2.607s] -- Installing: /home/poom/Desktop/ROS2_MiniProject/ros2_ws/install/my_robot_interfaces/include/my_robot_interfaces/my_robot_interfaces/srv/detail/compute_rectangle_area__type_support.h
[2.607s] -- Installing: /home/poom/Desktop/ROS2_MiniProject/ros2_ws/install/my_robot_interfaces/include/my_robot_interfaces/my_robot_interfaces/srv/detail/set_led__struct.h
[2.608s] -- Installing: /home/poom/Desktop/ROS2_MiniProject/ros2_ws/install/my_robot_interfaces/include/my_robot_interfaces/my_robot_interfaces/srv/detail/set_led__functions.c
[2.608s] -- Installing: /home/poom/Desktop/ROS2_MiniProject/ros2_ws/install/my_robot_interfaces/include/my_robot_interfaces/my_robot_interfaces/srv/detail/set_led_original__struct.h
[2.608s] -- Installing: /home/poom/Desktop/ROS2_MiniProject/ros2_ws/install/my_robot_interfaces/include/my_robot_interfaces/my_robot_interfaces/srv/detail/set_led_original__functions.c
[2.608s] -- Installing: /home/poom/Desktop/ROS2_MiniProject/ros2_ws/install/my_robot_interfaces/include/my_robot_interfaces/my_robot_interfaces/srv/detail/set_led__type_support.h
[2.608s] -- Installing: /home/poom/Desktop/ROS2_MiniProject/ros2_ws/install/my_robot_interfaces/include/my_robot_interfaces/my_robot_interfaces/srv/detail/compute_rectangle_area__functions.h
[2.608s] -- Installing: /home/poom/Desktop/ROS2_MiniProject/ros2_ws/install/my_robot_interfaces/include/my_robot_interfaces/my_robot_interfaces/srv/detail/set_led__functions.h
[2.608s] -- Installing: /home/poom/Desktop/ROS2_MiniProject/ros2_ws/install/my_robot_interfaces/include/my_robot_interfaces/my_robot_interfaces/srv/detail/compute_rectangle_area__functions.c
[2.608s] -- Installing: /home/poom/Desktop/ROS2_MiniProject/ros2_ws/install/my_robot_interfaces/include/my_robot_interfaces/my_robot_interfaces/srv/detail/set_led_original__type_support.h
[2.608s] -- Installing: /home/poom/Desktop/ROS2_MiniProject/ros2_ws/install/my_robot_interfaces/include/my_robot_interfaces/my_robot_interfaces/srv/detail/compute_rectangle_area__struct.h
[2.608s] -- Installing: /home/poom/Desktop/ROS2_MiniProject/ros2_ws/install/my_robot_interfaces/include/my_robot_interfaces/my_robot_interfaces/srv/detail/set_led_original__functions.h
[2.608s] -- Installing: /home/poom/Desktop/ROS2_MiniProject/ros2_ws/install/my_robot_interfaces/include/my_robot_interfaces/my_robot_interfaces/srv/set_led.h
[2.608s] -- Up-to-date: /home/poom/Desktop/ROS2_MiniProject/ros2_ws/install/my_robot_interfaces/include/my_robot_interfaces/my_robot_interfaces/msg
[2.608s] -- Installing: /home/poom/Desktop/ROS2_MiniProject/ros2_ws/install/my_robot_interfaces/include/my_robot_interfaces/my_robot_interfaces/msg/led_status.h
[2.609s] -- Up-to-date: /home/poom/Desktop/ROS2_MiniProject/ros2_ws/install/my_robot_interfaces/include/my_robot_interfaces/my_robot_interfaces/msg/detail
[2.609s] -- Installing: /home/poom/Desktop/ROS2_MiniProject/ros2_ws/install/my_robot_interfaces/include/my_robot_interfaces/my_robot_interfaces/msg/detail/led_status__functions.c
[2.609s] -- Installing: /home/poom/Desktop/ROS2_MiniProject/ros2_ws/install/my_robot_interfaces/include/my_robot_interfaces/my_robot_interfaces/msg/detail/hardware_status__functions.h
[2.609s] -- Installing: /home/poom/Desktop/ROS2_MiniProject/ros2_ws/install/my_robot_interfaces/include/my_robot_interfaces/my_robot_interfaces/msg/detail/led_state_array__struct.h
[2.609s] -- Installing: /home/poom/Desktop/ROS2_MiniProject/ros2_ws/install/my_robot_interfaces/include/my_robot_interfaces/my_robot_interfaces/msg/detail/led_status__type_support.h
[2.609s] -- Installing: /home/poom/Desktop/ROS2_MiniProject/ros2_ws/install/my_robot_interfaces/include/my_robot_interfaces/my_robot_interfaces/msg/detail/led_state_array__functions.h
[2.609s] -- Installing: /home/poom/Desktop/ROS2_MiniProject/ros2_ws/install/my_robot_interfaces/include/my_robot_interfaces/my_robot_interfaces/msg/detail/hardware_status__functions.c
[2.609s] -- Installing: /home/poom/Desktop/ROS2_MiniProject/ros2_ws/install/my_robot_interfaces/include/my_robot_interfaces/my_robot_interfaces/msg/detail/led_status__struct.h
[2.609s] -- Installing: /home/poom/Desktop/ROS2_MiniProject/ros2_ws/install/my_robot_interfaces/include/my_robot_interfaces/my_robot_interfaces/msg/detail/led_state_array__type_support.h
[2.609s] -- Installing: /home/poom/Desktop/ROS2_MiniProject/ros2_ws/install/my_robot_interfaces/include/my_robot_interfaces/my_robot_interfaces/msg/detail/hardware_status__struct.h
[2.609s] -- Installing: /home/poom/Desktop/ROS2_MiniProject/ros2_ws/install/my_robot_interfaces/include/my_robot_interfaces/my_robot_interfaces/msg/detail/led_state_array__functions.c
[2.609s] -- Installing: /home/poom/Desktop/ROS2_MiniProject/ros2_ws/install/my_robot_interfaces/include/my_robot_interfaces/my_robot_interfaces/msg/detail/hardware_status__type_support.h
[2.609s] -- Installing: /home/poom/Desktop/ROS2_MiniProject/ros2_ws/install/my_robot_interfaces/include/my_robot_interfaces/my_robot_interfaces/msg/detail/led_status__functions.h
[2.609s] -- Installing: /home/poom/Desktop/ROS2_MiniProject/ros2_ws/install/my_robot_interfaces/include/my_robot_interfaces/my_robot_interfaces/msg/hardware_status.h
[2.609s] -- Installing: /home/poom/Desktop/ROS2_MiniProject/ros2_ws/install/my_robot_interfaces/include/my_robot_interfaces/my_robot_interfaces/msg/led_state_array.h
[2.609s] -- Up-to-date: /home/poom/Desktop/ROS2_MiniProject/ros2_ws/install/my_robot_interfaces/include/my_robot_interfaces/my_robot_interfaces/msg/rosidl_generator_c__visibility_control.h
[2.609s] -- Up-to-date: /home/poom/Desktop/ROS2_MiniProject/ros2_ws/install/my_robot_interfaces/share/my_robot_interfaces/environment/library_path.sh
[2.609s] -- Installing: /home/poom/Desktop/ROS2_MiniProject/ros2_ws/install/my_robot_interfaces/share/my_robot_interfaces/environment/library_path.dsv
[2.609s] -- Installing: /home/poom/Desktop/ROS2_MiniProject/ros2_ws/install/my_robot_interfaces/lib/libmy_robot_interfaces__rosidl_generator_c.so
[2.610s] -- Set runtime path of "/home/poom/Desktop/ROS2_MiniProject/ros2_ws/install/my_robot_interfaces/lib/libmy_robot_interfaces__rosidl_generator_c.so" to ""
[2.610s] -- Up-to-date: /home/poom/Desktop/ROS2_MiniProject/ros2_ws/install/my_robot_interfaces/include/my_robot_interfaces/my_robot_interfaces
[2.610s] -- Up-to-date: /home/poom/Desktop/ROS2_MiniProject/ros2_ws/install/my_robot_interfaces/include/my_robot_interfaces/my_robot_interfaces/srv
[2.610s] -- Up-to-date: /home/poom/Desktop/ROS2_MiniProject/ros2_ws/install/my_robot_interfaces/include/my_robot_interfaces/my_robot_interfaces/srv/detail
[2.610s] -- Installing: /home/poom/Desktop/ROS2_MiniProject/ros2_ws/install/my_robot_interfaces/include/my_robot_interfaces/my_robot_interfaces/srv/detail/set_led__rosidl_typesupport_fastrtps_c.h
[2.610s] -- Installing: /home/poom/Desktop/ROS2_MiniProject/ros2_ws/install/my_robot_interfaces/include/my_robot_interfaces/my_robot_interfaces/srv/detail/set_led_original__rosidl_typesupport_fastrtps_c.h
[2.610s] -- Installing: /home/poom/Desktop/ROS2_MiniProject/ros2_ws/install/my_robot_interfaces/include/my_robot_interfaces/my_robot_interfaces/srv/detail/compute_rectangle_area__rosidl_typesupport_fastrtps_c.h
[2.610s] -- Up-to-date: /home/poom/Desktop/ROS2_MiniProject/ros2_ws/install/my_robot_interfaces/include/my_robot_interfaces/my_robot_interfaces/msg
[2.610s] -- Up-to-date: /home/poom/Desktop/ROS2_MiniProject/ros2_ws/install/my_robot_interfaces/include/my_robot_interfaces/my_robot_interfaces/msg/detail
[2.610s] -- Installing: /home/poom/Desktop/ROS2_MiniProject/ros2_ws/install/my_robot_interfaces/include/my_robot_interfaces/my_robot_interfaces/msg/detail/led_status__rosidl_typesupport_fastrtps_c.h
[2.610s] -- Installing: /home/poom/Desktop/ROS2_MiniProject/ros2_ws/install/my_robot_interfaces/include/my_robot_interfaces/my_robot_interfaces/msg/detail/led_state_array__rosidl_typesupport_fastrtps_c.h
[2.610s] -- Installing: /home/poom/Desktop/ROS2_MiniProject/ros2_ws/install/my_robot_interfaces/include/my_robot_interfaces/my_robot_interfaces/msg/detail/hardware_status__rosidl_typesupport_fastrtps_c.h
[2.610s] -- Up-to-date: /home/poom/Desktop/ROS2_MiniProject/ros2_ws/install/my_robot_interfaces/include/my_robot_interfaces/my_robot_interfaces/msg/rosidl_typesupport_fastrtps_c__visibility_control.h
[2.610s] -- Installing: /home/poom/Desktop/ROS2_MiniProject/ros2_ws/install/my_robot_interfaces/lib/libmy_robot_interfaces__rosidl_typesupport_fastrtps_c.so
[2.611s] -- Set runtime path of "/home/poom/Desktop/ROS2_MiniProject/ros2_ws/install/my_robot_interfaces/lib/libmy_robot_interfaces__rosidl_typesupport_fastrtps_c.so" to ""
[2.611s] -- Up-to-date: /home/poom/Desktop/ROS2_MiniProject/ros2_ws/install/my_robot_interfaces/include/my_robot_interfaces/my_robot_interfaces
[2.611s] -- Up-to-date: /home/poom/Desktop/ROS2_MiniProject/ros2_ws/install/my_robot_interfaces/include/my_robot_interfaces/my_robot_interfaces/srv
[2.611s] -- Up-to-date: /home/poom/Desktop/ROS2_MiniProject/ros2_ws/install/my_robot_interfaces/include/my_robot_interfaces/my_robot_interfaces/srv/detail
[2.611s] -- Installing: /home/poom/Desktop/ROS2_MiniProject/ros2_ws/install/my_robot_interfaces/include/my_robot_interfaces/my_robot_interfaces/srv/detail/set_led_original__rosidl_typesupport_introspection_c.h
[2.611s] -- Installing: /home/poom/Desktop/ROS2_MiniProject/ros2_ws/install/my_robot_interfaces/include/my_robot_interfaces/my_robot_interfaces/srv/detail/set_led__rosidl_typesupport_introspection_c.h
[2.611s] -- Installing: /home/poom/Desktop/ROS2_MiniProject/ros2_ws/install/my_robot_interfaces/include/my_robot_interfaces/my_robot_interfaces/srv/detail/compute_rectangle_area__type_support.c
[2.611s] -- Installing: /home/poom/Desktop/ROS2_MiniProject/ros2_ws/install/my_robot_interfaces/include/my_robot_interfaces/my_robot_interfaces/srv/detail/set_led__type_support.c
[2.611s] -- Installing: /home/poom/Desktop/ROS2_MiniProject/ros2_ws/install/my_robot_interfaces/include/my_robot_interfaces/my_robot_interfaces/srv/detail/compute_rectangle_area__rosidl_typesupport_introspection_c.h
[2.611s] -- Installing: /home/poom/Desktop/ROS2_MiniProject/ros2_ws/install/my_robot_interfaces/include/my_robot_interfaces/my_robot_interfaces/srv/detail/set_led_original__type_support.c
[2.611s] -- Up-to-date: /home/poom/Desktop/ROS2_MiniProject/ros2_ws/install/my_robot_interfaces/include/my_robot_interfaces/my_robot_interfaces/msg
[2.611s] -- Up-to-date: /home/poom/Desktop/ROS2_MiniProject/ros2_ws/install/my_robot_interfaces/include/my_robot_interfaces/my_robot_interfaces/msg/rosidl_typesupport_introspection_c__visibility_control.h
[2.611s] -- Up-to-date: /home/poom/Desktop/ROS2_MiniProject/ros2_ws/install/my_robot_interfaces/include/my_robot_interfaces/my_robot_interfaces/msg/detail
[2.611s] -- Installing: /home/poom/Desktop/ROS2_MiniProject/ros2_ws/install/my_robot_interfaces/include/my_robot_interfaces/my_robot_interfaces/msg/detail/hardware_status__rosidl_typesupport_introspection_c.h
[2.611s] -- Installing: /home/poom/Desktop/ROS2_MiniProject/ros2_ws/install/my_robot_interfaces/include/my_robot_interfaces/my_robot_interfaces/msg/detail/hardware_status__type_support.c
[2.611s] -- Installing: /home/poom/Desktop/ROS2_MiniProject/ros2_ws/install/my_robot_interfaces/include/my_robot_interfaces/my_robot_interfaces/msg/detail/led_status__rosidl_typesupport_introspection_c.h
[2.611s] -- Installing: /home/poom/Desktop/ROS2_MiniProject/ros2_ws/install/my_robot_interfaces/include/my_robot_interfaces/my_robot_interfaces/msg/detail/led_status__type_support.c
[2.611s] -- Installing: /home/poom/Desktop/ROS2_MiniProject/ros2_ws/install/my_robot_interfaces/include/my_robot_interfaces/my_robot_interfaces/msg/detail/led_state_array__rosidl_typesupport_introspection_c.h
[2.611s] -- Installing: /home/poom/Desktop/ROS2_MiniProject/ros2_ws/install/my_robot_interfaces/include/my_robot_interfaces/my_robot_interfaces/msg/detail/led_state_array__type_support.c
[2.611s] -- Installing: /home/poom/Desktop/ROS2_MiniProject/ros2_ws/install/my_robot_interfaces/lib/libmy_robot_interfaces__rosidl_typesupport_introspection_c.so
[2.611s] -- Set runtime path of "/home/poom/Desktop/ROS2_MiniProject/ros2_ws/install/my_robot_interfaces/lib/libmy_robot_interfaces__rosidl_typesupport_introspection_c.so" to ""
[2.612s] -- Installing: /home/poom/Desktop/ROS2_MiniProject/ros2_ws/install/my_robot_interfaces/lib/libmy_robot_interfaces__rosidl_typesupport_c.so
[2.612s] -- Set runtime path of "/home/poom/Desktop/ROS2_MiniProject/ros2_ws/install/my_robot_interfaces/lib/libmy_robot_interfaces__rosidl_typesupport_c.so" to ""
[2.612s] -- Up-to-date: /home/poom/Desktop/ROS2_MiniProject/ros2_ws/install/my_robot_interfaces/include/my_robot_interfaces/my_robot_interfaces
[2.612s] -- Up-to-date: /home/poom/Desktop/ROS2_MiniProject/ros2_ws/install/my_robot_interfaces/include/my_robot_interfaces/my_robot_interfaces/srv
[2.612s] -- Installing: /home/poom/Desktop/ROS2_MiniProject/ros2_ws/install/my_robot_interfaces/include/my_robot_interfaces/my_robot_interfaces/srv/set_led_original.hpp
[2.612s] -- Installing: /home/poom/Desktop/ROS2_MiniProject/ros2_ws/install/my_robot_interfaces/include/my_robot_interfaces/my_robot_interfaces/srv/set_led.hpp
[2.612s] -- Installing: /home/poom/Desktop/ROS2_MiniProject/ros2_ws/install/my_robot_interfaces/include/my_robot_interfaces/my_robot_interfaces/srv/compute_rectangle_area.hpp
[2.612s] -- Up-to-date: /home/poom/Desktop/ROS2_MiniProject/ros2_ws/install/my_robot_interfaces/include/my_robot_interfaces/my_robot_interfaces/srv/detail
[2.612s] -- Installing: /home/poom/Desktop/ROS2_MiniProject/ros2_ws/install/my_robot_interfaces/include/my_robot_interfaces/my_robot_interfaces/srv/detail/set_led_original__traits.hpp
[2.612s] -- Installing: /home/poom/Desktop/ROS2_MiniProject/ros2_ws/install/my_robot_interfaces/include/my_robot_interfaces/my_robot_interfaces/srv/detail/compute_rectangle_area__builder.hpp
[2.612s] -- Installing: /home/poom/Desktop/ROS2_MiniProject/ros2_ws/install/my_robot_interfaces/include/my_robot_interfaces/my_robot_interfaces/srv/detail/set_led__builder.hpp
[2.612s] -- Installing: /home/poom/Desktop/ROS2_MiniProject/ros2_ws/install/my_robot_interfaces/include/my_robot_interfaces/my_robot_interfaces/srv/detail/set_led__struct.hpp
[2.612s] -- Installing: /home/poom/Desktop/ROS2_MiniProject/ros2_ws/install/my_robot_interfaces/include/my_robot_interfaces/my_robot_interfaces/srv/detail/set_led_original__struct.hpp
[2.612s] -- Installing: /home/poom/Desktop/ROS2_MiniProject/ros2_ws/install/my_robot_interfaces/include/my_robot_interfaces/my_robot_interfaces/srv/detail/compute_rectangle_area__traits.hpp
[2.612s] -- Installing: /home/poom/Desktop/ROS2_MiniProject/ros2_ws/install/my_robot_interfaces/include/my_robot_interfaces/my_robot_interfaces/srv/detail/compute_rectangle_area__struct.hpp
[2.612s] -- Installing: /home/poom/Desktop/ROS2_MiniProject/ros2_ws/install/my_robot_interfaces/include/my_robot_interfaces/my_robot_interfaces/srv/detail/set_led__traits.hpp
[2.612s] -- Installing: /home/poom/Desktop/ROS2_MiniProject/ros2_ws/install/my_robot_interfaces/include/my_robot_interfaces/my_robot_interfaces/srv/detail/set_led_original__builder.hpp
[2.613s] -- Up-to-date: /home/poom/Desktop/ROS2_MiniProject/ros2_ws/install/my_robot_interfaces/include/my_robot_interfaces/my_robot_interfaces/msg
[2.613s] -- Installing: /home/poom/Desktop/ROS2_MiniProject/ros2_ws/install/my_robot_interfaces/include/my_robot_interfaces/my_robot_interfaces/msg/led_status.hpp
[2.613s] -- Installing: /home/poom/Desktop/ROS2_MiniProject/ros2_ws/install/my_robot_interfaces/include/my_robot_interfaces/my_robot_interfaces/msg/led_state_array.hpp
[2.613s] -- Up-to-date: /home/poom/Desktop/ROS2_MiniProject/ros2_ws/install/my_robot_interfaces/include/my_robot_interfaces/my_robot_interfaces/msg/detail
[2.613s] -- Installing: /home/poom/Desktop/ROS2_MiniProject/ros2_ws/install/my_robot_interfaces/include/my_robot_interfaces/my_robot_interfaces/msg/detail/led_status__struct.hpp
[2.613s] -- Installing: /home/poom/Desktop/ROS2_MiniProject/ros2_ws/install/my_robot_interfaces/include/my_robot_interfaces/my_robot_interfaces/msg/detail/hardware_status__struct.hpp
[2.613s] -- Installing: /home/poom/Desktop/ROS2_MiniProject/ros2_ws/install/my_robot_interfaces/include/my_robot_interfaces/my_robot_interfaces/msg/detail/led_state_array__traits.hpp
[2.613s] -- Installing: /home/poom/Desktop/ROS2_MiniProject/ros2_ws/install/my_robot_interfaces/include/my_robot_interfaces/my_robot_interfaces/msg/detail/led_state_array__builder.hpp
[2.613s] -- Installing: /home/poom/Desktop/ROS2_MiniProject/ros2_ws/install/my_robot_interfaces/include/my_robot_interfaces/my_robot_interfaces/msg/detail/hardware_status__traits.hpp
[2.613s] -- Installing: /home/poom/Desktop/ROS2_MiniProject/ros2_ws/install/my_robot_interfaces/include/my_robot_interfaces/my_robot_interfaces/msg/detail/led_status__builder.hpp
[2.613s] -- Installing: /home/poom/Desktop/ROS2_MiniProject/ros2_ws/install/my_robot_interfaces/include/my_robot_interfaces/my_robot_interfaces/msg/detail/led_state_array__struct.hpp
[2.613s] -- Installing: /home/poom/Desktop/ROS2_MiniProject/ros2_ws/install/my_robot_interfaces/include/my_robot_interfaces/my_robot_interfaces/msg/detail/hardware_status__builder.hpp
[2.613s] -- Installing: /home/poom/Desktop/ROS2_MiniProject/ros2_ws/install/my_robot_interfaces/include/my_robot_interfaces/my_robot_interfaces/msg/detail/led_status__traits.hpp
[2.613s] -- Installing: /home/poom/Desktop/ROS2_MiniProject/ros2_ws/install/my_robot_interfaces/include/my_robot_interfaces/my_robot_interfaces/msg/hardware_status.hpp
[2.613s] -- Up-to-date: /home/poom/Desktop/ROS2_MiniProject/ros2_ws/install/my_robot_interfaces/include/my_robot_interfaces/my_robot_interfaces
[2.613s] -- Up-to-date: /home/poom/Desktop/ROS2_MiniProject/ros2_ws/install/my_robot_interfaces/include/my_robot_interfaces/my_robot_interfaces/srv
[2.613s] -- Up-to-date: /home/poom/Desktop/ROS2_MiniProject/ros2_ws/install/my_robot_interfaces/include/my_robot_interfaces/my_robot_interfaces/srv/detail
[2.613s] -- Installing: /home/poom/Desktop/ROS2_MiniProject/ros2_ws/install/my_robot_interfaces/include/my_robot_interfaces/my_robot_interfaces/srv/detail/set_led_original__rosidl_typesupport_fastrtps_cpp.hpp
[2.613s] -- Up-to-date: /home/poom/Desktop/ROS2_MiniProject/ros2_ws/install/my_robot_interfaces/include/my_robot_interfaces/my_robot_interfaces/srv/detail/dds_fastrtps
[2.613s] -- Installing: /home/poom/Desktop/ROS2_MiniProject/ros2_ws/install/my_robot_interfaces/include/my_robot_interfaces/my_robot_interfaces/srv/detail/compute_rectangle_area__rosidl_typesupport_fastrtps_cpp.hpp
[2.613s] -- Installing: /home/poom/Desktop/ROS2_MiniProject/ros2_ws/install/my_robot_interfaces/include/my_robot_interfaces/my_robot_interfaces/srv/detail/set_led__rosidl_typesupport_fastrtps_cpp.hpp
[2.613s] -- Up-to-date: /home/poom/Desktop/ROS2_MiniProject/ros2_ws/install/my_robot_interfaces/include/my_robot_interfaces/my_robot_interfaces/msg
[2.614s] -- Up-to-date: /home/poom/Desktop/ROS2_MiniProject/ros2_ws/install/my_robot_interfaces/include/my_robot_interfaces/my_robot_interfaces/msg/detail
[2.614s] -- Installing: /home/poom/Desktop/ROS2_MiniProject/ros2_ws/install/my_robot_interfaces/include/my_robot_interfaces/my_robot_interfaces/msg/detail/led_state_array__rosidl_typesupport_fastrtps_cpp.hpp
[2.614s] -- Up-to-date: /home/poom/Desktop/ROS2_MiniProject/ros2_ws/install/my_robot_interfaces/include/my_robot_interfaces/my_robot_interfaces/msg/detail/dds_fastrtps
[2.614s] -- Installing: /home/poom/Desktop/ROS2_MiniProject/ros2_ws/install/my_robot_interfaces/include/my_robot_interfaces/my_robot_interfaces/msg/detail/hardware_status__rosidl_typesupport_fastrtps_cpp.hpp
[2.614s] -- Installing: /home/poom/Desktop/ROS2_MiniProject/ros2_ws/install/my_robot_interfaces/include/my_robot_interfaces/my_robot_interfaces/msg/detail/led_status__rosidl_typesupport_fastrtps_cpp.hpp
[2.614s] -- Up-to-date: /home/poom/Desktop/ROS2_MiniProject/ros2_ws/install/my_robot_interfaces/include/my_robot_interfaces/my_robot_interfaces/msg/rosidl_typesupport_fastrtps_cpp__visibility_control.h
[2.614s] -- Installing: /home/poom/Desktop/ROS2_MiniProject/ros2_ws/install/my_robot_interfaces/lib/libmy_robot_interfaces__rosidl_typesupport_fastrtps_cpp.so
[2.614s] -- Set runtime path of "/home/poom/Desktop/ROS2_MiniProject/ros2_ws/install/my_robot_interfaces/lib/libmy_robot_interfaces__rosidl_typesupport_fastrtps_cpp.so" to ""
[2.614s] -- Up-to-date: /home/poom/Desktop/ROS2_MiniProject/ros2_ws/install/my_robot_interfaces/include/my_robot_interfaces/my_robot_interfaces
[2.614s] -- Up-to-date: /home/poom/Desktop/ROS2_MiniProject/ros2_ws/install/my_robot_interfaces/include/my_robot_interfaces/my_robot_interfaces/srv
[2.614s] -- Up-to-date: /home/poom/Desktop/ROS2_MiniProject/ros2_ws/install/my_robot_interfaces/include/my_robot_interfaces/my_robot_interfaces/srv/detail
[2.614s] -- Installing: /home/poom/Desktop/ROS2_MiniProject/ros2_ws/install/my_robot_interfaces/include/my_robot_interfaces/my_robot_interfaces/srv/detail/set_led__type_support.cpp
[2.614s] -- Installing: /home/poom/Desktop/ROS2_MiniProject/ros2_ws/install/my_robot_interfaces/include/my_robot_interfaces/my_robot_interfaces/srv/detail/compute_rectangle_area__rosidl_typesupport_introspection_cpp.hpp
[2.614s] -- Installing: /home/poom/Desktop/ROS2_MiniProject/ros2_ws/install/my_robot_interfaces/include/my_robot_interfaces/my_robot_interfaces/srv/detail/compute_rectangle_area__type_support.cpp
[2.614s] -- Installing: /home/poom/Desktop/ROS2_MiniProject/ros2_ws/install/my_robot_interfaces/include/my_robot_interfaces/my_robot_interfaces/srv/detail/set_led_original__type_support.cpp
[2.614s] -- Installing: /home/poom/Desktop/ROS2_MiniProject/ros2_ws/install/my_robot_interfaces/include/my_robot_interfaces/my_robot_interfaces/srv/detail/set_led__rosidl_typesupport_introspection_cpp.hpp
[2.614s] -- Installing: /home/poom/Desktop/ROS2_MiniProject/ros2_ws/install/my_robot_interfaces/include/my_robot_interfaces/my_robot_interfaces/srv/detail/set_led_original__rosidl_typesupport_introspection_cpp.hpp
[2.614s] -- Up-to-date: /home/poom/Desktop/ROS2_MiniProject/ros2_ws/install/my_robot_interfaces/include/my_robot_interfaces/my_robot_interfaces/msg
[2.614s] -- Up-to-date: /home/poom/Desktop/ROS2_MiniProject/ros2_ws/install/my_robot_interfaces/include/my_robot_interfaces/my_robot_interfaces/msg/detail
[2.614s] -- Installing: /home/poom/Desktop/ROS2_MiniProject/ros2_ws/install/my_robot_interfaces/include/my_robot_interfaces/my_robot_interfaces/msg/detail/led_status__rosidl_typesupport_introspection_cpp.hpp
[2.614s] -- Installing: /home/poom/Desktop/ROS2_MiniProject/ros2_ws/install/my_robot_interfaces/include/my_robot_interfaces/my_robot_interfaces/msg/detail/hardware_status__type_support.cpp
[2.615s] -- Installing: /home/poom/Desktop/ROS2_MiniProject/ros2_ws/install/my_robot_interfaces/include/my_robot_interfaces/my_robot_interfaces/msg/detail/hardware_status__rosidl_typesupport_introspection_cpp.hpp
[2.615s] -- Installing: /home/poom/Desktop/ROS2_MiniProject/ros2_ws/install/my_robot_interfaces/include/my_robot_interfaces/my_robot_interfaces/msg/detail/led_state_array__type_support.cpp
[2.615s] -- Installing: /home/poom/Desktop/ROS2_MiniProject/ros2_ws/install/my_robot_interfaces/include/my_robot_interfaces/my_robot_interfaces/msg/detail/led_state_array__rosidl_typesupport_introspection_cpp.hpp
[2.615s] -- Installing: /home/poom/Desktop/ROS2_MiniProject/ros2_ws/install/my_robot_interfaces/include/my_robot_interfaces/my_robot_interfaces/msg/detail/led_status__type_support.cpp
[2.615s] -- Installing: /home/poom/Desktop/ROS2_MiniProject/ros2_ws/install/my_robot_interfaces/lib/libmy_robot_interfaces__rosidl_typesupport_introspection_cpp.so
[2.615s] -- Set runtime path of "/home/poom/Desktop/ROS2_MiniProject/ros2_ws/install/my_robot_interfaces/lib/libmy_robot_interfaces__rosidl_typesupport_introspection_cpp.so" to ""
[2.615s] -- Installing: /home/poom/Desktop/ROS2_MiniProject/ros2_ws/install/my_robot_interfaces/lib/libmy_robot_interfaces__rosidl_typesupport_cpp.so
[2.615s] -- Set runtime path of "/home/poom/Desktop/ROS2_MiniProject/ros2_ws/install/my_robot_interfaces/lib/libmy_robot_interfaces__rosidl_typesupport_cpp.so" to ""
[2.615s] -- Up-to-date: /home/poom/Desktop/ROS2_MiniProject/ros2_ws/install/my_robot_interfaces/share/my_robot_interfaces/environment/pythonpath.sh
[2.615s] -- Installing: /home/poom/Desktop/ROS2_MiniProject/ros2_ws/install/my_robot_interfaces/share/my_robot_interfaces/environment/pythonpath.dsv
[2.615s] -- Up-to-date: /home/poom/Desktop/ROS2_MiniProject/ros2_ws/install/my_robot_interfaces/local/lib/python3.10/dist-packages/my_robot_interfaces-0.0.0-py3.10.egg-info
[2.615s] -- Installing: /home/poom/Desktop/ROS2_MiniProject/ros2_ws/install/my_robot_interfaces/local/lib/python3.10/dist-packages/my_robot_interfaces-0.0.0-py3.10.egg-info/top_level.txt
[2.615s] -- Installing: /home/poom/Desktop/ROS2_MiniProject/ros2_ws/install/my_robot_interfaces/local/lib/python3.10/dist-packages/my_robot_interfaces-0.0.0-py3.10.egg-info/dependency_links.txt
[2.616s] -- Installing: /home/poom/Desktop/ROS2_MiniProject/ros2_ws/install/my_robot_interfaces/local/lib/python3.10/dist-packages/my_robot_interfaces-0.0.0-py3.10.egg-info/SOURCES.txt
[2.616s] -- Installing: /home/poom/Desktop/ROS2_MiniProject/ros2_ws/install/my_robot_interfaces/local/lib/python3.10/dist-packages/my_robot_interfaces-0.0.0-py3.10.egg-info/PKG-INFO
[2.616s] -- Up-to-date: /home/poom/Desktop/ROS2_MiniProject/ros2_ws/install/my_robot_interfaces/local/lib/python3.10/dist-packages/my_robot_interfaces
[2.616s] -- Installing: /home/poom/Desktop/ROS2_MiniProject/ros2_ws/install/my_robot_interfaces/local/lib/python3.10/dist-packages/my_robot_interfaces/my_robot_interfaces_s__rosidl_typesupport_c.cpython-310-x86_64-linux-gnu.so
[2.616s] -- Installing: /home/poom/Desktop/ROS2_MiniProject/ros2_ws/install/my_robot_interfaces/local/lib/python3.10/dist-packages/my_robot_interfaces/_my_robot_interfaces_s.ep.rosidl_typesupport_fastrtps_c.c
[2.616s] -- Installing: /home/poom/Desktop/ROS2_MiniProject/ros2_ws/install/my_robot_interfaces/local/lib/python3.10/dist-packages/my_robot_interfaces/my_robot_interfaces_s__rosidl_typesupport_fastrtps_c.cpython-310-x86_64-linux-gnu.so
[2.616s] -- Installing: /home/poom/Desktop/ROS2_MiniProject/ros2_ws/install/my_robot_interfaces/local/lib/python3.10/dist-packages/my_robot_interfaces/my_robot_interfaces_s__rosidl_typesupport_introspection_c.cpython-310-x86_64-linux-gnu.so
[2.616s] -- Up-to-date: /home/poom/Desktop/ROS2_MiniProject/ros2_ws/install/my_robot_interfaces/local/lib/python3.10/dist-packages/my_robot_interfaces/srv
[2.616s] -- Installing: /home/poom/Desktop/ROS2_MiniProject/ros2_ws/install/my_robot_interfaces/local/lib/python3.10/dist-packages/my_robot_interfaces/srv/_compute_rectangle_area_s.c
[2.616s] -- Installing: /home/poom/Desktop/ROS2_MiniProject/ros2_ws/install/my_robot_interfaces/local/lib/python3.10/dist-packages/my_robot_interfaces/srv/_set_led.py
[2.616s] -- Installing: /home/poom/Desktop/ROS2_MiniProject/ros2_ws/install/my_robot_interfaces/local/lib/python3.10/dist-packages/my_robot_interfaces/srv/__init__.py
[2.616s] -- Installing: /home/poom/Desktop/ROS2_MiniProject/ros2_ws/install/my_robot_interfaces/local/lib/python3.10/dist-packages/my_robot_interfaces/srv/_set_led_original.py
[2.616s] -- Installing: /home/poom/Desktop/ROS2_MiniProject/ros2_ws/install/my_robot_interfaces/local/lib/python3.10/dist-packages/my_robot_interfaces/srv/_set_led_s.c
[2.616s] -- Installing: /home/poom/Desktop/ROS2_MiniProject/ros2_ws/install/my_robot_interfaces/local/lib/python3.10/dist-packages/my_robot_interfaces/srv/_compute_rectangle_area.py
[2.616s] -- Installing: /home/poom/Desktop/ROS2_MiniProject/ros2_ws/install/my_robot_interfaces/local/lib/python3.10/dist-packages/my_robot_interfaces/srv/_set_led_original_s.c
[2.616s] -- Installing: /home/poom/Desktop/ROS2_MiniProject/ros2_ws/install/my_robot_interfaces/local/lib/python3.10/dist-packages/my_robot_interfaces/__init__.py
[2.616s] -- Up-to-date: /home/poom/Desktop/ROS2_MiniProject/ros2_ws/install/my_robot_interfaces/local/lib/python3.10/dist-packages/my_robot_interfaces/msg
[2.617s] -- Installing: /home/poom/Desktop/ROS2_MiniProject/ros2_ws/install/my_robot_interfaces/local/lib/python3.10/dist-packages/my_robot_interfaces/msg/_hardware_status_s.c
[2.617s] -- Installing: /home/poom/Desktop/ROS2_MiniProject/ros2_ws/install/my_robot_interfaces/local/lib/python3.10/dist-packages/my_robot_interfaces/msg/_led_status_s.c
[2.617s] -- Installing: /home/poom/Desktop/ROS2_MiniProject/ros2_ws/install/my_robot_interfaces/local/lib/python3.10/dist-packages/my_robot_interfaces/msg/_hardware_status.py
[2.617s] -- Installing: /home/poom/Desktop/ROS2_MiniProject/ros2_ws/install/my_robot_interfaces/local/lib/python3.10/dist-packages/my_robot_interfaces/msg/_led_state_array.py
[2.617s] -- Installing: /home/poom/Desktop/ROS2_MiniProject/ros2_ws/install/my_robot_interfaces/local/lib/python3.10/dist-packages/my_robot_interfaces/msg/__init__.py
[2.617s] -- Installing: /home/poom/Desktop/ROS2_MiniProject/ros2_ws/install/my_robot_interfaces/local/lib/python3.10/dist-packages/my_robot_interfaces/msg/_led_status.py
[2.617s] -- Installing: /home/poom/Desktop/ROS2_MiniProject/ros2_ws/install/my_robot_interfaces/local/lib/python3.10/dist-packages/my_robot_interfaces/msg/_led_state_array_s.c
[2.617s] -- Installing: /home/poom/Desktop/ROS2_MiniProject/ros2_ws/install/my_robot_interfaces/local/lib/python3.10/dist-packages/my_robot_interfaces/libmy_robot_interfaces__rosidl_generator_py.so
[2.617s] -- Installing: /home/poom/Desktop/ROS2_MiniProject/ros2_ws/install/my_robot_interfaces/local/lib/python3.10/dist-packages/my_robot_interfaces/_my_robot_interfaces_s.ep.rosidl_typesupport_c.c
[2.617s] -- Installing: /home/poom/Desktop/ROS2_MiniProject/ros2_ws/install/my_robot_interfaces/local/lib/python3.10/dist-packages/my_robot_interfaces/_my_robot_interfaces_s.ep.rosidl_typesupport_introspection_c.c
[2.644s] Listing '/home/poom/Desktop/ROS2_MiniProject/ros2_ws/install/my_robot_interfaces/local/lib/python3.10/dist-packages/my_robot_interfaces'...
[2.644s] Compiling '/home/poom/Desktop/ROS2_MiniProject/ros2_ws/install/my_robot_interfaces/local/lib/python3.10/dist-packages/my_robot_interfaces/__init__.py'...
[2.644s] Listing '/home/poom/Desktop/ROS2_MiniProject/ros2_ws/install/my_robot_interfaces/local/lib/python3.10/dist-packages/my_robot_interfaces/msg'...
[2.644s] Compiling '/home/poom/Desktop/ROS2_MiniProject/ros2_ws/install/my_robot_interfaces/local/lib/python3.10/dist-packages/my_robot_interfaces/msg/__init__.py'...
[2.644s] Compiling '/home/poom/Desktop/ROS2_MiniProject/ros2_ws/install/my_robot_interfaces/local/lib/python3.10/dist-packages/my_robot_interfaces/msg/_hardware_status.py'...
[2.644s] Compiling '/home/poom/Desktop/ROS2_MiniProject/ros2_ws/install/my_robot_interfaces/local/lib/python3.10/dist-packages/my_robot_interfaces/msg/_led_state_array.py'...
[2.644s] Compiling '/home/poom/Desktop/ROS2_MiniProject/ros2_ws/install/my_robot_interfaces/local/lib/python3.10/dist-packages/my_robot_interfaces/msg/_led_status.py'...
[2.644s] Listing '/home/poom/Desktop/ROS2_MiniProject/ros2_ws/install/my_robot_interfaces/local/lib/python3.10/dist-packages/my_robot_interfaces/srv'...
[2.644s] Compiling '/home/poom/Desktop/ROS2_MiniProject/ros2_ws/install/my_robot_interfaces/local/lib/python3.10/dist-packages/my_robot_interfaces/srv/__init__.py'...
[2.644s] Compiling '/home/poom/Desktop/ROS2_MiniProject/ros2_ws/install/my_robot_interfaces/local/lib/python3.10/dist-packages/my_robot_interfaces/srv/_compute_rectangle_area.py'...
[2.644s] Compiling '/home/poom/Desktop/ROS2_MiniProject/ros2_ws/install/my_robot_interfaces/local/lib/python3.10/dist-packages/my_robot_interfaces/srv/_set_led.py'...
[2.644s] Compiling '/home/poom/Desktop/ROS2_MiniProject/ros2_ws/install/my_robot_interfaces/local/lib/python3.10/dist-packages/my_robot_interfaces/srv/_set_led_original.py'...
[2.647s] -- Installing: /home/poom/Desktop/ROS2_MiniProject/ros2_ws/install/my_robot_interfaces/local/lib/python3.10/dist-packages/my_robot_interfaces/my_robot_interfaces_s__rosidl_typesupport_fastrtps_c.cpython-310-x86_64-linux-gnu.so
[2.647s] -- Set runtime path of "/home/poom/Desktop/ROS2_MiniProject/ros2_ws/install/my_robot_interfaces/local/lib/python3.10/dist-packages/my_robot_interfaces/my_robot_interfaces_s__rosidl_typesupport_fastrtps_c.cpython-310-x86_64-linux-gnu.so" to ""
[2.647s] -- Installing: /home/poom/Desktop/ROS2_MiniProject/ros2_ws/install/my_robot_interfaces/local/lib/python3.10/dist-packages/my_robot_interfaces/my_robot_interfaces_s__rosidl_typesupport_introspection_c.cpython-310-x86_64-linux-gnu.so
[2.647s] -- Set runtime path of "/home/poom/Desktop/ROS2_MiniProject/ros2_ws/install/my_robot_interfaces/local/lib/python3.10/dist-packages/my_robot_interfaces/my_robot_interfaces_s__rosidl_typesupport_introspection_c.cpython-310-x86_64-linux-gnu.so" to ""
[2.647s] -- Installing: /home/poom/Desktop/ROS2_MiniProject/ros2_ws/install/my_robot_interfaces/local/lib/python3.10/dist-packages/my_robot_interfaces/my_robot_interfaces_s__rosidl_typesupport_c.cpython-310-x86_64-linux-gnu.so
[2.647s] -- Set runtime path of "/home/poom/Desktop/ROS2_MiniProject/ros2_ws/install/my_robot_interfaces/local/lib/python3.10/dist-packages/my_robot_interfaces/my_robot_interfaces_s__rosidl_typesupport_c.cpython-310-x86_64-linux-gnu.so" to ""
[2.647s] -- Installing: /home/poom/Desktop/ROS2_MiniProject/ros2_ws/install/my_robot_interfaces/lib/libmy_robot_interfaces__rosidl_generator_py.so
[2.648s] -- Set runtime path of "/home/poom/Desktop/ROS2_MiniProject/ros2_ws/install/my_robot_interfaces/lib/libmy_robot_interfaces__rosidl_generator_py.so" to ""
[2.648s] -- Up-to-date: /home/poom/Desktop/ROS2_MiniProject/ros2_ws/install/my_robot_interfaces/share/my_robot_interfaces/msg/HardwareStatus.idl
[2.648s] -- Up-to-date: /home/poom/Desktop/ROS2_MiniProject/ros2_ws/install/my_robot_interfaces/share/my_robot_interfaces/srv/ComputeRectangleArea.idl
[2.648s] -- Up-to-date: /home/poom/Desktop/ROS2_MiniProject/ros2_ws/install/my_robot_interfaces/share/my_robot_interfaces/msg/LedStatus.idl
[2.648s] -- Up-to-date: /home/poom/Desktop/ROS2_MiniProject/ros2_ws/install/my_robot_interfaces/share/my_robot_interfaces/srv/SetLED.idl
[2.648s] -- Up-to-date: /home/poom/Desktop/ROS2_MiniProject/ros2_ws/install/my_robot_interfaces/share/my_robot_interfaces/msg/LedStateArray.idl
[2.648s] -- Installing: /home/poom/Desktop/ROS2_MiniProject/ros2_ws/install/my_robot_interfaces/share/my_robot_interfaces/srv/SetLedOriginal.idl
[2.648s] -- Up-to-date: /home/poom/Desktop/ROS2_MiniProject/ros2_ws/install/my_robot_interfaces/share/my_robot_interfaces/msg/HardwareStatus.msg
[2.648s] -- Up-to-date: /home/poom/Desktop/ROS2_MiniProject/ros2_ws/install/my_robot_interfaces/share/my_robot_interfaces/srv/ComputeRectangleArea.srv
[2.648s] -- Up-to-date: /home/poom/Desktop/ROS2_MiniProject/ros2_ws/install/my_robot_interfaces/share/my_robot_interfaces/srv/ComputeRectangleArea_Request.msg
[2.648s] -- Up-to-date: /home/poom/Desktop/ROS2_MiniProject/ros2_ws/install/my_robot_interfaces/share/my_robot_interfaces/srv/ComputeRectangleArea_Response.msg
[2.648s] -- Up-to-date: /home/poom/Desktop/ROS2_MiniProject/ros2_ws/install/my_robot_interfaces/share/my_robot_interfaces/msg/LedStatus.msg
[2.648s] -- Installing: /home/poom/Desktop/ROS2_MiniProject/ros2_ws/install/my_robot_interfaces/share/my_robot_interfaces/srv/SetLED.srv
[2.648s] -- Up-to-date: /home/poom/Desktop/ROS2_MiniProject/ros2_ws/install/my_robot_interfaces/share/my_robot_interfaces/srv/SetLED_Request.msg
[2.648s] -- Up-to-date: /home/poom/Desktop/ROS2_MiniProject/ros2_ws/install/my_robot_interfaces/share/my_robot_interfaces/srv/SetLED_Response.msg
[2.648s] -- Up-to-date: /home/poom/Desktop/ROS2_MiniProject/ros2_ws/install/my_robot_interfaces/share/my_robot_interfaces/msg/LedStateArray.msg
[2.648s] -- Installing: /home/poom/Desktop/ROS2_MiniProject/ros2_ws/install/my_robot_interfaces/share/my_robot_interfaces/srv/SetLedOriginal.srv
[2.648s] -- Installing: /home/poom/Desktop/ROS2_MiniProject/ros2_ws/install/my_robot_interfaces/share/my_robot_interfaces/srv/SetLedOriginal_Request.msg
[2.649s] -- Installing: /home/poom/Desktop/ROS2_MiniProject/ros2_ws/install/my_robot_interfaces/share/my_robot_interfaces/srv/SetLedOriginal_Response.msg
[2.649s] -- Up-to-date: /home/poom/Desktop/ROS2_MiniProject/ros2_ws/install/my_robot_interfaces/share/ament_index/resource_index/package_run_dependencies/my_robot_interfaces
[2.649s] -- Up-to-date: /home/poom/Desktop/ROS2_MiniProject/ros2_ws/install/my_robot_interfaces/share/ament_index/resource_index/parent_prefix_path/my_robot_interfaces
[2.649s] -- Up-to-date: /home/poom/Desktop/ROS2_MiniProject/ros2_ws/install/my_robot_interfaces/share/my_robot_interfaces/environment/ament_prefix_path.sh
[2.649s] -- Installing: /home/poom/Desktop/ROS2_MiniProject/ros2_ws/install/my_robot_interfaces/share/my_robot_interfaces/environment/ament_prefix_path.dsv
[2.649s] -- Up-to-date: /home/poom/Desktop/ROS2_MiniProject/ros2_ws/install/my_robot_interfaces/share/my_robot_interfaces/environment/path.sh
[2.649s] -- Installing: /home/poom/Desktop/ROS2_MiniProject/ros2_ws/install/my_robot_interfaces/share/my_robot_interfaces/environment/path.dsv
[2.649s] -- Up-to-date: /home/poom/Desktop/ROS2_MiniProject/ros2_ws/install/my_robot_interfaces/share/my_robot_interfaces/local_setup.bash
[2.649s] -- Up-to-date: /home/poom/Desktop/ROS2_MiniProject/ros2_ws/install/my_robot_interfaces/share/my_robot_interfaces/local_setup.sh
[2.649s] -- Up-to-date: /home/poom/Desktop/ROS2_MiniProject/ros2_ws/install/my_robot_interfaces/share/my_robot_interfaces/local_setup.zsh
[2.649s] -- Installing: /home/poom/Desktop/ROS2_MiniProject/ros2_ws/install/my_robot_interfaces/share/my_robot_interfaces/local_setup.dsv
[2.649s] -- Installing: /home/poom/Desktop/ROS2_MiniProject/ros2_ws/install/my_robot_interfaces/share/my_robot_interfaces/package.dsv
[2.649s] -- Up-to-date: /home/poom/Desktop/ROS2_MiniProject/ros2_ws/install/my_robot_interfaces/share/ament_index/resource_index/packages/my_robot_interfaces
[2.649s] -- Up-to-date: /home/poom/Desktop/ROS2_MiniProject/ros2_ws/install/my_robot_interfaces/share/my_robot_interfaces/cmake/export_my_robot_interfaces__rosidl_generator_cExport.cmake
[2.649s] -- Up-to-date: /home/poom/Desktop/ROS2_MiniProject/ros2_ws/install/my_robot_interfaces/share/my_robot_interfaces/cmake/export_my_robot_interfaces__rosidl_generator_cExport-noconfig.cmake
[2.649s] -- Up-to-date: /home/poom/Desktop/ROS2_MiniProject/ros2_ws/install/my_robot_interfaces/share/my_robot_interfaces/cmake/export_my_robot_interfaces__rosidl_typesupport_fastrtps_cExport.cmake
[2.649s] -- Up-to-date: /home/poom/Desktop/ROS2_MiniProject/ros2_ws/install/my_robot_interfaces/share/my_robot_interfaces/cmake/export_my_robot_interfaces__rosidl_typesupport_fastrtps_cExport-noconfig.cmake
[2.649s] -- Up-to-date: /home/poom/Desktop/ROS2_MiniProject/ros2_ws/install/my_robot_interfaces/share/my_robot_interfaces/cmake/my_robot_interfaces__rosidl_typesupport_introspection_cExport.cmake
[2.649s] -- Up-to-date: /home/poom/Desktop/ROS2_MiniProject/ros2_ws/install/my_robot_interfaces/share/my_robot_interfaces/cmake/my_robot_interfaces__rosidl_typesupport_introspection_cExport-noconfig.cmake
[2.649s] -- Up-to-date: /home/poom/Desktop/ROS2_MiniProject/ros2_ws/install/my_robot_interfaces/share/my_robot_interfaces/cmake/my_robot_interfaces__rosidl_typesupport_cExport.cmake
[2.650s] -- Up-to-date: /home/poom/Desktop/ROS2_MiniProject/ros2_ws/install/my_robot_interfaces/share/my_robot_interfaces/cmake/my_robot_interfaces__rosidl_typesupport_cExport-noconfig.cmake
[2.650s] -- Up-to-date: /home/poom/Desktop/ROS2_MiniProject/ros2_ws/install/my_robot_interfaces/share/my_robot_interfaces/cmake/export_my_robot_interfaces__rosidl_generator_cppExport.cmake
[2.650s] -- Up-to-date: /home/poom/Desktop/ROS2_MiniProject/ros2_ws/install/my_robot_interfaces/share/my_robot_interfaces/cmake/export_my_robot_interfaces__rosidl_typesupport_fastrtps_cppExport.cmake
[2.650s] -- Up-to-date: /home/poom/Desktop/ROS2_MiniProject/ros2_ws/install/my_robot_interfaces/share/my_robot_interfaces/cmake/export_my_robot_interfaces__rosidl_typesupport_fastrtps_cppExport-noconfig.cmake
[2.650s] -- Up-to-date: /home/poom/Desktop/ROS2_MiniProject/ros2_ws/install/my_robot_interfaces/share/my_robot_interfaces/cmake/my_robot_interfaces__rosidl_typesupport_introspection_cppExport.cmake
[2.650s] -- Up-to-date: /home/poom/Desktop/ROS2_MiniProject/ros2_ws/install/my_robot_interfaces/share/my_robot_interfaces/cmake/my_robot_interfaces__rosidl_typesupport_introspection_cppExport-noconfig.cmake
[2.650s] -- Up-to-date: /home/poom/Desktop/ROS2_MiniProject/ros2_ws/install/my_robot_interfaces/share/my_robot_interfaces/cmake/my_robot_interfaces__rosidl_typesupport_cppExport.cmake
[2.650s] -- Up-to-date: /home/poom/Desktop/ROS2_MiniProject/ros2_ws/install/my_robot_interfaces/share/my_robot_interfaces/cmake/my_robot_interfaces__rosidl_typesupport_cppExport-noconfig.cmake
[2.650s] -- Up-to-date: /home/poom/Desktop/ROS2_MiniProject/ros2_ws/install/my_robot_interfaces/share/my_robot_interfaces/cmake/export_my_robot_interfaces__rosidl_generator_pyExport.cmake
[2.650s] -- Up-to-date: /home/poom/Desktop/ROS2_MiniProject/ros2_ws/install/my_robot_interfaces/share/my_robot_interfaces/cmake/export_my_robot_interfaces__rosidl_generator_pyExport-noconfig.cmake
[2.650s] -- Installing: /home/poom/Desktop/ROS2_MiniProject/ros2_ws/install/my_robot_interfaces/share/my_robot_interfaces/cmake/rosidl_cmake-extras.cmake
[2.650s] -- Up-to-date: /home/poom/Desktop/ROS2_MiniProject/ros2_ws/install/my_robot_interfaces/share/my_robot_interfaces/cmake/ament_cmake_export_include_directories-extras.cmake
[2.650s] -- Up-to-date: /home/poom/Desktop/ROS2_MiniProject/ros2_ws/install/my_robot_interfaces/share/my_robot_interfaces/cmake/ament_cmake_export_libraries-extras.cmake
[2.650s] -- Up-to-date: /home/poom/Desktop/ROS2_MiniProject/ros2_ws/install/my_robot_interfaces/share/my_robot_interfaces/cmake/ament_cmake_export_targets-extras.cmake
[2.650s] -- Up-to-date: /home/poom/Desktop/ROS2_MiniProject/ros2_ws/install/my_robot_interfaces/share/my_robot_interfaces/cmake/rosidl_cmake_export_typesupport_targets-extras.cmake
[2.650s] -- Up-to-date: /home/poom/Desktop/ROS2_MiniProject/ros2_ws/install/my_robot_interfaces/share/my_robot_interfaces/cmake/ament_cmake_export_dependencies-extras.cmake
[2.650s] -- Up-to-date: /home/poom/Desktop/ROS2_MiniProject/ros2_ws/install/my_robot_interfaces/share/my_robot_interfaces/cmake/rosidl_cmake_export_typesupport_libraries-extras.cmake
[2.650s] -- Up-to-date: /home/poom/Desktop/ROS2_MiniProject/ros2_ws/install/my_robot_interfaces/share/my_robot_interfaces/cmake/my_robot_interfacesConfig.cmake
[2.650s] -- Up-to-date: /home/poom/Desktop/ROS2_MiniProject/ros2_ws/install/my_robot_interfaces/share/my_robot_interfaces/cmake/my_robot_interfacesConfig-version.cmake
[2.650s] -- Up-to-date: /home/poom/Desktop/ROS2_MiniProject/ros2_ws/install/my_robot_interfaces/share/my_robot_interfaces/package.xml
[2.654s] Invoked command in '/home/poom/Desktop/ROS2_MiniProject/ros2_ws/build/my_robot_interfaces' returned '0': CMAKE_PREFIX_PATH=${CMAKE_PREFIX_PATH}:/home/poom/Desktop/ROS2_MiniProject/ros2_ws/install/my_py_pkg:/home/poom/ros2_ws/install/my_py_pkg:/opt/ros/humble /usr/bin/cmake --install /home/poom/Desktop/ROS2_MiniProject/ros2_ws/build/my_robot_interfaces
