[0.010s] Invoking command in '/home/poom/Desktop/ROS2_MiniProject/ros2_ws/build/my_cpp_pkg': CMAKE_PREFIX_PATH=${CMAKE_PREFIX_PATH}:/home/poom/Desktop/ROS2_MiniProject/ros2_ws/install/my_py_pkg:/home/poom/ros2_ws/install/my_py_pkg:/opt/ros/humble /usr/bin/cmake --build /home/poom/Desktop/ROS2_MiniProject/ros2_ws/build/my_cpp_pkg -- -j16 -l16
[0.050s] -- Found ament_cmake: 1.3.9 (/opt/ros/humble/share/ament_cmake/cmake)
[0.140s] -- Found rclcpp: 16.0.9 (/opt/ros/humble/share/rclcpp/cmake)
[0.165s] -- Found rosidl_generator_c: 3.1.5 (/opt/ros/humble/share/rosidl_generator_c/cmake)
[0.167s] -- Found rosidl_adapter: 3.1.5 (/opt/ros/humble/share/rosidl_adapter/cmake)
[0.173s] -- Found rosidl_generator_cpp: 3.1.5 (/opt/ros/humble/share/rosidl_generator_cpp/cmake)
[0.184s] -- Using all available rosidl_typesupport_c: rosidl_typesupport_fastrtps_c;rosidl_typesupport_introspection_c
[0.195s] -- Using all available rosidl_typesupport_cpp: rosidl_typesupport_fastrtps_cpp;rosidl_typesupport_introspection_cpp
[0.232s] -- Found rmw_implementation_cmake: 6.1.2 (/opt/ros/humble/share/rmw_implementation_cmake/cmake)
[0.234s] -- Found rmw_fastrtps_cpp: 6.2.6 (/opt/ros/humble/share/rmw_fastrtps_cpp/cmake)
[0.305s] -- Using RMW implementation 'rmw_fastrtps_cpp' as default
[0.412s] -- Found example_interfaces: 0.9.3 (/opt/ros/humble/share/example_interfaces/cmake)
[0.533s] -- Configuring done
[0.550s] -- Generating done
[0.553s] -- Build files have been written to: /home/poom/Desktop/ROS2_MiniProject/ros2_ws/build/my_cpp_pkg
[0.565s] [35m[1mConsolidate compiler generated dependencies of target smartphone[0m
[0.566s] [35m[1mConsolidate compiler generated dependencies of target robot_news_station[0m
[0.566s] [35m[1mConsolidate compiler generated dependencies of target cpp_node[0m
[0.570s] [ 12%] [32mBuilding CXX object CMakeFiles/Activity002_number_publisher.dir/src/Activity002_number_publisher.cpp.o[0m
[0.576s] [ 37%] Built target cpp_node
[0.576s] [ 62%] Built target smartphone
[0.577s] [ 87%] Built target robot_news_station
[2.759s] [100%] [32m[1mLinking CXX executable Activity002_number_publisher[0m
[2.913s] [100%] Built target Activity002_number_publisher
[2.919s] Invoked command in '/home/poom/Desktop/ROS2_MiniProject/ros2_ws/build/my_cpp_pkg' returned '0': CMAKE_PREFIX_PATH=${CMAKE_PREFIX_PATH}:/home/poom/Desktop/ROS2_MiniProject/ros2_ws/install/my_py_pkg:/home/poom/ros2_ws/install/my_py_pkg:/opt/ros/humble /usr/bin/cmake --build /home/poom/Desktop/ROS2_MiniProject/ros2_ws/build/my_cpp_pkg -- -j16 -l16
[2.941s] Invoking command in '/home/poom/Desktop/ROS2_MiniProject/ros2_ws/build/my_cpp_pkg': CMAKE_PREFIX_PATH=${CMAKE_PREFIX_PATH}:/home/poom/Desktop/ROS2_MiniProject/ros2_ws/install/my_py_pkg:/home/poom/ros2_ws/install/my_py_pkg:/opt/ros/humble /usr/bin/cmake --install /home/poom/Desktop/ROS2_MiniProject/ros2_ws/build/my_cpp_pkg
[2.944s] -- Install configuration: ""
[2.945s] -- Up-to-date: /home/poom/Desktop/ROS2_MiniProject/ros2_ws/install/my_cpp_pkg/lib/my_cpp_pkg/cpp_node
[2.947s] -- Up-to-date: /home/poom/Desktop/ROS2_MiniProject/ros2_ws/install/my_cpp_pkg/lib/my_cpp_pkg/robot_news_station
[2.948s] -- Up-to-date: /home/poom/Desktop/ROS2_MiniProject/ros2_ws/install/my_cpp_pkg/lib/my_cpp_pkg/smartphone
[2.948s] -- Installing: /home/poom/Desktop/ROS2_MiniProject/ros2_ws/install/my_cpp_pkg/lib/my_cpp_pkg/Activity002_number_publisher
[2.949s] -- Set runtime path of "/home/poom/Desktop/ROS2_MiniProject/ros2_ws/install/my_cpp_pkg/lib/my_cpp_pkg/Activity002_number_publisher" to ""
[2.949s] -- Up-to-date: /home/poom/Desktop/ROS2_MiniProject/ros2_ws/install/my_cpp_pkg/share/ament_index/resource_index/package_run_dependencies/my_cpp_pkg
[2.949s] -- Up-to-date: /home/poom/Desktop/ROS2_MiniProject/ros2_ws/install/my_cpp_pkg/share/ament_index/resource_index/parent_prefix_path/my_cpp_pkg
[2.949s] -- Up-to-date: /home/poom/Desktop/ROS2_MiniProject/ros2_ws/install/my_cpp_pkg/share/my_cpp_pkg/environment/ament_prefix_path.sh
[2.949s] -- Installing: /home/poom/Desktop/ROS2_MiniProject/ros2_ws/install/my_cpp_pkg/share/my_cpp_pkg/environment/ament_prefix_path.dsv
[2.949s] -- Up-to-date: /home/poom/Desktop/ROS2_MiniProject/ros2_ws/install/my_cpp_pkg/share/my_cpp_pkg/environment/path.sh
[2.949s] -- Installing: /home/poom/Desktop/ROS2_MiniProject/ros2_ws/install/my_cpp_pkg/share/my_cpp_pkg/environment/path.dsv
[2.949s] -- Up-to-date: /home/poom/Desktop/ROS2_MiniProject/ros2_ws/install/my_cpp_pkg/share/my_cpp_pkg/local_setup.bash
[2.949s] -- Up-to-date: /home/poom/Desktop/ROS2_MiniProject/ros2_ws/install/my_cpp_pkg/share/my_cpp_pkg/local_setup.sh
[2.949s] -- Up-to-date: /home/poom/Desktop/ROS2_MiniProject/ros2_ws/install/my_cpp_pkg/share/my_cpp_pkg/local_setup.zsh
[2.949s] -- Installing: /home/poom/Desktop/ROS2_MiniProject/ros2_ws/install/my_cpp_pkg/share/my_cpp_pkg/local_setup.dsv
[2.949s] -- Installing: /home/poom/Desktop/ROS2_MiniProject/ros2_ws/install/my_cpp_pkg/share/my_cpp_pkg/package.dsv
[2.949s] -- Up-to-date: /home/poom/Desktop/ROS2_MiniProject/ros2_ws/install/my_cpp_pkg/share/ament_index/resource_index/packages/my_cpp_pkg
[2.950s] -- Up-to-date: /home/poom/Desktop/ROS2_MiniProject/ros2_ws/install/my_cpp_pkg/share/my_cpp_pkg/cmake/my_cpp_pkgConfig.cmake
[2.950s] -- Up-to-date: /home/poom/Desktop/ROS2_MiniProject/ros2_ws/install/my_cpp_pkg/share/my_cpp_pkg/cmake/my_cpp_pkgConfig-version.cmake
[2.950s] -- Up-to-date: /home/poom/Desktop/ROS2_MiniProject/ros2_ws/install/my_cpp_pkg/share/my_cpp_pkg/package.xml
[2.952s] Invoked command in '/home/poom/Desktop/ROS2_MiniProject/ros2_ws/build/my_cpp_pkg' returned '0': CMAKE_PREFIX_PATH=${CMAKE_PREFIX_PATH}:/home/poom/Desktop/ROS2_MiniProject/ros2_ws/install/my_py_pkg:/home/poom/ros2_ws/install/my_py_pkg:/opt/ros/humble /usr/bin/cmake --install /home/poom/Desktop/ROS2_MiniProject/ros2_ws/build/my_cpp_pkg
