[0.325s] Invoking command in '/home/poom/Desktop/ROS2_MiniProject/ros2_ws/build/my_py_pkg': PYTHONPATH=/home/poom/Desktop/ROS2_MiniProject/ros2_ws/build/my_py_pkg/prefix_override:/home/poom/Desktop/ROS2_MiniProject/ros2_ws/install/my_py_pkg/lib/python3.10/site-packages:${PYTHONPATH} /usr/bin/python3 -W ignore:setup.py install is deprecated setup.py develop --editable --build-directory /home/poom/Desktop/ROS2_MiniProject/ros2_ws/build/my_py_pkg/build --no-deps symlink_data --force
[0.470s] running develop
[0.536s] running egg_info
[0.536s] writing my_py_pkg.egg-info/PKG-INFO
[0.536s] writing dependency_links to my_py_pkg.egg-info/dependency_links.txt
[0.536s] writing entry points to my_py_pkg.egg-info/entry_points.txt
[0.537s] writing requirements to my_py_pkg.egg-info/requires.txt
[0.537s] writing top-level names to my_py_pkg.egg-info/top_level.txt
[0.540s] reading manifest file 'my_py_pkg.egg-info/SOURCES.txt'
[0.541s] writing manifest file 'my_py_pkg.egg-info/SOURCES.txt'
[0.541s] running build_ext
[0.541s] Creating /home/poom/Desktop/ROS2_MiniProject/ros2_ws/install/my_py_pkg/lib/python3.10/site-packages/my-py-pkg.egg-link (link to .)
[0.541s] Installing Activity002_number_counter script to /home/poom/Desktop/ROS2_MiniProject/ros2_ws/install/my_py_pkg/lib/my_py_pkg
[0.541s] Installing add_two_ints_server script to /home/poom/Desktop/ROS2_MiniProject/ros2_ws/install/my_py_pkg/lib/my_py_pkg
[0.541s] Installing py_node script to /home/poom/Desktop/ROS2_MiniProject/ros2_ws/install/my_py_pkg/lib/my_py_pkg
[0.541s] Installing robot_news_station script to /home/poom/Desktop/ROS2_MiniProject/ros2_ws/install/my_py_pkg/lib/my_py_pkg
[0.541s] Installing smartphone script to /home/poom/Desktop/ROS2_MiniProject/ros2_ws/install/my_py_pkg/lib/my_py_pkg
[0.541s] 
[0.541s] Installed /home/poom/Desktop/ROS2_MiniProject/ros2_ws/build/my_py_pkg
[0.541s] running symlink_data
[0.541s] symbolically linking /home/poom/Desktop/ROS2_MiniProject/ros2_ws/build/my_py_pkg/resource/my_py_pkg -> /home/poom/Desktop/ROS2_MiniProject/ros2_ws/install/my_py_pkg/share/ament_index/resource_index/packages
[0.541s] symbolically linking /home/poom/Desktop/ROS2_MiniProject/ros2_ws/build/my_py_pkg/package.xml -> /home/poom/Desktop/ROS2_MiniProject/ros2_ws/install/my_py_pkg/share/my_py_pkg
[0.562s] Invoked command in '/home/poom/Desktop/ROS2_MiniProject/ros2_ws/build/my_py_pkg' returned '0': PYTHONPATH=/home/poom/Desktop/ROS2_MiniProject/ros2_ws/build/my_py_pkg/prefix_override:/home/poom/Desktop/ROS2_MiniProject/ros2_ws/install/my_py_pkg/lib/python3.10/site-packages:${PYTHONPATH} /usr/bin/python3 -W ignore:setup.py install is deprecated setup.py develop --editable --build-directory /home/poom/Desktop/ROS2_MiniProject/ros2_ws/build/my_py_pkg/build --no-deps symlink_data --force
