[0.286s] Invoking command in '/home/poom/Desktop/ROS2_MiniProject/ros2_ws/build/my_py_pkg': PYTHONPATH=/home/poom/Desktop/ROS2_MiniProject/ros2_ws/build/my_py_pkg/prefix_override:/home/poom/Desktop/ROS2_MiniProject/ros2_ws/install/my_py_pkg/lib/python3.10/site-packages:${PYTHONPATH} /usr/bin/python3 -W ignore:setup.py install is deprecated setup.py develop --uninstall --editable --build-directory /home/poom/Desktop/ROS2_MiniProject/ros2_ws/build/my_py_pkg/build
[0.408s] running develop
[0.473s] Removing /home/poom/Desktop/ROS2_MiniProject/ros2_ws/install/my_py_pkg/lib/python3.10/site-packages/my-py-pkg.egg-link (link to .)
[0.486s] Invoked command in '/home/poom/Desktop/ROS2_MiniProject/ros2_ws/build/my_py_pkg' returned '0': PYTHONPATH=/home/poom/Desktop/ROS2_MiniProject/ros2_ws/build/my_py_pkg/prefix_override:/home/poom/Desktop/ROS2_MiniProject/ros2_ws/install/my_py_pkg/lib/python3.10/site-packages:${PYTHONPATH} /usr/bin/python3 -W ignore:setup.py install is deprecated setup.py develop --uninstall --editable --build-directory /home/poom/Desktop/ROS2_MiniProject/ros2_ws/build/my_py_pkg/build
[0.488s] Invoking command in '/home/poom/Desktop/ROS2_MiniProject/ros2_ws/src/my_py_pkg': PYTHONPATH=/home/poom/Desktop/ROS2_MiniProject/ros2_ws/build/my_py_pkg/prefix_override:/home/poom/Desktop/ROS2_MiniProject/ros2_ws/install/my_py_pkg/lib/python3.10/site-packages:${PYTHONPATH} /usr/bin/python3 -W ignore:setup.py install is deprecated setup.py egg_info --egg-base ../../build/my_py_pkg build --build-base /home/poom/Desktop/ROS2_MiniProject/ros2_ws/build/my_py_pkg/build install --record /home/poom/Desktop/ROS2_MiniProject/ros2_ws/build/my_py_pkg/install.log --single-version-externally-managed install_data --force
[0.591s] running egg_info
[0.592s] writing ../../build/my_py_pkg/my_py_pkg.egg-info/PKG-INFO
[0.592s] writing dependency_links to ../../build/my_py_pkg/my_py_pkg.egg-info/dependency_links.txt
[0.592s] writing entry points to ../../build/my_py_pkg/my_py_pkg.egg-info/entry_points.txt
[0.592s] writing requirements to ../../build/my_py_pkg/my_py_pkg.egg-info/requires.txt
[0.592s] writing top-level names to ../../build/my_py_pkg/my_py_pkg.egg-info/top_level.txt
[0.593s] reading manifest file '../../build/my_py_pkg/my_py_pkg.egg-info/SOURCES.txt'
[0.593s] writing manifest file '../../build/my_py_pkg/my_py_pkg.egg-info/SOURCES.txt'
[0.593s] running build
[0.593s] running build_py
[0.593s] copying my_py_pkg/my_first_node.py -> /home/poom/Desktop/ROS2_MiniProject/ros2_ws/build/my_py_pkg/build/lib/my_py_pkg
[0.593s] running install
[0.593s] running install_lib
[0.594s] creating /home/poom/Desktop/ROS2_MiniProject/ros2_ws/install/my_py_pkg/lib/python3.10/site-packages/my_py_pkg
[0.594s] copying /home/poom/Desktop/ROS2_MiniProject/ros2_ws/build/my_py_pkg/build/lib/my_py_pkg/__init__.py -> /home/poom/Desktop/ROS2_MiniProject/ros2_ws/install/my_py_pkg/lib/python3.10/site-packages/my_py_pkg
[0.594s] copying /home/poom/Desktop/ROS2_MiniProject/ros2_ws/build/my_py_pkg/build/lib/my_py_pkg/my_first_node.py -> /home/poom/Desktop/ROS2_MiniProject/ros2_ws/install/my_py_pkg/lib/python3.10/site-packages/my_py_pkg
[0.594s] byte-compiling /home/poom/Desktop/ROS2_MiniProject/ros2_ws/install/my_py_pkg/lib/python3.10/site-packages/my_py_pkg/__init__.py to __init__.cpython-310.pyc
[0.594s] byte-compiling /home/poom/Desktop/ROS2_MiniProject/ros2_ws/install/my_py_pkg/lib/python3.10/site-packages/my_py_pkg/my_first_node.py to my_first_node.cpython-310.pyc
[0.595s] running install_data
[0.595s] copying resource/my_py_pkg -> /home/poom/Desktop/ROS2_MiniProject/ros2_ws/install/my_py_pkg/share/ament_index/resource_index/packages
[0.595s] copying package.xml -> /home/poom/Desktop/ROS2_MiniProject/ros2_ws/install/my_py_pkg/share/my_py_pkg
[0.595s] running install_egg_info
[0.596s] Copying ../../build/my_py_pkg/my_py_pkg.egg-info to /home/poom/Desktop/ROS2_MiniProject/ros2_ws/install/my_py_pkg/lib/python3.10/site-packages/my_py_pkg-0.0.0-py3.10.egg-info
[0.596s] running install_scripts
[0.604s] Installing py_node script to /home/poom/Desktop/ROS2_MiniProject/ros2_ws/install/my_py_pkg/lib/my_py_pkg
[0.605s] writing list of installed files to '/home/poom/Desktop/ROS2_MiniProject/ros2_ws/build/my_py_pkg/install.log'
[0.615s] Invoked command in '/home/poom/Desktop/ROS2_MiniProject/ros2_ws/src/my_py_pkg' returned '0': PYTHONPATH=/home/poom/Desktop/ROS2_MiniProject/ros2_ws/build/my_py_pkg/prefix_override:/home/poom/Desktop/ROS2_MiniProject/ros2_ws/install/my_py_pkg/lib/python3.10/site-packages:${PYTHONPATH} /usr/bin/python3 -W ignore:setup.py install is deprecated setup.py egg_info --egg-base ../../build/my_py_pkg build --build-base /home/poom/Desktop/ROS2_MiniProject/ros2_ws/build/my_py_pkg/build install --record /home/poom/Desktop/ROS2_MiniProject/ros2_ws/build/my_py_pkg/install.log --single-version-externally-managed install_data --force
