[0.007s] Invoking command in '/home/poom/Desktop/ROS2_MiniProject/ros2_ws/build/my_robot_interfaces': CMAKE_PREFIX_PATH=${CMAKE_PREFIX_PATH}:/home/poom/Desktop/ROS2_MiniProject/ros2_ws/install/my_py_pkg:/home/poom/ros2_ws/install/my_py_pkg:/opt/ros/humble /usr/bin/cmake --build /home/poom/Desktop/ROS2_MiniProject/ros2_ws/build/my_robot_interfaces -- -j16 -l16
[0.042s] -- Found ament_cmake: 1.3.10 (/opt/ros/humble/share/ament_cmake/cmake)
[0.119s] -- Found rosidl_default_generators: 1.2.0 (/opt/ros/humble/share/rosidl_default_generators/cmake)
[0.130s] -- Using all available rosidl_typesupport_c: rosidl_typesupport_fastrtps_c;rosidl_typesupport_introspection_c
[0.138s] -- Found rosidl_adapter: 3.1.5 (/opt/ros/humble/share/rosidl_adapter/cmake)
[0.162s] -- Using all available rosidl_typesupport_cpp: rosidl_typesupport_fastrtps_cpp;rosidl_typesupport_introspection_cpp
[0.285s] -- Configuring incomplete, errors occurred!
[0.285s] See also "/home/poom/Desktop/ROS2_MiniProject/ros2_ws/build/my_robot_interfaces/CMakeFiles/CMakeOutput.log".
[0.285s] [31mCMake Error at /opt/ros/humble/share/rosidl_adapter/cmake/rosidl_adapt_interfaces.cmake:59 (message):
[0.285s]   execute_process(/usr/bin/python3 -m rosidl_adapter --package-name
[0.285s]   my_robot_interfaces --arguments-file
[0.285s]   /home/poom/Desktop/ROS2_MiniProject/ros2_ws/build/my_robot_interfaces/rosidl_adapter__arguments__my_robot_interfaces.json
[0.285s]   --output-dir
[0.285s]   /home/poom/Desktop/ROS2_MiniProject/ros2_ws/build/my_robot_interfaces/rosidl_adapter/my_robot_interfaces
[0.285s]   --output-file
[0.285s]   /home/poom/Desktop/ROS2_MiniProject/ros2_ws/build/my_robot_interfaces/rosidl_adapter/my_robot_interfaces.idls)
[0.285s]   returned error code 1:
[0.285s] 
[0.285s]   Error processing 'Int64 LedNumber' of 'my_robot_interfaces/SetLED_Request':
[0.285s]   ''LedNumber' is an invalid field name.  It should have the pattern
[0.285s]   '^(?!.*__)(?!.*_$)[a-z][a-z0-9_]*$''
[0.285s] 
[0.285s]   Traceback (most recent call last):
[0.286s] 
[0.286s]     File "/usr/lib/python3.10/runpy.py", line 196, in _run_module_as_main
[0.286s]       return _run_code(code, main_globals, None,
[0.286s]     File "/usr/lib/python3.10/runpy.py", line 86, in _run_code
[0.286s]       exec(code, run_globals)
[0.286s]     File "/opt/ros/humble/local/lib/python3.10/dist-packages/rosidl_adapter/__main__.py", line 19, in <module>
[0.286s]       sys.exit(main())
[0.286s]     File "/opt/ros/humble/local/lib/python3.10/dist-packages/rosidl_adapter/main.py", line 53, in main
[0.286s]       abs_idl_file = convert_to_idl(
[0.286s]     File "/opt/ros/humble/local/lib/python3.10/dist-packages/rosidl_adapter/__init__.py", line 24, in convert_to_idl
[0.286s]       return convert_srv_to_idl(
[0.286s]     File "/opt/ros/humble/local/lib/python3.10/dist-packages/rosidl_adapter/srv/__init__.py", line 28, in convert_srv_to_idl
[0.286s]       srv = parse_service_string(package_name, input_file.stem, content)
[0.286s]     File "/opt/ros/humble/local/lib/python3.10/dist-packages/rosidl_adapter/parser.py", line 859, in parse_service_string
[0.286s]       request_message = parse_message_string(
[0.286s]     File "/opt/ros/humble/local/lib/python3.10/dist-packages/rosidl_adapter/parser.py", line 519, in parse_message_string
[0.286s]       fields.append(Field(
[0.286s]     File "/opt/ros/humble/local/lib/python3.10/dist-packages/rosidl_adapter/parser.py", line 354, in __init__
[0.286s]       raise NameError(
[0.286s] 
[0.286s]   NameError: 'LedNumber' is an invalid field name.  It should have the
[0.286s]   pattern '^(?!.*__)(?!.*_$)[a-z][a-z0-9_]*$'
[0.286s] 
[0.286s] Call Stack (most recent call first):
[0.286s]   /opt/ros/humble/share/rosidl_cmake/cmake/rosidl_generate_interfaces.cmake:130 (rosidl_adapt_interfaces)
[0.287s]   CMakeLists.txt:13 (rosidl_generate_interfaces)
[0.287s] 
[0.287s] [0m
[0.287s] gmake: *** [Makefile:963: cmake_check_build_system] Error 1
[0.289s] Invoked command in '/home/poom/Desktop/ROS2_MiniProject/ros2_ws/build/my_robot_interfaces' returned '2': CMAKE_PREFIX_PATH=${CMAKE_PREFIX_PATH}:/home/poom/Desktop/ROS2_MiniProject/ros2_ws/install/my_py_pkg:/home/poom/ros2_ws/install/my_py_pkg:/opt/ros/humble /usr/bin/cmake --build /home/poom/Desktop/ROS2_MiniProject/ros2_ws/build/my_robot_interfaces -- -j16 -l16
