[0.355s] Invoking command in '/home/poom/Desktop/ROS2_MiniProject/ros2_ws/build/my_py_pkg': PYTHONPATH=/home/poom/Desktop/ROS2_MiniProject/ros2_ws/build/my_py_pkg/prefix_override:/home/poom/Desktop/ROS2_MiniProject/ros2_ws/install/my_py_pkg/lib/python3.10/site-packages:${PYTHONPATH} /usr/bin/python3 -W ignore:setup.py install is deprecated setup.py develop --editable --build-directory /home/poom/Desktop/ROS2_MiniProject/ros2_ws/build/my_py_pkg/build --no-deps symlink_data
[0.434s] /home/poom/.local/lib/python3.10/site-packages/setuptools/_distutils/dist.py:261: UserWarning: Unknown distribution option: 'tests_require'
[0.434s]   warnings.warn(msg)
[0.508s] running develop
[0.508s] /home/poom/.local/lib/python3.10/site-packages/setuptools/command/develop.py:41: EasyInstallDeprecationWarning: easy_install command is deprecated.
[0.508s] !!
[0.508s] 
[0.508s]         ********************************************************************************
[0.508s]         Please avoid running ``setup.py`` and ``easy_install``.
[0.508s]         Instead, use pypa/build, pypa/installer or other
[0.508s]         standards-based tools.
[0.508s] 
[0.508s]         See https://github.com/pypa/setuptools/issues/917 for details.
[0.508s]         ********************************************************************************
[0.508s] 
[0.508s] !!
[0.508s]   easy_install.initialize_options(self)
[0.515s] Traceback (most recent call last):
[0.515s]   File "/home/poom/Desktop/ROS2_MiniProject/ros2_ws/build/my_py_pkg/setup.py", line 5, in <module>
[0.515s]     setup(
[0.515s]   File "/home/poom/.local/lib/python3.10/site-packages/setuptools/__init__.py", line 117, in setup
[0.515s]     return distutils.core.setup(**attrs)
[0.515s]   File "/home/poom/.local/lib/python3.10/site-packages/setuptools/_distutils/core.py", line 184, in setup
[0.515s]     return run_commands(dist)
[0.515s]   File "/home/poom/.local/lib/python3.10/site-packages/setuptools/_distutils/core.py", line 200, in run_commands
[0.515s]     dist.run_commands()
[0.515s]   File "/home/poom/.local/lib/python3.10/site-packages/setuptools/_distutils/dist.py", line 954, in run_commands
[0.515s]     self.run_command(cmd)
[0.515s]   File "/home/poom/.local/lib/python3.10/site-packages/setuptools/dist.py", line 950, in run_command
[0.515s]     super().run_command(command)
[0.515s]   File "/home/poom/.local/lib/python3.10/site-packages/setuptools/_distutils/dist.py", line 972, in run_command
[0.515s]     cmd_obj.ensure_finalized()
[0.515s]   File "/home/poom/.local/lib/python3.10/site-packages/setuptools/_distutils/cmd.py", line 111, in ensure_finalized
[0.515s]     self.finalize_options()
[0.515s]   File "/home/poom/.local/lib/python3.10/site-packages/setuptools/command/develop.py", line 51, in finalize_options
[0.515s]     easy_install.finalize_options(self)
[0.515s]   File "/home/poom/.local/lib/python3.10/site-packages/setuptools/command/easy_install.py", line 253, in finalize_options
[0.515s]     'dist_fullname': self.distribution.get_fullname(),
[0.515s]   File "/home/poom/.local/lib/python3.10/site-packages/setuptools/_core_metadata.py", line 267, in get_fullname
[0.515s]     return _distribution_fullname(self.get_name(), self.get_version())
[0.515s]   File "/home/poom/.local/lib/python3.10/site-packages/setuptools/_core_metadata.py", line 285, in _distribution_fullname
[0.515s]     canonicalize_version(version, strip_trailing_zero=False),
[0.515s] TypeError: canonicalize_version() got an unexpected keyword argument 'strip_trailing_zero'
[0.529s] Invoked command in '/home/poom/Desktop/ROS2_MiniProject/ros2_ws/build/my_py_pkg' returned '1': PYTHONPATH=/home/poom/Desktop/ROS2_MiniProject/ros2_ws/build/my_py_pkg/prefix_override:/home/poom/Desktop/ROS2_MiniProject/ros2_ws/install/my_py_pkg/lib/python3.10/site-packages:${PYTHONPATH} /usr/bin/python3 -W ignore:setup.py install is deprecated setup.py develop --editable --build-directory /home/poom/Desktop/ROS2_MiniProject/ros2_ws/build/my_py_pkg/build --no-deps symlink_data
