[0.345s] Invoking command in '/home/poom/Desktop/ROS2_MiniProject/ros2_ws/src/my_py_pkg': PYTHONPATH=/home/poom/Desktop/ROS2_MiniProject/ros2_ws/build/my_py_pkg/prefix_override:/usr/lib/python3/dist-packages/colcon_core/task/python/colcon_distutils_commands:/home/poom/Desktop/ROS2_MiniProject/ros2_ws/install/my_py_pkg/lib/python3.10/site-packages:${PYTHONPATH} /usr/bin/python3 -W ignore:setup.py install is deprecated setup.py egg_info --egg-base ../../build/my_py_pkg build --build-base /home/poom/Desktop/ROS2_MiniProject/ros2_ws/build/my_py_pkg/build install --record /home/poom/Desktop/ROS2_MiniProject/ros2_ws/build/my_py_pkg/install.log --single-version-externally-managed install_data
[0.471s] running egg_info
[0.471s] writing ../../build/my_py_pkg/my_py_pkg.egg-info/PKG-INFO
[0.471s] writing dependency_links to ../../build/my_py_pkg/my_py_pkg.egg-info/dependency_links.txt
[0.471s] writing entry points to ../../build/my_py_pkg/my_py_pkg.egg-info/entry_points.txt
[0.471s] writing requirements to ../../build/my_py_pkg/my_py_pkg.egg-info/requires.txt
[0.471s] writing top-level names to ../../build/my_py_pkg/my_py_pkg.egg-info/top_level.txt
[0.472s] reading manifest file '../../build/my_py_pkg/my_py_pkg.egg-info/SOURCES.txt'
[0.473s] writing manifest file '../../build/my_py_pkg/my_py_pkg.egg-info/SOURCES.txt'
[0.473s] running build
[0.473s] running build_py
[0.473s] copying my_py_pkg/Activity002_number_counter.py -> /home/poom/Desktop/ROS2_MiniProject/ros2_ws/build/my_py_pkg/build/lib/my_py_pkg
[0.474s] running install
[0.474s] running install_lib
[0.474s] copying /home/poom/Desktop/ROS2_MiniProject/ros2_ws/build/my_py_pkg/build/lib/my_py_pkg/Activity002_number_counter.py -> /home/poom/Desktop/ROS2_MiniProject/ros2_ws/install/my_py_pkg/lib/python3.10/site-packages/my_py_pkg
[0.474s] byte-compiling /home/poom/Desktop/ROS2_MiniProject/ros2_ws/install/my_py_pkg/lib/python3.10/site-packages/my_py_pkg/Activity002_number_counter.py to Activity002_number_counter.cpython-310.pyc
[0.475s] running install_data
[0.475s] running install_egg_info
[0.476s] removing '/home/poom/Desktop/ROS2_MiniProject/ros2_ws/install/my_py_pkg/lib/python3.10/site-packages/my_py_pkg-0.0.0-py3.10.egg-info' (and everything under it)
[0.476s] Copying ../../build/my_py_pkg/my_py_pkg.egg-info to /home/poom/Desktop/ROS2_MiniProject/ros2_ws/install/my_py_pkg/lib/python3.10/site-packages/my_py_pkg-0.0.0-py3.10.egg-info
[0.476s] running install_scripts
[0.488s] Installing Activity002_number_counter script to /home/poom/Desktop/ROS2_MiniProject/ros2_ws/install/my_py_pkg/lib/my_py_pkg
[0.488s] Installing add_two_ints_client script to /home/poom/Desktop/ROS2_MiniProject/ros2_ws/install/my_py_pkg/lib/my_py_pkg
[0.488s] Installing add_two_ints_client_no_oop script to /home/poom/Desktop/ROS2_MiniProject/ros2_ws/install/my_py_pkg/lib/my_py_pkg
[0.488s] Installing add_two_ints_server script to /home/poom/Desktop/ROS2_MiniProject/ros2_ws/install/my_py_pkg/lib/my_py_pkg
[0.488s] Installing py_node script to /home/poom/Desktop/ROS2_MiniProject/ros2_ws/install/my_py_pkg/lib/my_py_pkg
[0.488s] Installing robot_news_station script to /home/poom/Desktop/ROS2_MiniProject/ros2_ws/install/my_py_pkg/lib/my_py_pkg
[0.488s] Installing smartphone script to /home/poom/Desktop/ROS2_MiniProject/ros2_ws/install/my_py_pkg/lib/my_py_pkg
[0.488s] writing list of installed files to '/home/poom/Desktop/ROS2_MiniProject/ros2_ws/build/my_py_pkg/install.log'
[0.501s] Invoked command in '/home/poom/Desktop/ROS2_MiniProject/ros2_ws/src/my_py_pkg' returned '0': PYTHONPATH=/home/poom/Desktop/ROS2_MiniProject/ros2_ws/build/my_py_pkg/prefix_override:/usr/lib/python3/dist-packages/colcon_core/task/python/colcon_distutils_commands:/home/poom/Desktop/ROS2_MiniProject/ros2_ws/install/my_py_pkg/lib/python3.10/site-packages:${PYTHONPATH} /usr/bin/python3 -W ignore:setup.py install is deprecated setup.py egg_info --egg-base ../../build/my_py_pkg build --build-base /home/poom/Desktop/ROS2_MiniProject/ros2_ws/build/my_py_pkg/build install --record /home/poom/Desktop/ROS2_MiniProject/ros2_ws/build/my_py_pkg/install.log --single-version-externally-managed install_data
