[0.005s] Invoking command in '/home/poom/Desktop/ROS2_MiniProject/ros2_ws/build/my_robot_interfaces': /usr/bin/cmake --build /home/poom/Desktop/ROS2_MiniProject/ros2_ws/build/my_robot_interfaces -- -j16 -l16
[0.021s] -- Found ament_cmake: 1.3.10 (/opt/ros/humble/share/ament_cmake/cmake)
[0.089s] -- Found rosidl_default_generators: 1.2.0 (/opt/ros/humble/share/rosidl_default_generators/cmake)
[0.090s] -- Using all available rosidl_typesupport_c: rosidl_typesupport_fastrtps_c;rosidl_typesupport_introspection_c
[0.091s] -- Found rosidl_adapter: 3.1.5 (/opt/ros/humble/share/rosidl_adapter/cmake)
[0.104s] -- Using all available rosidl_typesupport_cpp: rosidl_typesupport_fastrtps_cpp;rosidl_typesupport_introspection_cpp
[0.158s] Error parsing '/home/poom/Desktop/ROS2_MiniProject/ros2_ws/src/my_robot_interfaces/package.xml':
[0.179s] Traceback (most recent call last):
[0.179s]   File "/usr/lib/python3/dist-packages/catkin_pkg/package.py", line 610, in parse_package_string
[0.179s]     root = dom.parseString(data)
[0.179s]   File "/usr/lib/python3.10/xml/dom/minidom.py", line 2000, in parseString
[0.180s]     return expatbuilder.parseString(string)
[0.180s]   File "/usr/lib/python3.10/xml/dom/expatbuilder.py", line 925, in parseString
[0.180s]     return builder.parseString(string)
[0.180s]   File "/usr/lib/python3.10/xml/dom/expatbuilder.py", line 223, in parseString
[0.180s]     parser.Parse(string, True)
[0.180s] xml.parsers.expat.ExpatError: mismatched tag: line 24, column 2
[0.180s] 
[0.180s] During handling of the above exception, another exception occurred:
[0.180s] 
[0.180s] Traceback (most recent call last):
[0.180s]   File "/opt/ros/humble/share/ament_cmake_core/cmake/core/package_xml_2_cmake.py", line 150, in <module>
[0.180s]     main()
[0.180s]   File "/opt/ros/humble/share/ament_cmake_core/cmake/core/package_xml_2_cmake.py", line 53, in main
[0.180s]     raise e
[0.180s]   File "/opt/ros/humble/share/ament_cmake_core/cmake/core/package_xml_2_cmake.py", line 49, in main
[0.180s]     package = parse_package_string(
[0.180s]   File "/usr/lib/python3/dist-packages/catkin_pkg/package.py", line 612, in parse_package_string
[0.180s]     raise InvalidPackage('The manifest contains invalid XML:\n%s' % ex, filename)
[0.180s] catkin_pkg.package.InvalidPackage: Error(s) in package '/home/poom/Desktop/ROS2_MiniProject/ros2_ws/src/my_robot_interfaces/package.xml':
[0.180s] The manifest contains invalid XML:
[0.180s] mismatched tag: line 24, column 2
[0.187s] [31mCMake Error at /opt/ros/humble/share/ament_cmake_core/cmake/core/ament_package_xml.cmake:95 (message):
[0.187s]   execute_process(/usr/bin/python3
[0.187s]   /opt/ros/humble/share/ament_cmake_core/cmake/core/package_xml_2_cmake.py
[0.187s]   /home/poom/Desktop/ROS2_MiniProject/ros2_ws/src/my_robot_interfaces/package.xml
[0.187s]   /home/poom/Desktop/ROS2_MiniProject/ros2_ws/build/my_robot_interfaces/ament_cmake_core/package.cmake)
[0.187s]   returned error code 1
[0.187s] Call Stack (most recent call first):
[0.187s]   /opt/ros/humble/share/ament_cmake_core/cmake/core/ament_package_xml.cmake:49 (_ament_package_xml)
[0.187s]   /opt/ros/humble/share/ament_cmake_core/cmake/core/ament_package.cmake:63 (ament_package_xml)
[0.187s]   CMakeLists.txt:20 (ament_package)
[0.187s] 
[0.187s] [0m
[0.187s] -- Configuring incomplete, errors occurred!
[0.187s] See also "/home/poom/Desktop/ROS2_MiniProject/ros2_ws/build/my_robot_interfaces/CMakeFiles/CMakeOutput.log".
[0.189s] gmake: *** [Makefile:226: cmake_check_build_system] Error 1
[0.190s] Invoked command in '/home/poom/Desktop/ROS2_MiniProject/ros2_ws/build/my_robot_interfaces' returned '2': /usr/bin/cmake --build /home/poom/Desktop/ROS2_MiniProject/ros2_ws/build/my_robot_interfaces -- -j16 -l16
