[0.006s] Invoking command in '/home/poom/Desktop/ROS2_MiniProject/ros2_ws/build/my_robot_interfaces': CMAKE_PREFIX_PATH=${CMAKE_PREFIX_PATH}:/home/poom/Desktop/ROS2_MiniProject/ros2_ws/install/my_py_pkg:/home/poom/ros2_ws/install/my_py_pkg:/opt/ros/humble /usr/bin/cmake --build /home/poom/Desktop/ROS2_MiniProject/ros2_ws/build/my_robot_interfaces -- -j16 -l16
[0.021s] -- Found ament_cmake: 1.3.10 (/opt/ros/humble/share/ament_cmake/cmake)
[0.092s] -- Found rosidl_default_generators: 1.2.0 (/opt/ros/humble/share/rosidl_default_generators/cmake)
[0.096s] -- Using all available rosidl_typesupport_c: rosidl_typesupport_fastrtps_c;rosidl_typesupport_introspection_c
[0.096s] -- Found rosidl_adapter: 3.1.5 (/opt/ros/humble/share/rosidl_adapter/cmake)
[0.109s] -- Using all available rosidl_typesupport_cpp: rosidl_typesupport_fastrtps_cpp;rosidl_typesupport_introspection_cpp
[0.241s] [31mCMake Error at /opt/ros/humble/share/rosidl_adapter/cmake/rosidl_adapt_interfaces.cmake:59 (message):
[0.241s]   execute_process(/usr/bin/python3 -m rosidl_adapter --package-name
[0.241s]   my_robot_interfaces --arguments-file
[0.281s]   /home/poom/Desktop/ROS2_MiniProject/ros2_ws/build/my_robot_interfaces/rosidl_adapter__arguments__my_robot_interfaces.json
[0.281s]   --output-dir
[0.281s]   /home/poom/Desktop/ROS2_MiniProject/ros2_ws/build/my_robot_interfaces/rosidl_adapter/my_robot_interfaces
[0.281s]   --output-file
[0.281s]   /home/poom/Desktop/ROS2_MiniProject/ros2_ws/build/my_robot_interfaces/rosidl_adapter/my_robot_interfaces.idls)
[0.281s]   returned error code 1:
[0.281s] 
[0.281s]   Traceback (most recent call last):
[0.281s] 
[0.281s]     File "/usr/lib/python3.10/runpy.py", line 196, in _run_module_as_main
[0.281s]       return _run_code(code, main_globals, None,
[0.281s]     File "/usr/lib/python3.10/runpy.py", line 86, in _run_code
[0.282s]       exec(code, run_globals)
[0.282s]     File "/opt/ros/humble/local/lib/python3.10/dist-packages/rosidl_adapter/__main__.py", line 19, in <module>
[0.282s]       sys.exit(main())
[0.282s]     File "/opt/ros/humble/local/lib/python3.10/dist-packages/rosidl_adapter/main.py", line 53, in main
[0.282s]       abs_idl_file = convert_to_idl(
[0.282s]     File "/opt/ros/humble/local/lib/python3.10/dist-packages/rosidl_adapter/__init__.py", line 24, in convert_to_idl
[0.282s]       return convert_srv_to_idl(
[0.282s]     File "/opt/ros/humble/local/lib/python3.10/dist-packages/rosidl_adapter/srv/__init__.py", line 28, in convert_srv_to_idl
[0.282s]       srv = parse_service_string(package_name, input_file.stem, content)
[0.282s]     File "/opt/ros/humble/local/lib/python3.10/dist-packages/rosidl_adapter/parser.py", line 859, in parse_service_string
[0.282s]       request_message = parse_message_string(
[0.283s]     File "/opt/ros/humble/local/lib/python3.10/dist-packages/rosidl_adapter/parser.py", line 544, in parse_message_string
[0.283s]       msg = MessageSpecification(pkg_name, msg_name, fields, constants)
[0.283s]     File "/opt/ros/humble/local/lib/python3.10/dist-packages/rosidl_adapter/parser.py", line 388, in __init__
[0.283s]       self.base_type = BaseType(
[0.283s]     File "/opt/ros/humble/local/lib/python3.10/dist-packages/rosidl_adapter/parser.py", line 205, in __init__
[0.283s]       raise InvalidResourceName(
[0.283s] 
[0.283s]   rosidl_adapter.parser.InvalidResourceName: 'SetLed_OG_Request' is an
[0.283s]   invalid message name.  It should have the pattern '^[A-Z][A-Za-z0-9]*$'
[0.283s] 
[0.283s] Call Stack (most recent call first):
[0.283s]   /opt/ros/humble/share/rosidl_cmake/cmake/rosidl_generate_interfaces.cmake:130 (rosidl_adapt_interfaces)
[0.283s]   CMakeLists.txt:13 (rosidl_generate_interfaces)
[0.283s] 
[0.283s] [0m
[0.283s] -- Configuring incomplete, errors occurred!
[0.283s] See also "/home/poom/Desktop/ROS2_MiniProject/ros2_ws/build/my_robot_interfaces/CMakeFiles/CMakeOutput.log".
[0.286s] gmake: *** [Makefile:1611: cmake_check_build_system] Error 1
[0.287s] Invoked command in '/home/poom/Desktop/ROS2_MiniProject/ros2_ws/build/my_robot_interfaces' returned '2': CMAKE_PREFIX_PATH=${CMAKE_PREFIX_PATH}:/home/poom/Desktop/ROS2_MiniProject/ros2_ws/install/my_py_pkg:/home/poom/ros2_ws/install/my_py_pkg:/opt/ros/humble /usr/bin/cmake --build /home/poom/Desktop/ROS2_MiniProject/ros2_ws/build/my_robot_interfaces -- -j16 -l16
