[0.016s] Invoking command in '/home/poom/Desktop/ROS2_MiniProject/build/my_cpp_pkg': CMAKE_PREFIX_PATH=${CMAKE_PREFIX_PATH}:/home/poom/Desktop/ROS2_MiniProject/ros2_ws/install/my_py_pkg:/home/poom/ros2_ws/install/my_py_pkg:/opt/ros/humble /usr/bin/cmake --build /home/poom/Desktop/ROS2_MiniProject/build/my_cpp_pkg -- -j16 -l16
[0.033s] [35m[1mConsolidate compiler generated dependencies of target add_two_ints_server[0m
[0.040s] [ 20%] Built target cpp_node
[0.040s] [ 60%] Built target smartphone
[0.040s] [ 60%] Built target Activity002_number_publisher
[0.040s] [ 80%] Built target robot_news_station
[0.043s] [100%] Built target add_two_ints_server
[0.049s] Invoked command in '/home/poom/Desktop/ROS2_MiniProject/build/my_cpp_pkg' returned '0': CMAKE_PREFIX_PATH=${CMAKE_PREFIX_PATH}:/home/poom/Desktop/ROS2_MiniProject/ros2_ws/install/my_py_pkg:/home/poom/ros2_ws/install/my_py_pkg:/opt/ros/humble /usr/bin/cmake --build /home/poom/Desktop/ROS2_MiniProject/build/my_cpp_pkg -- -j16 -l16
[0.075s] Invoking command in '/home/poom/Desktop/ROS2_MiniProject/build/my_cpp_pkg': CMAKE_PREFIX_PATH=${CMAKE_PREFIX_PATH}:/home/poom/Desktop/ROS2_MiniProject/ros2_ws/install/my_py_pkg:/home/poom/ros2_ws/install/my_py_pkg:/opt/ros/humble /usr/bin/cmake --install /home/poom/Desktop/ROS2_MiniProject/build/my_cpp_pkg
[0.080s] -- Install configuration: ""
[0.080s] -- Up-to-date: /home/poom/Desktop/ROS2_MiniProject/install/my_cpp_pkg/lib/my_cpp_pkg/cpp_node
[0.080s] -- Up-to-date: /home/poom/Desktop/ROS2_MiniProject/install/my_cpp_pkg/lib/my_cpp_pkg/robot_news_station
[0.080s] -- Up-to-date: /home/poom/Desktop/ROS2_MiniProject/install/my_cpp_pkg/lib/my_cpp_pkg/smartphone
[0.080s] -- Up-to-date: /home/poom/Desktop/ROS2_MiniProject/install/my_cpp_pkg/lib/my_cpp_pkg/Activity002_number_publisher
[0.080s] -- Up-to-date: /home/poom/Desktop/ROS2_MiniProject/install/my_cpp_pkg/lib/my_cpp_pkg/add_two_ints_server
[0.080s] -- Up-to-date: /home/poom/Desktop/ROS2_MiniProject/install/my_cpp_pkg/share/ament_index/resource_index/package_run_dependencies/my_cpp_pkg
[0.080s] -- Up-to-date: /home/poom/Desktop/ROS2_MiniProject/install/my_cpp_pkg/share/ament_index/resource_index/parent_prefix_path/my_cpp_pkg
[0.080s] -- Up-to-date: /home/poom/Desktop/ROS2_MiniProject/install/my_cpp_pkg/share/my_cpp_pkg/environment/ament_prefix_path.sh
[0.080s] -- Up-to-date: /home/poom/Desktop/ROS2_MiniProject/install/my_cpp_pkg/share/my_cpp_pkg/environment/ament_prefix_path.dsv
[0.080s] -- Up-to-date: /home/poom/Desktop/ROS2_MiniProject/install/my_cpp_pkg/share/my_cpp_pkg/environment/path.sh
[0.080s] -- Up-to-date: /home/poom/Desktop/ROS2_MiniProject/install/my_cpp_pkg/share/my_cpp_pkg/environment/path.dsv
[0.080s] -- Up-to-date: /home/poom/Desktop/ROS2_MiniProject/install/my_cpp_pkg/share/my_cpp_pkg/local_setup.bash
[0.080s] -- Up-to-date: /home/poom/Desktop/ROS2_MiniProject/install/my_cpp_pkg/share/my_cpp_pkg/local_setup.sh
[0.080s] -- Up-to-date: /home/poom/Desktop/ROS2_MiniProject/install/my_cpp_pkg/share/my_cpp_pkg/local_setup.zsh
[0.081s] -- Up-to-date: /home/poom/Desktop/ROS2_MiniProject/install/my_cpp_pkg/share/my_cpp_pkg/local_setup.dsv
[0.081s] -- Installing: /home/poom/Desktop/ROS2_MiniProject/install/my_cpp_pkg/share/my_cpp_pkg/package.dsv
[0.081s] -- Up-to-date: /home/poom/Desktop/ROS2_MiniProject/install/my_cpp_pkg/share/ament_index/resource_index/packages/my_cpp_pkg
[0.081s] -- Up-to-date: /home/poom/Desktop/ROS2_MiniProject/install/my_cpp_pkg/share/my_cpp_pkg/cmake/my_cpp_pkgConfig.cmake
[0.081s] -- Up-to-date: /home/poom/Desktop/ROS2_MiniProject/install/my_cpp_pkg/share/my_cpp_pkg/cmake/my_cpp_pkgConfig-version.cmake
[0.081s] -- Up-to-date: /home/poom/Desktop/ROS2_MiniProject/install/my_cpp_pkg/share/my_cpp_pkg/package.xml
[0.081s] Invoked command in '/home/poom/Desktop/ROS2_MiniProject/build/my_cpp_pkg' returned '0': CMAKE_PREFIX_PATH=${CMAKE_PREFIX_PATH}:/home/poom/Desktop/ROS2_MiniProject/ros2_ws/install/my_py_pkg:/home/poom/ros2_ws/install/my_py_pkg:/opt/ros/humble /usr/bin/cmake --install /home/poom/Desktop/ROS2_MiniProject/build/my_cpp_pkg
