[0.027s] Invoking command in '/home/poom/Desktop/ROS2_MiniProject/ros2_ws/build/my_robot_bringup': CMAKE_PREFIX_PATH=${CMAKE_PREFIX_PATH}:/home/poom/Desktop/ROS2_MiniProject/ros2_ws/install/my_py_pkg:/home/poom/ros2_ws/install/my_py_pkg:/opt/ros/humble /usr/bin/cmake /home/poom/Desktop/ROS2_MiniProject/ros2_ws/src/my_robot_bringup -DAMENT_CMAKE_SYMLINK_INSTALL=1 -DCMAKE_INSTALL_PREFIX=/home/poom/Desktop/ROS2_MiniProject/ros2_ws/install/my_robot_bringup
[0.035s] -- Found ament_cmake: 1.3.10 (/opt/ros/humble/share/ament_cmake/cmake)
[0.100s] -- Override CMake install command with custom implementation using symlinks instead of copying resources
[0.147s] -- Configuring done
[0.148s] -- Generating done
[0.149s] -- Build files have been written to: /home/poom/Desktop/ROS2_MiniProject/ros2_ws/build/my_robot_bringup
[0.151s] Invoked command in '/home/poom/Desktop/ROS2_MiniProject/ros2_ws/build/my_robot_bringup' returned '0': CMAKE_PREFIX_PATH=${CMAKE_PREFIX_PATH}:/home/poom/Desktop/ROS2_MiniProject/ros2_ws/install/my_py_pkg:/home/poom/ros2_ws/install/my_py_pkg:/opt/ros/humble /usr/bin/cmake /home/poom/Desktop/ROS2_MiniProject/ros2_ws/src/my_robot_bringup -DAMENT_CMAKE_SYMLINK_INSTALL=1 -DCMAKE_INSTALL_PREFIX=/home/poom/Desktop/ROS2_MiniProject/ros2_ws/install/my_robot_bringup
[0.152s] Invoking command in '/home/poom/Desktop/ROS2_MiniProject/ros2_ws/build/my_robot_bringup': CMAKE_PREFIX_PATH=${CMAKE_PREFIX_PATH}:/home/poom/Desktop/ROS2_MiniProject/ros2_ws/install/my_py_pkg:/home/poom/ros2_ws/install/my_py_pkg:/opt/ros/humble /usr/bin/cmake --build /home/poom/Desktop/ROS2_MiniProject/ros2_ws/build/my_robot_bringup -- -j16 -l16
[0.170s] Invoked command in '/home/poom/Desktop/ROS2_MiniProject/ros2_ws/build/my_robot_bringup' returned '0': CMAKE_PREFIX_PATH=${CMAKE_PREFIX_PATH}:/home/poom/Desktop/ROS2_MiniProject/ros2_ws/install/my_py_pkg:/home/poom/ros2_ws/install/my_py_pkg:/opt/ros/humble /usr/bin/cmake --build /home/poom/Desktop/ROS2_MiniProject/ros2_ws/build/my_robot_bringup -- -j16 -l16
[0.190s] Invoking command in '/home/poom/Desktop/ROS2_MiniProject/ros2_ws/build/my_robot_bringup': CMAKE_PREFIX_PATH=${CMAKE_PREFIX_PATH}:/home/poom/Desktop/ROS2_MiniProject/ros2_ws/install/my_py_pkg:/home/poom/ros2_ws/install/my_py_pkg:/opt/ros/humble /usr/bin/cmake --install /home/poom/Desktop/ROS2_MiniProject/ros2_ws/build/my_robot_bringup
[0.194s] -- Install configuration: ""
[0.194s] -- Execute custom install script
[0.194s] -- Symlinking: /home/poom/Desktop/ROS2_MiniProject/ros2_ws/install/my_robot_bringup/share/my_robot_bringup/launch/number_app.launch.py
[0.198s] -- Symlinking: /home/poom/Desktop/ROS2_MiniProject/ros2_ws/install/my_robot_bringup/share/ament_index/resource_index/package_run_dependencies/my_robot_bringup
[0.202s] -- Symlinking: /home/poom/Desktop/ROS2_MiniProject/ros2_ws/install/my_robot_bringup/share/ament_index/resource_index/parent_prefix_path/my_robot_bringup
[0.206s] -- Symlinking: /home/poom/Desktop/ROS2_MiniProject/ros2_ws/install/my_robot_bringup/share/my_robot_bringup/environment/ament_prefix_path.sh
[0.210s] -- Symlinking: /home/poom/Desktop/ROS2_MiniProject/ros2_ws/install/my_robot_bringup/share/my_robot_bringup/environment/ament_prefix_path.dsv
[0.214s] -- Symlinking: /home/poom/Desktop/ROS2_MiniProject/ros2_ws/install/my_robot_bringup/share/my_robot_bringup/environment/path.sh
[0.217s] -- Symlinking: /home/poom/Desktop/ROS2_MiniProject/ros2_ws/install/my_robot_bringup/share/my_robot_bringup/environment/path.dsv
[0.221s] -- Symlinking: /home/poom/Desktop/ROS2_MiniProject/ros2_ws/install/my_robot_bringup/share/my_robot_bringup/local_setup.bash
[0.226s] -- Symlinking: /home/poom/Desktop/ROS2_MiniProject/ros2_ws/install/my_robot_bringup/share/my_robot_bringup/local_setup.sh
[0.230s] -- Symlinking: /home/poom/Desktop/ROS2_MiniProject/ros2_ws/install/my_robot_bringup/share/my_robot_bringup/local_setup.zsh
[0.236s] -- Symlinking: /home/poom/Desktop/ROS2_MiniProject/ros2_ws/install/my_robot_bringup/share/my_robot_bringup/local_setup.dsv
[0.240s] -- Symlinking: /home/poom/Desktop/ROS2_MiniProject/ros2_ws/install/my_robot_bringup/share/my_robot_bringup/package.dsv
[0.245s] -- Symlinking: /home/poom/Desktop/ROS2_MiniProject/ros2_ws/install/my_robot_bringup/share/ament_index/resource_index/packages/my_robot_bringup
[0.248s] -- Symlinking: /home/poom/Desktop/ROS2_MiniProject/ros2_ws/install/my_robot_bringup/share/my_robot_bringup/cmake/my_robot_bringupConfig.cmake
[0.252s] -- Symlinking: /home/poom/Desktop/ROS2_MiniProject/ros2_ws/install/my_robot_bringup/share/my_robot_bringup/cmake/my_robot_bringupConfig-version.cmake
[0.256s] -- Symlinking: /home/poom/Desktop/ROS2_MiniProject/ros2_ws/install/my_robot_bringup/share/my_robot_bringup/package.xml
[0.261s] Invoked command in '/home/poom/Desktop/ROS2_MiniProject/ros2_ws/build/my_robot_bringup' returned '0': CMAKE_PREFIX_PATH=${CMAKE_PREFIX_PATH}:/home/poom/Desktop/ROS2_MiniProject/ros2_ws/install/my_py_pkg:/home/poom/ros2_ws/install/my_py_pkg:/opt/ros/humble /usr/bin/cmake --install /home/poom/Desktop/ROS2_MiniProject/ros2_ws/build/my_robot_bringup
