[0.007s] Invoking command in '/home/poom/Desktop/ROS2_MiniProject/ros2_ws/build/my_robot_bringup': CMAKE_PREFIX_PATH=${CMAKE_PREFIX_PATH}:/home/poom/Desktop/ROS2_MiniProject/ros2_ws/install/my_py_pkg:/home/poom/ros2_ws/install/my_py_pkg:/opt/ros/humble /usr/bin/cmake /home/poom/Desktop/ROS2_MiniProject/ros2_ws/src/my_robot_bringup -DCMAKE_INSTALL_PREFIX=/home/poom/Desktop/ROS2_MiniProject/ros2_ws/install/my_robot_bringup
[0.014s] -- Found ament_cmake: 1.3.10 (/opt/ros/humble/share/ament_cmake/cmake)
[0.080s] -- Override CMake install command with custom implementation using symlinks instead of copying resources
[0.138s] -- Configuring done
[0.140s] -- Generating done
[0.140s] -- Build files have been written to: /home/poom/Desktop/ROS2_MiniProject/ros2_ws/build/my_robot_bringup
[0.143s] Invoked command in '/home/poom/Desktop/ROS2_MiniProject/ros2_ws/build/my_robot_bringup' returned '0': CMAKE_PREFIX_PATH=${CMAKE_PREFIX_PATH}:/home/poom/Desktop/ROS2_MiniProject/ros2_ws/install/my_py_pkg:/home/poom/ros2_ws/install/my_py_pkg:/opt/ros/humble /usr/bin/cmake /home/poom/Desktop/ROS2_MiniProject/ros2_ws/src/my_robot_bringup -DCMAKE_INSTALL_PREFIX=/home/poom/Desktop/ROS2_MiniProject/ros2_ws/install/my_robot_bringup
[0.143s] Invoking command in '/home/poom/Desktop/ROS2_MiniProject/ros2_ws/build/my_robot_bringup': CMAKE_PREFIX_PATH=${CMAKE_PREFIX_PATH}:/home/poom/Desktop/ROS2_MiniProject/ros2_ws/install/my_py_pkg:/home/poom/ros2_ws/install/my_py_pkg:/opt/ros/humble /usr/bin/cmake --build /home/poom/Desktop/ROS2_MiniProject/ros2_ws/build/my_robot_bringup -- -j16 -l16
[0.166s] Invoked command in '/home/poom/Desktop/ROS2_MiniProject/ros2_ws/build/my_robot_bringup' returned '0': CMAKE_PREFIX_PATH=${CMAKE_PREFIX_PATH}:/home/poom/Desktop/ROS2_MiniProject/ros2_ws/install/my_py_pkg:/home/poom/ros2_ws/install/my_py_pkg:/opt/ros/humble /usr/bin/cmake --build /home/poom/Desktop/ROS2_MiniProject/ros2_ws/build/my_robot_bringup -- -j16 -l16
[0.180s] Invoking command in '/home/poom/Desktop/ROS2_MiniProject/ros2_ws/build/my_robot_bringup': CMAKE_PREFIX_PATH=${CMAKE_PREFIX_PATH}:/home/poom/Desktop/ROS2_MiniProject/ros2_ws/install/my_py_pkg:/home/poom/ros2_ws/install/my_py_pkg:/opt/ros/humble /usr/bin/cmake --install /home/poom/Desktop/ROS2_MiniProject/ros2_ws/build/my_robot_bringup
[0.185s] -- Install configuration: ""
[0.185s] -- Execute custom install script
[0.186s] -- Symlinking: /home/poom/Desktop/ROS2_MiniProject/ros2_ws/install/my_robot_bringup/share/my_robot_bringup/launch/Activity006.launch.py
[0.191s] -- Up-to-date symlink: /home/poom/Desktop/ROS2_MiniProject/ros2_ws/install/my_robot_bringup/share/my_robot_bringup/launch/number_app.launch.py
[0.191s] -- Up-to-date symlink: /home/poom/Desktop/ROS2_MiniProject/ros2_ws/install/my_robot_bringup/share/ament_index/resource_index/package_run_dependencies/my_robot_bringup
[0.191s] -- Up-to-date symlink: /home/poom/Desktop/ROS2_MiniProject/ros2_ws/install/my_robot_bringup/share/ament_index/resource_index/parent_prefix_path/my_robot_bringup
[0.191s] -- Up-to-date symlink: /home/poom/Desktop/ROS2_MiniProject/ros2_ws/install/my_robot_bringup/share/my_robot_bringup/environment/ament_prefix_path.sh
[0.191s] -- Up-to-date symlink: /home/poom/Desktop/ROS2_MiniProject/ros2_ws/install/my_robot_bringup/share/my_robot_bringup/environment/ament_prefix_path.dsv
[0.191s] -- Up-to-date symlink: /home/poom/Desktop/ROS2_MiniProject/ros2_ws/install/my_robot_bringup/share/my_robot_bringup/environment/path.sh
[0.191s] -- Up-to-date symlink: /home/poom/Desktop/ROS2_MiniProject/ros2_ws/install/my_robot_bringup/share/my_robot_bringup/environment/path.dsv
[0.191s] -- Up-to-date symlink: /home/poom/Desktop/ROS2_MiniProject/ros2_ws/install/my_robot_bringup/share/my_robot_bringup/local_setup.bash
[0.191s] -- Up-to-date symlink: /home/poom/Desktop/ROS2_MiniProject/ros2_ws/install/my_robot_bringup/share/my_robot_bringup/local_setup.sh
[0.191s] -- Up-to-date symlink: /home/poom/Desktop/ROS2_MiniProject/ros2_ws/install/my_robot_bringup/share/my_robot_bringup/local_setup.zsh
[0.192s] -- Up-to-date symlink: /home/poom/Desktop/ROS2_MiniProject/ros2_ws/install/my_robot_bringup/share/my_robot_bringup/local_setup.dsv
[0.192s] -- Symlinking: /home/poom/Desktop/ROS2_MiniProject/ros2_ws/install/my_robot_bringup/share/my_robot_bringup/package.dsv
[0.196s] -- Up-to-date symlink: /home/poom/Desktop/ROS2_MiniProject/ros2_ws/install/my_robot_bringup/share/ament_index/resource_index/packages/my_robot_bringup
[0.196s] -- Up-to-date symlink: /home/poom/Desktop/ROS2_MiniProject/ros2_ws/install/my_robot_bringup/share/my_robot_bringup/cmake/my_robot_bringupConfig.cmake
[0.196s] -- Up-to-date symlink: /home/poom/Desktop/ROS2_MiniProject/ros2_ws/install/my_robot_bringup/share/my_robot_bringup/cmake/my_robot_bringupConfig-version.cmake
[0.196s] -- Up-to-date symlink: /home/poom/Desktop/ROS2_MiniProject/ros2_ws/install/my_robot_bringup/share/my_robot_bringup/package.xml
[0.197s] Invoked command in '/home/poom/Desktop/ROS2_MiniProject/ros2_ws/build/my_robot_bringup' returned '0': CMAKE_PREFIX_PATH=${CMAKE_PREFIX_PATH}:/home/poom/Desktop/ROS2_MiniProject/ros2_ws/install/my_py_pkg:/home/poom/ros2_ws/install/my_py_pkg:/opt/ros/humble /usr/bin/cmake --install /home/poom/Desktop/ROS2_MiniProject/ros2_ws/build/my_robot_bringup
