[0.028s] Invoking command in '/home/poom/Desktop/ROS2_MiniProject/ros2_ws/build/my_robot_bringup': CMAKE_PREFIX_PATH=${CMAKE_PREFIX_PATH}:/home/poom/Desktop/ROS2_MiniProject/ros2_ws/install/my_py_pkg:/home/poom/ros2_ws/install/my_py_pkg:/opt/ros/humble /usr/bin/cmake /home/poom/Desktop/ROS2_MiniProject/ros2_ws/src/my_robot_bringup -DCMAKE_INSTALL_PREFIX=/home/poom/Desktop/ROS2_MiniProject/ros2_ws/install/my_robot_bringup
[0.122s] -- The C compiler identification is GNU 11.4.0
[0.178s] -- The CXX compiler identification is GNU 11.4.0
[0.186s] -- Detecting C compiler ABI info
[0.234s] -- Detecting C compiler ABI info - done
[0.238s] -- Check for working C compiler: /usr/bin/cc - skipped
[0.238s] -- Detecting C compile features
[0.239s] -- Detecting C compile features - done
[0.242s] -- Detecting CXX compiler ABI info
[0.286s] -- Detecting CXX compiler ABI info - done
[0.291s] -- Check for working CXX compiler: /usr/bin/c++ - skipped
[0.291s] -- Detecting CXX compile features
[0.291s] -- Detecting CXX compile features - done
[0.297s] -- Found ament_cmake: 1.3.10 (/opt/ros/humble/share/ament_cmake/cmake)
[0.392s] -- Found Python3: /usr/bin/python3 (found version "3.10.12") found components: Interpreter 
[0.515s] -- Configuring done
[0.535s] -- Generating done
[0.535s] -- Build files have been written to: /home/poom/Desktop/ROS2_MiniProject/ros2_ws/build/my_robot_bringup
[0.539s] Invoked command in '/home/poom/Desktop/ROS2_MiniProject/ros2_ws/build/my_robot_bringup' returned '0': CMAKE_PREFIX_PATH=${CMAKE_PREFIX_PATH}:/home/poom/Desktop/ROS2_MiniProject/ros2_ws/install/my_py_pkg:/home/poom/ros2_ws/install/my_py_pkg:/opt/ros/humble /usr/bin/cmake /home/poom/Desktop/ROS2_MiniProject/ros2_ws/src/my_robot_bringup -DCMAKE_INSTALL_PREFIX=/home/poom/Desktop/ROS2_MiniProject/ros2_ws/install/my_robot_bringup
[0.539s] Invoking command in '/home/poom/Desktop/ROS2_MiniProject/ros2_ws/build/my_robot_bringup': CMAKE_PREFIX_PATH=${CMAKE_PREFIX_PATH}:/home/poom/Desktop/ROS2_MiniProject/ros2_ws/install/my_py_pkg:/home/poom/ros2_ws/install/my_py_pkg:/opt/ros/humble /usr/bin/cmake --build /home/poom/Desktop/ROS2_MiniProject/ros2_ws/build/my_robot_bringup -- -j16 -l16
[0.558s] Invoked command in '/home/poom/Desktop/ROS2_MiniProject/ros2_ws/build/my_robot_bringup' returned '0': CMAKE_PREFIX_PATH=${CMAKE_PREFIX_PATH}:/home/poom/Desktop/ROS2_MiniProject/ros2_ws/install/my_py_pkg:/home/poom/ros2_ws/install/my_py_pkg:/opt/ros/humble /usr/bin/cmake --build /home/poom/Desktop/ROS2_MiniProject/ros2_ws/build/my_robot_bringup -- -j16 -l16
[0.574s] Invoking command in '/home/poom/Desktop/ROS2_MiniProject/ros2_ws/build/my_robot_bringup': CMAKE_PREFIX_PATH=${CMAKE_PREFIX_PATH}:/home/poom/Desktop/ROS2_MiniProject/ros2_ws/install/my_py_pkg:/home/poom/ros2_ws/install/my_py_pkg:/opt/ros/humble /usr/bin/cmake --install /home/poom/Desktop/ROS2_MiniProject/ros2_ws/build/my_robot_bringup
[0.578s] -- Install configuration: ""
[0.578s] -- Installing: /home/poom/Desktop/ROS2_MiniProject/ros2_ws/install/my_robot_bringup/share/my_robot_bringup/launch
[0.578s] -- Installing: /home/poom/Desktop/ROS2_MiniProject/ros2_ws/install/my_robot_bringup/share/my_robot_bringup/launch/number_app.launch.py
[0.579s] -- Installing: /home/poom/Desktop/ROS2_MiniProject/ros2_ws/install/my_robot_bringup/share/ament_index/resource_index/package_run_dependencies/my_robot_bringup
[0.579s] -- Installing: /home/poom/Desktop/ROS2_MiniProject/ros2_ws/install/my_robot_bringup/share/ament_index/resource_index/parent_prefix_path/my_robot_bringup
[0.579s] -- Installing: /home/poom/Desktop/ROS2_MiniProject/ros2_ws/install/my_robot_bringup/share/my_robot_bringup/environment/ament_prefix_path.sh
[0.579s] -- Installing: /home/poom/Desktop/ROS2_MiniProject/ros2_ws/install/my_robot_bringup/share/my_robot_bringup/environment/ament_prefix_path.dsv
[0.579s] -- Installing: /home/poom/Desktop/ROS2_MiniProject/ros2_ws/install/my_robot_bringup/share/my_robot_bringup/environment/path.sh
[0.579s] -- Installing: /home/poom/Desktop/ROS2_MiniProject/ros2_ws/install/my_robot_bringup/share/my_robot_bringup/environment/path.dsv
[0.579s] -- Installing: /home/poom/Desktop/ROS2_MiniProject/ros2_ws/install/my_robot_bringup/share/my_robot_bringup/local_setup.bash
[0.579s] -- Installing: /home/poom/Desktop/ROS2_MiniProject/ros2_ws/install/my_robot_bringup/share/my_robot_bringup/local_setup.sh
[0.579s] -- Installing: /home/poom/Desktop/ROS2_MiniProject/ros2_ws/install/my_robot_bringup/share/my_robot_bringup/local_setup.zsh
[0.579s] -- Installing: /home/poom/Desktop/ROS2_MiniProject/ros2_ws/install/my_robot_bringup/share/my_robot_bringup/local_setup.dsv
[0.579s] -- Installing: /home/poom/Desktop/ROS2_MiniProject/ros2_ws/install/my_robot_bringup/share/my_robot_bringup/package.dsv
[0.579s] -- Installing: /home/poom/Desktop/ROS2_MiniProject/ros2_ws/install/my_robot_bringup/share/ament_index/resource_index/packages/my_robot_bringup
[0.579s] -- Installing: /home/poom/Desktop/ROS2_MiniProject/ros2_ws/install/my_robot_bringup/share/my_robot_bringup/cmake/my_robot_bringupConfig.cmake
[0.579s] -- Installing: /home/poom/Desktop/ROS2_MiniProject/ros2_ws/install/my_robot_bringup/share/my_robot_bringup/cmake/my_robot_bringupConfig-version.cmake
[0.579s] -- Installing: /home/poom/Desktop/ROS2_MiniProject/ros2_ws/install/my_robot_bringup/share/my_robot_bringup/package.xml
[0.581s] Invoked command in '/home/poom/Desktop/ROS2_MiniProject/ros2_ws/build/my_robot_bringup' returned '0': CMAKE_PREFIX_PATH=${CMAKE_PREFIX_PATH}:/home/poom/Desktop/ROS2_MiniProject/ros2_ws/install/my_py_pkg:/home/poom/ros2_ws/install/my_py_pkg:/opt/ros/humble /usr/bin/cmake --install /home/poom/Desktop/ROS2_MiniProject/ros2_ws/build/my_robot_bringup
