[0.290s] Invoking command in '/home/poom/Desktop/ROS2_MiniProject/ros2_ws/build/my_py_pkg': PYTHONPATH=/home/poom/Desktop/ROS2_MiniProject/ros2_ws/build/my_py_pkg/prefix_override:/home/poom/Desktop/ROS2_MiniProject/ros2_ws/install/my_py_pkg/lib/python3.10/site-packages:${PYTHONPATH} /usr/bin/python3 -W ignore:setup.py install is deprecated setup.py develop --editable --build-directory /home/poom/Desktop/ROS2_MiniProject/ros2_ws/build/my_py_pkg/build --no-deps symlink_data --force
[0.417s] running develop
[0.419s] /usr/lib/python3/dist-packages/setuptools/command/easy_install.py:158: EasyInstallDeprecationWarning: easy_install command is deprecated. Use build and pip and other standards-based tools.
[0.419s]   warnings.warn(
[0.486s] running egg_info
[0.486s] writing my_py_pkg.egg-info/PKG-INFO
[0.486s] writing dependency_links to my_py_pkg.egg-info/dependency_links.txt
[0.487s] writing entry points to my_py_pkg.egg-info/entry_points.txt
[0.487s] writing requirements to my_py_pkg.egg-info/requires.txt
[0.487s] writing top-level names to my_py_pkg.egg-info/top_level.txt
[0.488s] reading manifest file 'my_py_pkg.egg-info/SOURCES.txt'
[0.488s] writing manifest file 'my_py_pkg.egg-info/SOURCES.txt'
[0.489s] running build_ext
[0.489s] Creating /home/poom/Desktop/ROS2_MiniProject/ros2_ws/install/my_py_pkg/lib/python3.10/site-packages/my-py-pkg.egg-link (link to .)
[0.490s] Installing py_node script to /home/poom/Desktop/ROS2_MiniProject/ros2_ws/install/my_py_pkg/lib/my_py_pkg
[0.490s] 
[0.490s] Installed /home/poom/Desktop/ROS2_MiniProject/ros2_ws/build/my_py_pkg
[0.490s] running symlink_data
[0.490s] symbolically linking /home/poom/Desktop/ROS2_MiniProject/ros2_ws/build/my_py_pkg/resource/my_py_pkg -> /home/poom/Desktop/ROS2_MiniProject/ros2_ws/install/my_py_pkg/share/ament_index/resource_index/packages
[0.490s] symbolically linking /home/poom/Desktop/ROS2_MiniProject/ros2_ws/build/my_py_pkg/package.xml -> /home/poom/Desktop/ROS2_MiniProject/ros2_ws/install/my_py_pkg/share/my_py_pkg
[0.503s] Invoked command in '/home/poom/Desktop/ROS2_MiniProject/ros2_ws/build/my_py_pkg' returned '0': PYTHONPATH=/home/poom/Desktop/ROS2_MiniProject/ros2_ws/build/my_py_pkg/prefix_override:/home/poom/Desktop/ROS2_MiniProject/ros2_ws/install/my_py_pkg/lib/python3.10/site-packages:${PYTHONPATH} /usr/bin/python3 -W ignore:setup.py install is deprecated setup.py develop --editable --build-directory /home/poom/Desktop/ROS2_MiniProject/ros2_ws/build/my_py_pkg/build --no-deps symlink_data --force
