[0.300s] Invoking command in '/home/poom/Desktop/ROS2_MiniProject/ros2_ws/src/my_py_pkg': PYTHONPATH=/home/poom/Desktop/ROS2_MiniProject/ros2_ws/build/my_py_pkg/prefix_override:/home/poom/Desktop/ROS2_MiniProject/ros2_ws/install/my_py_pkg/lib/python3.10/site-packages:${PYTHONPATH} /usr/bin/python3 -W ignore:setup.py install is deprecated setup.py egg_info --egg-base ../../build/my_py_pkg build --build-base /home/poom/Desktop/ROS2_MiniProject/ros2_ws/build/my_py_pkg/build install --record /home/poom/Desktop/ROS2_MiniProject/ros2_ws/build/my_py_pkg/install.log --single-version-externally-managed install_data
[0.402s] running egg_info
[0.402s] creating ../../build/my_py_pkg/my_py_pkg.egg-info
[0.402s] writing ../../build/my_py_pkg/my_py_pkg.egg-info/PKG-INFO
[0.402s] writing dependency_links to ../../build/my_py_pkg/my_py_pkg.egg-info/dependency_links.txt
[0.402s] writing entry points to ../../build/my_py_pkg/my_py_pkg.egg-info/entry_points.txt
[0.402s] writing requirements to ../../build/my_py_pkg/my_py_pkg.egg-info/requires.txt
[0.403s] writing top-level names to ../../build/my_py_pkg/my_py_pkg.egg-info/top_level.txt
[0.403s] writing manifest file '../../build/my_py_pkg/my_py_pkg.egg-info/SOURCES.txt'
[0.403s] reading manifest file '../../build/my_py_pkg/my_py_pkg.egg-info/SOURCES.txt'
[0.403s] writing manifest file '../../build/my_py_pkg/my_py_pkg.egg-info/SOURCES.txt'
[0.403s] running build
[0.403s] running build_py
[0.403s] creating /home/poom/Desktop/ROS2_MiniProject/ros2_ws/build/my_py_pkg/build
[0.403s] creating /home/poom/Desktop/ROS2_MiniProject/ros2_ws/build/my_py_pkg/build/lib
[0.403s] creating /home/poom/Desktop/ROS2_MiniProject/ros2_ws/build/my_py_pkg/build/lib/my_py_pkg
[0.403s] copying my_py_pkg/__init__.py -> /home/poom/Desktop/ROS2_MiniProject/ros2_ws/build/my_py_pkg/build/lib/my_py_pkg
[0.403s] running install
[0.403s] running install_lib
[0.404s] creating /home/poom/Desktop/ROS2_MiniProject/ros2_ws/install/my_py_pkg/lib/python3.10/site-packages/my_py_pkg
[0.404s] copying /home/poom/Desktop/ROS2_MiniProject/ros2_ws/build/my_py_pkg/build/lib/my_py_pkg/__init__.py -> /home/poom/Desktop/ROS2_MiniProject/ros2_ws/install/my_py_pkg/lib/python3.10/site-packages/my_py_pkg
[0.404s] byte-compiling /home/poom/Desktop/ROS2_MiniProject/ros2_ws/install/my_py_pkg/lib/python3.10/site-packages/my_py_pkg/__init__.py to __init__.cpython-310.pyc
[0.404s] running install_data
[0.404s] creating /home/poom/Desktop/ROS2_MiniProject/ros2_ws/install/my_py_pkg/share/ament_index
[0.404s] creating /home/poom/Desktop/ROS2_MiniProject/ros2_ws/install/my_py_pkg/share/ament_index/resource_index
[0.404s] creating /home/poom/Desktop/ROS2_MiniProject/ros2_ws/install/my_py_pkg/share/ament_index/resource_index/packages
[0.404s] copying resource/my_py_pkg -> /home/poom/Desktop/ROS2_MiniProject/ros2_ws/install/my_py_pkg/share/ament_index/resource_index/packages
[0.404s] copying package.xml -> /home/poom/Desktop/ROS2_MiniProject/ros2_ws/install/my_py_pkg/share/my_py_pkg
[0.404s] running install_egg_info
[0.405s] Copying ../../build/my_py_pkg/my_py_pkg.egg-info to /home/poom/Desktop/ROS2_MiniProject/ros2_ws/install/my_py_pkg/lib/python3.10/site-packages/my_py_pkg-0.0.0-py3.10.egg-info
[0.406s] running install_scripts
[0.419s] writing list of installed files to '/home/poom/Desktop/ROS2_MiniProject/ros2_ws/build/my_py_pkg/install.log'
[0.432s] Invoked command in '/home/poom/Desktop/ROS2_MiniProject/ros2_ws/src/my_py_pkg' returned '0': PYTHONPATH=/home/poom/Desktop/ROS2_MiniProject/ros2_ws/build/my_py_pkg/prefix_override:/home/poom/Desktop/ROS2_MiniProject/ros2_ws/install/my_py_pkg/lib/python3.10/site-packages:${PYTHONPATH} /usr/bin/python3 -W ignore:setup.py install is deprecated setup.py egg_info --egg-base ../../build/my_py_pkg build --build-base /home/poom/Desktop/ROS2_MiniProject/ros2_ws/build/my_py_pkg/build install --record /home/poom/Desktop/ROS2_MiniProject/ros2_ws/build/my_py_pkg/install.log --single-version-externally-managed install_data
