[0.006s] Invoking command in '/home/poom/Desktop/ROS2_MiniProject/ros2_ws/build/my_robot_interfaces': CMAKE_PREFIX_PATH=${CMAKE_PREFIX_PATH}:/home/poom/Desktop/ROS2_MiniProject/ros2_ws/install/my_py_pkg:/home/poom/ros2_ws/install/my_py_pkg:/opt/ros/humble /usr/bin/cmake --build /home/poom/Desktop/ROS2_MiniProject/ros2_ws/build/my_robot_interfaces -- -j16 -l16
[0.027s] -- Found ament_cmake: 1.3.10 (/opt/ros/humble/share/ament_cmake/cmake)
[0.092s] -- Found rosidl_default_generators: 1.2.0 (/opt/ros/humble/share/rosidl_default_generators/cmake)
[0.094s] -- Using all available rosidl_typesupport_c: rosidl_typesupport_fastrtps_c;rosidl_typesupport_introspection_c
[0.094s] -- Found rosidl_adapter: 3.1.5 (/opt/ros/humble/share/rosidl_adapter/cmake)
[0.109s] -- Using all available rosidl_typesupport_cpp: rosidl_typesupport_fastrtps_cpp;rosidl_typesupport_introspection_cpp
[0.296s] -- Found ament_cmake_ros: 0.10.0 (/opt/ros/humble/share/ament_cmake_ros/cmake)
[0.396s] -- Using all available rosidl_typesupport_c: rosidl_typesupport_fastrtps_c;rosidl_typesupport_introspection_c
[0.550s] -- Using all available rosidl_typesupport_cpp: rosidl_typesupport_fastrtps_cpp;rosidl_typesupport_introspection_cpp
[0.562s] -- Found python_cmake_module: 0.10.0 (/opt/ros/humble/share/python_cmake_module/cmake)
[0.576s] -- Using PYTHON_EXECUTABLE: /usr/bin/python3
[0.576s] -- Using PYTHON_INCLUDE_DIRS: /usr/include/python3.10
[0.576s] -- Using PYTHON_LIBRARIES: /usr/lib/x86_64-linux-gnu/libpython3.10.so
[0.588s] -- Configuring done
[0.604s] -- Generating done
[0.605s] -- Build files have been written to: /home/poom/Desktop/ROS2_MiniProject/ros2_ws/build/my_robot_interfaces
[0.620s] [  2%] [34m[1mGenerating C code for ROS interfaces[0m
[0.626s] [  5%] [34m[1mGenerating C++ code for ROS interfaces[0m
[0.631s] [  5%] Built target ament_cmake_python_copy_my_robot_interfaces
[0.772s] running egg_info
[0.772s] writing my_robot_interfaces.egg-info/PKG-INFO
[0.772s] writing dependency_links to my_robot_interfaces.egg-info/dependency_links.txt
[0.772s] writing top-level names to my_robot_interfaces.egg-info/top_level.txt
[0.774s] reading manifest file 'my_robot_interfaces.egg-info/SOURCES.txt'
[0.774s] writing manifest file 'my_robot_interfaces.egg-info/SOURCES.txt'
[0.791s] [  5%] Built target ament_cmake_python_build_my_robot_interfaces_egg
[0.813s] [  5%] Built target my_robot_interfaces__cpp
[0.814s] [35m[1mConsolidate compiler generated dependencies of target my_robot_interfaces__rosidl_generator_c[0m
[0.818s] [  7%] [34m[1mGenerating C++ type support dispatch for ROS interfaces[0m
[0.818s] [ 10%] [34m[1mGenerating C++ type support for eProsima Fast-RTPS[0m
[0.818s] [ 12%] [34m[1mGenerating C++ introspection for ROS interfaces[0m
[0.820s] [ 15%] [32mBuilding C object CMakeFiles/my_robot_interfaces__rosidl_generator_c.dir/rosidl_generator_c/my_robot_interfaces/msg/detail/hardware_status__functions.c.o[0m
[0.820s] [ 17%] [32mBuilding C object CMakeFiles/my_robot_interfaces__rosidl_generator_c.dir/rosidl_generator_c/my_robot_interfaces/srv/detail/compute_rectangle_area__functions.c.o[0m
[0.880s] [ 20%] [32m[1mLinking C shared library libmy_robot_interfaces__rosidl_generator_c.so[0m
[0.904s] [ 20%] Built target my_robot_interfaces__rosidl_generator_c
[0.911s] [ 23%] [34m[1mGenerating C introspection for ROS interfaces[0m
[0.911s] [ 28%] [34m[1mGenerating C type support dispatch for ROS interfaces[0m
[0.911s] [ 28%] [34m[1mGenerating C type support for eProsima Fast-RTPS[0m
[0.976s] [35m[1mConsolidate compiler generated dependencies of target my_robot_interfaces__rosidl_typesupport_cpp[0m
[0.987s] [ 30%] [32mBuilding CXX object CMakeFiles/my_robot_interfaces__rosidl_typesupport_cpp.dir/rosidl_typesupport_cpp/my_robot_interfaces/msg/hardware_status__type_support.cpp.o[0m
[0.987s] [ 33%] [32mBuilding CXX object CMakeFiles/my_robot_interfaces__rosidl_typesupport_cpp.dir/rosidl_typesupport_cpp/my_robot_interfaces/srv/compute_rectangle_area__type_support.cpp.o[0m
[0.998s] [35m[1mConsolidate compiler generated dependencies of target my_robot_interfaces__rosidl_typesupport_introspection_cpp[0m
[1.004s] [ 35%] [32mBuilding CXX object CMakeFiles/my_robot_interfaces__rosidl_typesupport_introspection_cpp.dir/rosidl_typesupport_introspection_cpp/my_robot_interfaces/srv/detail/compute_rectangle_area__type_support.cpp.o[0m
[1.006s] [35m[1mConsolidate compiler generated dependencies of target my_robot_interfaces__rosidl_typesupport_fastrtps_cpp[0m
[1.006s] [ 38%] [32mBuilding CXX object CMakeFiles/my_robot_interfaces__rosidl_typesupport_introspection_cpp.dir/rosidl_typesupport_introspection_cpp/my_robot_interfaces/msg/detail/hardware_status__type_support.cpp.o[0m
[1.016s] [ 41%] [32mBuilding CXX object CMakeFiles/my_robot_interfaces__rosidl_typesupport_fastrtps_cpp.dir/rosidl_typesupport_fastrtps_cpp/my_robot_interfaces/msg/detail/dds_fastrtps/hardware_status__type_support.cpp.o[0m
[1.016s] [ 43%] [32mBuilding CXX object CMakeFiles/my_robot_interfaces__rosidl_typesupport_fastrtps_cpp.dir/rosidl_typesupport_fastrtps_cpp/my_robot_interfaces/srv/detail/dds_fastrtps/compute_rectangle_area__type_support.cpp.o[0m
[1.084s] [35m[1mConsolidate compiler generated dependencies of target my_robot_interfaces__rosidl_typesupport_c[0m
[1.095s] [ 46%] [32mBuilding CXX object CMakeFiles/my_robot_interfaces__rosidl_typesupport_c.dir/rosidl_typesupport_c/my_robot_interfaces/msg/hardware_status__type_support.cpp.o[0m
[1.095s] [ 48%] [32mBuilding CXX object CMakeFiles/my_robot_interfaces__rosidl_typesupport_c.dir/rosidl_typesupport_c/my_robot_interfaces/srv/compute_rectangle_area__type_support.cpp.o[0m
[1.108s] [35m[1mConsolidate compiler generated dependencies of target my_robot_interfaces__rosidl_typesupport_fastrtps_c[0m
[1.110s] [35m[1mConsolidate compiler generated dependencies of target my_robot_interfaces__rosidl_typesupport_introspection_c[0m
[1.113s] [ 51%] [32mBuilding CXX object CMakeFiles/my_robot_interfaces__rosidl_typesupport_fastrtps_c.dir/rosidl_typesupport_fastrtps_c/my_robot_interfaces/msg/detail/hardware_status__type_support_c.cpp.o[0m
[1.114s] [ 53%] [32mBuilding CXX object CMakeFiles/my_robot_interfaces__rosidl_typesupport_fastrtps_c.dir/rosidl_typesupport_fastrtps_c/my_robot_interfaces/srv/detail/compute_rectangle_area__type_support_c.cpp.o[0m
[1.118s] [ 58%] [32mBuilding C object CMakeFiles/my_robot_interfaces__rosidl_typesupport_introspection_c.dir/rosidl_typesupport_introspection_c/my_robot_interfaces/msg/detail/hardware_status__type_support.c.o[0m
[1.118s] [ 58%] [32mBuilding C object CMakeFiles/my_robot_interfaces__rosidl_typesupport_introspection_c.dir/rosidl_typesupport_introspection_c/my_robot_interfaces/srv/detail/compute_rectangle_area__type_support.c.o[0m
[1.124s] [ 61%] [32m[1mLinking CXX shared library libmy_robot_interfaces__rosidl_typesupport_c.so[0m
[1.149s] [ 64%] [32m[1mLinking C shared library libmy_robot_interfaces__rosidl_typesupport_introspection_c.so[0m
[1.163s] [ 64%] Built target my_robot_interfaces__rosidl_typesupport_c
[1.174s] [ 64%] Built target my_robot_interfaces__rosidl_typesupport_introspection_c
[1.175s] [ 66%] [32m[1mLinking CXX shared library libmy_robot_interfaces__rosidl_typesupport_cpp.so[0m
[1.206s] [ 66%] Built target my_robot_interfaces__rosidl_typesupport_cpp
[1.271s] [ 69%] [32m[1mLinking CXX shared library libmy_robot_interfaces__rosidl_typesupport_introspection_cpp.so[0m
[1.286s] [ 71%] [32m[1mLinking CXX shared library libmy_robot_interfaces__rosidl_typesupport_fastrtps_cpp.so[0m
[1.310s] [ 71%] Built target my_robot_interfaces__rosidl_typesupport_introspection_cpp
[1.330s] [ 74%] [32m[1mLinking CXX shared library libmy_robot_interfaces__rosidl_typesupport_fastrtps_c.so[0m
[1.331s] [ 74%] Built target my_robot_interfaces__rosidl_typesupport_fastrtps_cpp
[1.370s] [ 74%] Built target my_robot_interfaces__rosidl_typesupport_fastrtps_c
[1.380s] [ 74%] Built target my_robot_interfaces
[1.390s] [ 76%] [34m[1mGenerating Python code for ROS interfaces[0m
[1.603s] [ 76%] Built target my_robot_interfaces__py
[1.611s] [35m[1mConsolidate compiler generated dependencies of target my_robot_interfaces__rosidl_generator_py[0m
[1.619s] [ 79%] [32mBuilding C object CMakeFiles/my_robot_interfaces__rosidl_generator_py.dir/rosidl_generator_py/my_robot_interfaces/srv/_compute_rectangle_area_s.c.o[0m
[1.619s] [ 82%] [32mBuilding C object CMakeFiles/my_robot_interfaces__rosidl_generator_py.dir/rosidl_generator_py/my_robot_interfaces/msg/_hardware_status_s.c.o[0m
[1.690s] [ 84%] [32m[1mLinking C shared library rosidl_generator_py/my_robot_interfaces/libmy_robot_interfaces__rosidl_generator_py.so[0m
[1.711s] [ 84%] Built target my_robot_interfaces__rosidl_generator_py
[1.718s] [35m[1mConsolidate compiler generated dependencies of target my_robot_interfaces__rosidl_typesupport_introspection_c__pyext[0m
[1.718s] [35m[1mConsolidate compiler generated dependencies of target my_robot_interfaces__rosidl_typesupport_fastrtps_c__pyext[0m
[1.718s] [35m[1mConsolidate compiler generated dependencies of target my_robot_interfaces__rosidl_typesupport_c__pyext[0m
[1.723s] [ 87%] [32mBuilding C object CMakeFiles/my_robot_interfaces__rosidl_typesupport_fastrtps_c__pyext.dir/rosidl_generator_py/my_robot_interfaces/_my_robot_interfaces_s.ep.rosidl_typesupport_fastrtps_c.c.o[0m
[1.723s] [ 89%] [32mBuilding C object CMakeFiles/my_robot_interfaces__rosidl_typesupport_introspection_c__pyext.dir/rosidl_generator_py/my_robot_interfaces/_my_robot_interfaces_s.ep.rosidl_typesupport_introspection_c.c.o[0m
[1.724s] [ 92%] [32mBuilding C object CMakeFiles/my_robot_interfaces__rosidl_typesupport_c__pyext.dir/rosidl_generator_py/my_robot_interfaces/_my_robot_interfaces_s.ep.rosidl_typesupport_c.c.o[0m
[1.778s] [ 94%] [32m[1mLinking C shared library rosidl_generator_py/my_robot_interfaces/my_robot_interfaces_s__rosidl_typesupport_c.cpython-310-x86_64-linux-gnu.so[0m
[1.778s] [ 97%] [32m[1mLinking C shared library rosidl_generator_py/my_robot_interfaces/my_robot_interfaces_s__rosidl_typesupport_fastrtps_c.cpython-310-x86_64-linux-gnu.so[0m
[1.778s] [100%] [32m[1mLinking C shared library rosidl_generator_py/my_robot_interfaces/my_robot_interfaces_s__rosidl_typesupport_introspection_c.cpython-310-x86_64-linux-gnu.so[0m
[1.797s] [100%] Built target my_robot_interfaces__rosidl_typesupport_c__pyext
[1.797s] [100%] Built target my_robot_interfaces__rosidl_typesupport_fastrtps_c__pyext
[1.798s] [100%] Built target my_robot_interfaces__rosidl_typesupport_introspection_c__pyext
[1.805s] Invoked command in '/home/poom/Desktop/ROS2_MiniProject/ros2_ws/build/my_robot_interfaces' returned '0': CMAKE_PREFIX_PATH=${CMAKE_PREFIX_PATH}:/home/poom/Desktop/ROS2_MiniProject/ros2_ws/install/my_py_pkg:/home/poom/ros2_ws/install/my_py_pkg:/opt/ros/humble /usr/bin/cmake --build /home/poom/Desktop/ROS2_MiniProject/ros2_ws/build/my_robot_interfaces -- -j16 -l16
[1.863s] Invoking command in '/home/poom/Desktop/ROS2_MiniProject/ros2_ws/build/my_robot_interfaces': CMAKE_PREFIX_PATH=${CMAKE_PREFIX_PATH}:/home/poom/Desktop/ROS2_MiniProject/ros2_ws/install/my_py_pkg:/home/poom/ros2_ws/install/my_py_pkg:/opt/ros/humble /usr/bin/cmake --install /home/poom/Desktop/ROS2_MiniProject/ros2_ws/build/my_robot_interfaces
[1.870s] -- Install configuration: ""
[1.870s] -- Installing: /home/poom/Desktop/ROS2_MiniProject/ros2_ws/install/my_robot_interfaces/share/ament_index/resource_index/rosidl_interfaces/my_robot_interfaces
[1.870s] -- Up-to-date: /home/poom/Desktop/ROS2_MiniProject/ros2_ws/install/my_robot_interfaces/include/my_robot_interfaces/my_robot_interfaces
[1.870s] -- Installing: /home/poom/Desktop/ROS2_MiniProject/ros2_ws/install/my_robot_interfaces/include/my_robot_interfaces/my_robot_interfaces/srv
[1.870s] -- Installing: /home/poom/Desktop/ROS2_MiniProject/ros2_ws/install/my_robot_interfaces/include/my_robot_interfaces/my_robot_interfaces/srv/compute_rectangle_area.h
[1.870s] -- Installing: /home/poom/Desktop/ROS2_MiniProject/ros2_ws/install/my_robot_interfaces/include/my_robot_interfaces/my_robot_interfaces/srv/detail
[1.870s] -- Installing: /home/poom/Desktop/ROS2_MiniProject/ros2_ws/install/my_robot_interfaces/include/my_robot_interfaces/my_robot_interfaces/srv/detail/compute_rectangle_area__type_support.h
[1.870s] -- Installing: /home/poom/Desktop/ROS2_MiniProject/ros2_ws/install/my_robot_interfaces/include/my_robot_interfaces/my_robot_interfaces/srv/detail/compute_rectangle_area__functions.h
[1.870s] -- Installing: /home/poom/Desktop/ROS2_MiniProject/ros2_ws/install/my_robot_interfaces/include/my_robot_interfaces/my_robot_interfaces/srv/detail/compute_rectangle_area__functions.c
[1.870s] -- Installing: /home/poom/Desktop/ROS2_MiniProject/ros2_ws/install/my_robot_interfaces/include/my_robot_interfaces/my_robot_interfaces/srv/detail/compute_rectangle_area__struct.h
[1.870s] -- Up-to-date: /home/poom/Desktop/ROS2_MiniProject/ros2_ws/install/my_robot_interfaces/include/my_robot_interfaces/my_robot_interfaces/msg
[1.870s] -- Up-to-date: /home/poom/Desktop/ROS2_MiniProject/ros2_ws/install/my_robot_interfaces/include/my_robot_interfaces/my_robot_interfaces/msg/detail
[1.870s] -- Installing: /home/poom/Desktop/ROS2_MiniProject/ros2_ws/install/my_robot_interfaces/include/my_robot_interfaces/my_robot_interfaces/msg/detail/hardware_status__functions.h
[1.871s] -- Installing: /home/poom/Desktop/ROS2_MiniProject/ros2_ws/install/my_robot_interfaces/include/my_robot_interfaces/my_robot_interfaces/msg/detail/hardware_status__functions.c
[1.871s] -- Installing: /home/poom/Desktop/ROS2_MiniProject/ros2_ws/install/my_robot_interfaces/include/my_robot_interfaces/my_robot_interfaces/msg/detail/hardware_status__struct.h
[1.871s] -- Installing: /home/poom/Desktop/ROS2_MiniProject/ros2_ws/install/my_robot_interfaces/include/my_robot_interfaces/my_robot_interfaces/msg/detail/hardware_status__type_support.h
[1.871s] -- Installing: /home/poom/Desktop/ROS2_MiniProject/ros2_ws/install/my_robot_interfaces/include/my_robot_interfaces/my_robot_interfaces/msg/hardware_status.h
[1.871s] -- Up-to-date: /home/poom/Desktop/ROS2_MiniProject/ros2_ws/install/my_robot_interfaces/include/my_robot_interfaces/my_robot_interfaces/msg/rosidl_generator_c__visibility_control.h
[1.871s] -- Up-to-date: /home/poom/Desktop/ROS2_MiniProject/ros2_ws/install/my_robot_interfaces/share/my_robot_interfaces/environment/library_path.sh
[1.871s] -- Installing: /home/poom/Desktop/ROS2_MiniProject/ros2_ws/install/my_robot_interfaces/share/my_robot_interfaces/environment/library_path.dsv
[1.871s] -- Installing: /home/poom/Desktop/ROS2_MiniProject/ros2_ws/install/my_robot_interfaces/lib/libmy_robot_interfaces__rosidl_generator_c.so
[1.871s] -- Set runtime path of "/home/poom/Desktop/ROS2_MiniProject/ros2_ws/install/my_robot_interfaces/lib/libmy_robot_interfaces__rosidl_generator_c.so" to ""
[1.871s] -- Up-to-date: /home/poom/Desktop/ROS2_MiniProject/ros2_ws/install/my_robot_interfaces/include/my_robot_interfaces/my_robot_interfaces
[1.871s] -- Up-to-date: /home/poom/Desktop/ROS2_MiniProject/ros2_ws/install/my_robot_interfaces/include/my_robot_interfaces/my_robot_interfaces/srv
[1.871s] -- Up-to-date: /home/poom/Desktop/ROS2_MiniProject/ros2_ws/install/my_robot_interfaces/include/my_robot_interfaces/my_robot_interfaces/srv/detail
[1.871s] -- Installing: /home/poom/Desktop/ROS2_MiniProject/ros2_ws/install/my_robot_interfaces/include/my_robot_interfaces/my_robot_interfaces/srv/detail/compute_rectangle_area__rosidl_typesupport_fastrtps_c.h
[1.871s] -- Up-to-date: /home/poom/Desktop/ROS2_MiniProject/ros2_ws/install/my_robot_interfaces/include/my_robot_interfaces/my_robot_interfaces/msg
[1.871s] -- Up-to-date: /home/poom/Desktop/ROS2_MiniProject/ros2_ws/install/my_robot_interfaces/include/my_robot_interfaces/my_robot_interfaces/msg/detail
[1.871s] -- Installing: /home/poom/Desktop/ROS2_MiniProject/ros2_ws/install/my_robot_interfaces/include/my_robot_interfaces/my_robot_interfaces/msg/detail/hardware_status__rosidl_typesupport_fastrtps_c.h
[1.871s] -- Up-to-date: /home/poom/Desktop/ROS2_MiniProject/ros2_ws/install/my_robot_interfaces/include/my_robot_interfaces/my_robot_interfaces/msg/rosidl_typesupport_fastrtps_c__visibility_control.h
[1.871s] -- Installing: /home/poom/Desktop/ROS2_MiniProject/ros2_ws/install/my_robot_interfaces/lib/libmy_robot_interfaces__rosidl_typesupport_fastrtps_c.so
[1.871s] -- Set runtime path of "/home/poom/Desktop/ROS2_MiniProject/ros2_ws/install/my_robot_interfaces/lib/libmy_robot_interfaces__rosidl_typesupport_fastrtps_c.so" to ""
[1.871s] -- Up-to-date: /home/poom/Desktop/ROS2_MiniProject/ros2_ws/install/my_robot_interfaces/include/my_robot_interfaces/my_robot_interfaces
[1.871s] -- Up-to-date: /home/poom/Desktop/ROS2_MiniProject/ros2_ws/install/my_robot_interfaces/include/my_robot_interfaces/my_robot_interfaces/srv
[1.871s] -- Up-to-date: /home/poom/Desktop/ROS2_MiniProject/ros2_ws/install/my_robot_interfaces/include/my_robot_interfaces/my_robot_interfaces/srv/detail
[1.871s] -- Installing: /home/poom/Desktop/ROS2_MiniProject/ros2_ws/install/my_robot_interfaces/include/my_robot_interfaces/my_robot_interfaces/srv/detail/compute_rectangle_area__type_support.c
[1.871s] -- Installing: /home/poom/Desktop/ROS2_MiniProject/ros2_ws/install/my_robot_interfaces/include/my_robot_interfaces/my_robot_interfaces/srv/detail/compute_rectangle_area__rosidl_typesupport_introspection_c.h
[1.871s] -- Up-to-date: /home/poom/Desktop/ROS2_MiniProject/ros2_ws/install/my_robot_interfaces/include/my_robot_interfaces/my_robot_interfaces/msg
[1.871s] -- Up-to-date: /home/poom/Desktop/ROS2_MiniProject/ros2_ws/install/my_robot_interfaces/include/my_robot_interfaces/my_robot_interfaces/msg/rosidl_typesupport_introspection_c__visibility_control.h
[1.871s] -- Up-to-date: /home/poom/Desktop/ROS2_MiniProject/ros2_ws/install/my_robot_interfaces/include/my_robot_interfaces/my_robot_interfaces/msg/detail
[1.871s] -- Installing: /home/poom/Desktop/ROS2_MiniProject/ros2_ws/install/my_robot_interfaces/include/my_robot_interfaces/my_robot_interfaces/msg/detail/hardware_status__rosidl_typesupport_introspection_c.h
[1.871s] -- Installing: /home/poom/Desktop/ROS2_MiniProject/ros2_ws/install/my_robot_interfaces/include/my_robot_interfaces/my_robot_interfaces/msg/detail/hardware_status__type_support.c
[1.871s] -- Installing: /home/poom/Desktop/ROS2_MiniProject/ros2_ws/install/my_robot_interfaces/lib/libmy_robot_interfaces__rosidl_typesupport_introspection_c.so
[1.871s] -- Set runtime path of "/home/poom/Desktop/ROS2_MiniProject/ros2_ws/install/my_robot_interfaces/lib/libmy_robot_interfaces__rosidl_typesupport_introspection_c.so" to ""
[1.871s] -- Installing: /home/poom/Desktop/ROS2_MiniProject/ros2_ws/install/my_robot_interfaces/lib/libmy_robot_interfaces__rosidl_typesupport_c.so
[1.871s] -- Set runtime path of "/home/poom/Desktop/ROS2_MiniProject/ros2_ws/install/my_robot_interfaces/lib/libmy_robot_interfaces__rosidl_typesupport_c.so" to ""
[1.871s] -- Up-to-date: /home/poom/Desktop/ROS2_MiniProject/ros2_ws/install/my_robot_interfaces/include/my_robot_interfaces/my_robot_interfaces
[1.871s] -- Up-to-date: /home/poom/Desktop/ROS2_MiniProject/ros2_ws/install/my_robot_interfaces/include/my_robot_interfaces/my_robot_interfaces/srv
[1.871s] -- Installing: /home/poom/Desktop/ROS2_MiniProject/ros2_ws/install/my_robot_interfaces/include/my_robot_interfaces/my_robot_interfaces/srv/compute_rectangle_area.hpp
[1.871s] -- Up-to-date: /home/poom/Desktop/ROS2_MiniProject/ros2_ws/install/my_robot_interfaces/include/my_robot_interfaces/my_robot_interfaces/srv/detail
[1.871s] -- Installing: /home/poom/Desktop/ROS2_MiniProject/ros2_ws/install/my_robot_interfaces/include/my_robot_interfaces/my_robot_interfaces/srv/detail/compute_rectangle_area__builder.hpp
[1.871s] -- Installing: /home/poom/Desktop/ROS2_MiniProject/ros2_ws/install/my_robot_interfaces/include/my_robot_interfaces/my_robot_interfaces/srv/detail/compute_rectangle_area__traits.hpp
[1.871s] -- Installing: /home/poom/Desktop/ROS2_MiniProject/ros2_ws/install/my_robot_interfaces/include/my_robot_interfaces/my_robot_interfaces/srv/detail/compute_rectangle_area__struct.hpp
[1.871s] -- Up-to-date: /home/poom/Desktop/ROS2_MiniProject/ros2_ws/install/my_robot_interfaces/include/my_robot_interfaces/my_robot_interfaces/msg
[1.871s] -- Up-to-date: /home/poom/Desktop/ROS2_MiniProject/ros2_ws/install/my_robot_interfaces/include/my_robot_interfaces/my_robot_interfaces/msg/detail
[1.871s] -- Installing: /home/poom/Desktop/ROS2_MiniProject/ros2_ws/install/my_robot_interfaces/include/my_robot_interfaces/my_robot_interfaces/msg/detail/hardware_status__struct.hpp
[1.871s] -- Installing: /home/poom/Desktop/ROS2_MiniProject/ros2_ws/install/my_robot_interfaces/include/my_robot_interfaces/my_robot_interfaces/msg/detail/hardware_status__traits.hpp
[1.871s] -- Installing: /home/poom/Desktop/ROS2_MiniProject/ros2_ws/install/my_robot_interfaces/include/my_robot_interfaces/my_robot_interfaces/msg/detail/hardware_status__builder.hpp
[1.871s] -- Installing: /home/poom/Desktop/ROS2_MiniProject/ros2_ws/install/my_robot_interfaces/include/my_robot_interfaces/my_robot_interfaces/msg/hardware_status.hpp
[1.871s] -- Up-to-date: /home/poom/Desktop/ROS2_MiniProject/ros2_ws/install/my_robot_interfaces/include/my_robot_interfaces/my_robot_interfaces
[1.871s] -- Up-to-date: /home/poom/Desktop/ROS2_MiniProject/ros2_ws/install/my_robot_interfaces/include/my_robot_interfaces/my_robot_interfaces/srv
[1.872s] -- Up-to-date: /home/poom/Desktop/ROS2_MiniProject/ros2_ws/install/my_robot_interfaces/include/my_robot_interfaces/my_robot_interfaces/srv/detail
[1.872s] -- Installing: /home/poom/Desktop/ROS2_MiniProject/ros2_ws/install/my_robot_interfaces/include/my_robot_interfaces/my_robot_interfaces/srv/detail/dds_fastrtps
[1.872s] -- Installing: /home/poom/Desktop/ROS2_MiniProject/ros2_ws/install/my_robot_interfaces/include/my_robot_interfaces/my_robot_interfaces/srv/detail/compute_rectangle_area__rosidl_typesupport_fastrtps_cpp.hpp
[1.872s] -- Up-to-date: /home/poom/Desktop/ROS2_MiniProject/ros2_ws/install/my_robot_interfaces/include/my_robot_interfaces/my_robot_interfaces/msg
[1.872s] -- Up-to-date: /home/poom/Desktop/ROS2_MiniProject/ros2_ws/install/my_robot_interfaces/include/my_robot_interfaces/my_robot_interfaces/msg/detail
[1.872s] -- Up-to-date: /home/poom/Desktop/ROS2_MiniProject/ros2_ws/install/my_robot_interfaces/include/my_robot_interfaces/my_robot_interfaces/msg/detail/dds_fastrtps
[1.872s] -- Installing: /home/poom/Desktop/ROS2_MiniProject/ros2_ws/install/my_robot_interfaces/include/my_robot_interfaces/my_robot_interfaces/msg/detail/hardware_status__rosidl_typesupport_fastrtps_cpp.hpp
[1.872s] -- Up-to-date: /home/poom/Desktop/ROS2_MiniProject/ros2_ws/install/my_robot_interfaces/include/my_robot_interfaces/my_robot_interfaces/msg/rosidl_typesupport_fastrtps_cpp__visibility_control.h
[1.872s] -- Installing: /home/poom/Desktop/ROS2_MiniProject/ros2_ws/install/my_robot_interfaces/lib/libmy_robot_interfaces__rosidl_typesupport_fastrtps_cpp.so
[1.872s] -- Set runtime path of "/home/poom/Desktop/ROS2_MiniProject/ros2_ws/install/my_robot_interfaces/lib/libmy_robot_interfaces__rosidl_typesupport_fastrtps_cpp.so" to ""
[1.872s] -- Up-to-date: /home/poom/Desktop/ROS2_MiniProject/ros2_ws/install/my_robot_interfaces/include/my_robot_interfaces/my_robot_interfaces
[1.872s] -- Up-to-date: /home/poom/Desktop/ROS2_MiniProject/ros2_ws/install/my_robot_interfaces/include/my_robot_interfaces/my_robot_interfaces/srv
[1.872s] -- Up-to-date: /home/poom/Desktop/ROS2_MiniProject/ros2_ws/install/my_robot_interfaces/include/my_robot_interfaces/my_robot_interfaces/srv/detail
[1.872s] -- Installing: /home/poom/Desktop/ROS2_MiniProject/ros2_ws/install/my_robot_interfaces/include/my_robot_interfaces/my_robot_interfaces/srv/detail/compute_rectangle_area__rosidl_typesupport_introspection_cpp.hpp
[1.872s] -- Installing: /home/poom/Desktop/ROS2_MiniProject/ros2_ws/install/my_robot_interfaces/include/my_robot_interfaces/my_robot_interfaces/srv/detail/compute_rectangle_area__type_support.cpp
[1.872s] -- Up-to-date: /home/poom/Desktop/ROS2_MiniProject/ros2_ws/install/my_robot_interfaces/include/my_robot_interfaces/my_robot_interfaces/msg
[1.872s] -- Up-to-date: /home/poom/Desktop/ROS2_MiniProject/ros2_ws/install/my_robot_interfaces/include/my_robot_interfaces/my_robot_interfaces/msg/detail
[1.872s] -- Installing: /home/poom/Desktop/ROS2_MiniProject/ros2_ws/install/my_robot_interfaces/include/my_robot_interfaces/my_robot_interfaces/msg/detail/hardware_status__type_support.cpp
[1.872s] -- Installing: /home/poom/Desktop/ROS2_MiniProject/ros2_ws/install/my_robot_interfaces/include/my_robot_interfaces/my_robot_interfaces/msg/detail/hardware_status__rosidl_typesupport_introspection_cpp.hpp
[1.872s] -- Installing: /home/poom/Desktop/ROS2_MiniProject/ros2_ws/install/my_robot_interfaces/lib/libmy_robot_interfaces__rosidl_typesupport_introspection_cpp.so
[1.872s] -- Set runtime path of "/home/poom/Desktop/ROS2_MiniProject/ros2_ws/install/my_robot_interfaces/lib/libmy_robot_interfaces__rosidl_typesupport_introspection_cpp.so" to ""
[1.872s] -- Installing: /home/poom/Desktop/ROS2_MiniProject/ros2_ws/install/my_robot_interfaces/lib/libmy_robot_interfaces__rosidl_typesupport_cpp.so
[1.872s] -- Set runtime path of "/home/poom/Desktop/ROS2_MiniProject/ros2_ws/install/my_robot_interfaces/lib/libmy_robot_interfaces__rosidl_typesupport_cpp.so" to ""
[1.872s] -- Up-to-date: /home/poom/Desktop/ROS2_MiniProject/ros2_ws/install/my_robot_interfaces/share/my_robot_interfaces/environment/pythonpath.sh
[1.872s] -- Installing: /home/poom/Desktop/ROS2_MiniProject/ros2_ws/install/my_robot_interfaces/share/my_robot_interfaces/environment/pythonpath.dsv
[1.872s] -- Up-to-date: /home/poom/Desktop/ROS2_MiniProject/ros2_ws/install/my_robot_interfaces/local/lib/python3.10/dist-packages/my_robot_interfaces-0.0.0-py3.10.egg-info
[1.872s] -- Installing: /home/poom/Desktop/ROS2_MiniProject/ros2_ws/install/my_robot_interfaces/local/lib/python3.10/dist-packages/my_robot_interfaces-0.0.0-py3.10.egg-info/top_level.txt
[1.872s] -- Installing: /home/poom/Desktop/ROS2_MiniProject/ros2_ws/install/my_robot_interfaces/local/lib/python3.10/dist-packages/my_robot_interfaces-0.0.0-py3.10.egg-info/dependency_links.txt
[1.872s] -- Installing: /home/poom/Desktop/ROS2_MiniProject/ros2_ws/install/my_robot_interfaces/local/lib/python3.10/dist-packages/my_robot_interfaces-0.0.0-py3.10.egg-info/SOURCES.txt
[1.872s] -- Installing: /home/poom/Desktop/ROS2_MiniProject/ros2_ws/install/my_robot_interfaces/local/lib/python3.10/dist-packages/my_robot_interfaces-0.0.0-py3.10.egg-info/PKG-INFO
[1.872s] -- Up-to-date: /home/poom/Desktop/ROS2_MiniProject/ros2_ws/install/my_robot_interfaces/local/lib/python3.10/dist-packages/my_robot_interfaces
[1.872s] -- Installing: /home/poom/Desktop/ROS2_MiniProject/ros2_ws/install/my_robot_interfaces/local/lib/python3.10/dist-packages/my_robot_interfaces/my_robot_interfaces_s__rosidl_typesupport_c.cpython-310-x86_64-linux-gnu.so
[1.872s] -- Installing: /home/poom/Desktop/ROS2_MiniProject/ros2_ws/install/my_robot_interfaces/local/lib/python3.10/dist-packages/my_robot_interfaces/_my_robot_interfaces_s.ep.rosidl_typesupport_fastrtps_c.c
[1.872s] -- Installing: /home/poom/Desktop/ROS2_MiniProject/ros2_ws/install/my_robot_interfaces/local/lib/python3.10/dist-packages/my_robot_interfaces/my_robot_interfaces_s__rosidl_typesupport_fastrtps_c.cpython-310-x86_64-linux-gnu.so
[1.872s] -- Installing: /home/poom/Desktop/ROS2_MiniProject/ros2_ws/install/my_robot_interfaces/local/lib/python3.10/dist-packages/my_robot_interfaces/my_robot_interfaces_s__rosidl_typesupport_introspection_c.cpython-310-x86_64-linux-gnu.so
[1.872s] -- Installing: /home/poom/Desktop/ROS2_MiniProject/ros2_ws/install/my_robot_interfaces/local/lib/python3.10/dist-packages/my_robot_interfaces/srv
[1.872s] -- Installing: /home/poom/Desktop/ROS2_MiniProject/ros2_ws/install/my_robot_interfaces/local/lib/python3.10/dist-packages/my_robot_interfaces/srv/_compute_rectangle_area_s.c
[1.872s] -- Installing: /home/poom/Desktop/ROS2_MiniProject/ros2_ws/install/my_robot_interfaces/local/lib/python3.10/dist-packages/my_robot_interfaces/srv/__init__.py
[1.872s] -- Installing: /home/poom/Desktop/ROS2_MiniProject/ros2_ws/install/my_robot_interfaces/local/lib/python3.10/dist-packages/my_robot_interfaces/srv/_compute_rectangle_area.py
[1.872s] -- Installing: /home/poom/Desktop/ROS2_MiniProject/ros2_ws/install/my_robot_interfaces/local/lib/python3.10/dist-packages/my_robot_interfaces/__init__.py
[1.872s] -- Up-to-date: /home/poom/Desktop/ROS2_MiniProject/ros2_ws/install/my_robot_interfaces/local/lib/python3.10/dist-packages/my_robot_interfaces/msg
[1.872s] -- Installing: /home/poom/Desktop/ROS2_MiniProject/ros2_ws/install/my_robot_interfaces/local/lib/python3.10/dist-packages/my_robot_interfaces/msg/_hardware_status_s.c
[1.872s] -- Installing: /home/poom/Desktop/ROS2_MiniProject/ros2_ws/install/my_robot_interfaces/local/lib/python3.10/dist-packages/my_robot_interfaces/msg/_hardware_status.py
[1.872s] -- Installing: /home/poom/Desktop/ROS2_MiniProject/ros2_ws/install/my_robot_interfaces/local/lib/python3.10/dist-packages/my_robot_interfaces/msg/__init__.py
[1.872s] -- Installing: /home/poom/Desktop/ROS2_MiniProject/ros2_ws/install/my_robot_interfaces/local/lib/python3.10/dist-packages/my_robot_interfaces/libmy_robot_interfaces__rosidl_generator_py.so
[1.872s] -- Installing: /home/poom/Desktop/ROS2_MiniProject/ros2_ws/install/my_robot_interfaces/local/lib/python3.10/dist-packages/my_robot_interfaces/_my_robot_interfaces_s.ep.rosidl_typesupport_c.c
[1.872s] -- Installing: /home/poom/Desktop/ROS2_MiniProject/ros2_ws/install/my_robot_interfaces/local/lib/python3.10/dist-packages/my_robot_interfaces/_my_robot_interfaces_s.ep.rosidl_typesupport_introspection_c.c
[1.891s] Listing '/home/poom/Desktop/ROS2_MiniProject/ros2_ws/install/my_robot_interfaces/local/lib/python3.10/dist-packages/my_robot_interfaces'...
[1.891s] Compiling '/home/poom/Desktop/ROS2_MiniProject/ros2_ws/install/my_robot_interfaces/local/lib/python3.10/dist-packages/my_robot_interfaces/__init__.py'...
[1.891s] Listing '/home/poom/Desktop/ROS2_MiniProject/ros2_ws/install/my_robot_interfaces/local/lib/python3.10/dist-packages/my_robot_interfaces/msg'...
[1.891s] Compiling '/home/poom/Desktop/ROS2_MiniProject/ros2_ws/install/my_robot_interfaces/local/lib/python3.10/dist-packages/my_robot_interfaces/msg/__init__.py'...
[1.891s] Compiling '/home/poom/Desktop/ROS2_MiniProject/ros2_ws/install/my_robot_interfaces/local/lib/python3.10/dist-packages/my_robot_interfaces/msg/_hardware_status.py'...
[1.891s] Listing '/home/poom/Desktop/ROS2_MiniProject/ros2_ws/install/my_robot_interfaces/local/lib/python3.10/dist-packages/my_robot_interfaces/srv'...
[1.891s] Compiling '/home/poom/Desktop/ROS2_MiniProject/ros2_ws/install/my_robot_interfaces/local/lib/python3.10/dist-packages/my_robot_interfaces/srv/__init__.py'...
[1.891s] Compiling '/home/poom/Desktop/ROS2_MiniProject/ros2_ws/install/my_robot_interfaces/local/lib/python3.10/dist-packages/my_robot_interfaces/srv/_compute_rectangle_area.py'...
[1.893s] -- Installing: /home/poom/Desktop/ROS2_MiniProject/ros2_ws/install/my_robot_interfaces/local/lib/python3.10/dist-packages/my_robot_interfaces/my_robot_interfaces_s__rosidl_typesupport_fastrtps_c.cpython-310-x86_64-linux-gnu.so
[1.893s] -- Set runtime path of "/home/poom/Desktop/ROS2_MiniProject/ros2_ws/install/my_robot_interfaces/local/lib/python3.10/dist-packages/my_robot_interfaces/my_robot_interfaces_s__rosidl_typesupport_fastrtps_c.cpython-310-x86_64-linux-gnu.so" to ""
[1.893s] -- Installing: /home/poom/Desktop/ROS2_MiniProject/ros2_ws/install/my_robot_interfaces/local/lib/python3.10/dist-packages/my_robot_interfaces/my_robot_interfaces_s__rosidl_typesupport_introspection_c.cpython-310-x86_64-linux-gnu.so
[1.893s] -- Set runtime path of "/home/poom/Desktop/ROS2_MiniProject/ros2_ws/install/my_robot_interfaces/local/lib/python3.10/dist-packages/my_robot_interfaces/my_robot_interfaces_s__rosidl_typesupport_introspection_c.cpython-310-x86_64-linux-gnu.so" to ""
[1.893s] -- Installing: /home/poom/Desktop/ROS2_MiniProject/ros2_ws/install/my_robot_interfaces/local/lib/python3.10/dist-packages/my_robot_interfaces/my_robot_interfaces_s__rosidl_typesupport_c.cpython-310-x86_64-linux-gnu.so
[1.893s] -- Set runtime path of "/home/poom/Desktop/ROS2_MiniProject/ros2_ws/install/my_robot_interfaces/local/lib/python3.10/dist-packages/my_robot_interfaces/my_robot_interfaces_s__rosidl_typesupport_c.cpython-310-x86_64-linux-gnu.so" to ""
[1.894s] -- Installing: /home/poom/Desktop/ROS2_MiniProject/ros2_ws/install/my_robot_interfaces/lib/libmy_robot_interfaces__rosidl_generator_py.so
[1.894s] -- Set runtime path of "/home/poom/Desktop/ROS2_MiniProject/ros2_ws/install/my_robot_interfaces/lib/libmy_robot_interfaces__rosidl_generator_py.so" to ""
[1.894s] -- Up-to-date: /home/poom/Desktop/ROS2_MiniProject/ros2_ws/install/my_robot_interfaces/share/my_robot_interfaces/msg/HardwareStatus.idl
[1.894s] -- Installing: /home/poom/Desktop/ROS2_MiniProject/ros2_ws/install/my_robot_interfaces/share/my_robot_interfaces/srv/ComputeRectangleArea.idl
[1.894s] -- Up-to-date: /home/poom/Desktop/ROS2_MiniProject/ros2_ws/install/my_robot_interfaces/share/my_robot_interfaces/msg/HardwareStatus.msg
[1.894s] -- Installing: /home/poom/Desktop/ROS2_MiniProject/ros2_ws/install/my_robot_interfaces/share/my_robot_interfaces/srv/ComputeRectangleArea.srv
[1.894s] -- Installing: /home/poom/Desktop/ROS2_MiniProject/ros2_ws/install/my_robot_interfaces/share/my_robot_interfaces/srv/ComputeRectangleArea_Request.msg
[1.894s] -- Installing: /home/poom/Desktop/ROS2_MiniProject/ros2_ws/install/my_robot_interfaces/share/my_robot_interfaces/srv/ComputeRectangleArea_Response.msg
[1.894s] -- Up-to-date: /home/poom/Desktop/ROS2_MiniProject/ros2_ws/install/my_robot_interfaces/share/ament_index/resource_index/package_run_dependencies/my_robot_interfaces
[1.894s] -- Installing: /home/poom/Desktop/ROS2_MiniProject/ros2_ws/install/my_robot_interfaces/share/ament_index/resource_index/parent_prefix_path/my_robot_interfaces
[1.894s] -- Up-to-date: /home/poom/Desktop/ROS2_MiniProject/ros2_ws/install/my_robot_interfaces/share/my_robot_interfaces/environment/ament_prefix_path.sh
[1.894s] -- Installing: /home/poom/Desktop/ROS2_MiniProject/ros2_ws/install/my_robot_interfaces/share/my_robot_interfaces/environment/ament_prefix_path.dsv
[1.894s] -- Up-to-date: /home/poom/Desktop/ROS2_MiniProject/ros2_ws/install/my_robot_interfaces/share/my_robot_interfaces/environment/path.sh
[1.894s] -- Installing: /home/poom/Desktop/ROS2_MiniProject/ros2_ws/install/my_robot_interfaces/share/my_robot_interfaces/environment/path.dsv
[1.894s] -- Up-to-date: /home/poom/Desktop/ROS2_MiniProject/ros2_ws/install/my_robot_interfaces/share/my_robot_interfaces/local_setup.bash
[1.894s] -- Up-to-date: /home/poom/Desktop/ROS2_MiniProject/ros2_ws/install/my_robot_interfaces/share/my_robot_interfaces/local_setup.sh
[1.894s] -- Up-to-date: /home/poom/Desktop/ROS2_MiniProject/ros2_ws/install/my_robot_interfaces/share/my_robot_interfaces/local_setup.zsh
[1.894s] -- Installing: /home/poom/Desktop/ROS2_MiniProject/ros2_ws/install/my_robot_interfaces/share/my_robot_interfaces/local_setup.dsv
[1.894s] -- Installing: /home/poom/Desktop/ROS2_MiniProject/ros2_ws/install/my_robot_interfaces/share/my_robot_interfaces/package.dsv
[1.894s] -- Up-to-date: /home/poom/Desktop/ROS2_MiniProject/ros2_ws/install/my_robot_interfaces/share/ament_index/resource_index/packages/my_robot_interfaces
[1.895s] -- Up-to-date: /home/poom/Desktop/ROS2_MiniProject/ros2_ws/install/my_robot_interfaces/share/my_robot_interfaces/cmake/export_my_robot_interfaces__rosidl_generator_cExport.cmake
[1.895s] -- Up-to-date: /home/poom/Desktop/ROS2_MiniProject/ros2_ws/install/my_robot_interfaces/share/my_robot_interfaces/cmake/export_my_robot_interfaces__rosidl_generator_cExport-noconfig.cmake
[1.895s] -- Up-to-date: /home/poom/Desktop/ROS2_MiniProject/ros2_ws/install/my_robot_interfaces/share/my_robot_interfaces/cmake/export_my_robot_interfaces__rosidl_typesupport_fastrtps_cExport.cmake
[1.895s] -- Up-to-date: /home/poom/Desktop/ROS2_MiniProject/ros2_ws/install/my_robot_interfaces/share/my_robot_interfaces/cmake/export_my_robot_interfaces__rosidl_typesupport_fastrtps_cExport-noconfig.cmake
[1.895s] -- Up-to-date: /home/poom/Desktop/ROS2_MiniProject/ros2_ws/install/my_robot_interfaces/share/my_robot_interfaces/cmake/my_robot_interfaces__rosidl_typesupport_introspection_cExport.cmake
[1.895s] -- Up-to-date: /home/poom/Desktop/ROS2_MiniProject/ros2_ws/install/my_robot_interfaces/share/my_robot_interfaces/cmake/my_robot_interfaces__rosidl_typesupport_introspection_cExport-noconfig.cmake
[1.895s] -- Up-to-date: /home/poom/Desktop/ROS2_MiniProject/ros2_ws/install/my_robot_interfaces/share/my_robot_interfaces/cmake/my_robot_interfaces__rosidl_typesupport_cExport.cmake
[1.895s] -- Up-to-date: /home/poom/Desktop/ROS2_MiniProject/ros2_ws/install/my_robot_interfaces/share/my_robot_interfaces/cmake/my_robot_interfaces__rosidl_typesupport_cExport-noconfig.cmake
[1.895s] -- Up-to-date: /home/poom/Desktop/ROS2_MiniProject/ros2_ws/install/my_robot_interfaces/share/my_robot_interfaces/cmake/export_my_robot_interfaces__rosidl_generator_cppExport.cmake
[1.895s] -- Up-to-date: /home/poom/Desktop/ROS2_MiniProject/ros2_ws/install/my_robot_interfaces/share/my_robot_interfaces/cmake/export_my_robot_interfaces__rosidl_typesupport_fastrtps_cppExport.cmake
[1.895s] -- Up-to-date: /home/poom/Desktop/ROS2_MiniProject/ros2_ws/install/my_robot_interfaces/share/my_robot_interfaces/cmake/export_my_robot_interfaces__rosidl_typesupport_fastrtps_cppExport-noconfig.cmake
[1.895s] -- Up-to-date: /home/poom/Desktop/ROS2_MiniProject/ros2_ws/install/my_robot_interfaces/share/my_robot_interfaces/cmake/my_robot_interfaces__rosidl_typesupport_introspection_cppExport.cmake
[1.895s] -- Up-to-date: /home/poom/Desktop/ROS2_MiniProject/ros2_ws/install/my_robot_interfaces/share/my_robot_interfaces/cmake/my_robot_interfaces__rosidl_typesupport_introspection_cppExport-noconfig.cmake
[1.895s] -- Up-to-date: /home/poom/Desktop/ROS2_MiniProject/ros2_ws/install/my_robot_interfaces/share/my_robot_interfaces/cmake/my_robot_interfaces__rosidl_typesupport_cppExport.cmake
[1.895s] -- Up-to-date: /home/poom/Desktop/ROS2_MiniProject/ros2_ws/install/my_robot_interfaces/share/my_robot_interfaces/cmake/my_robot_interfaces__rosidl_typesupport_cppExport-noconfig.cmake
[1.895s] -- Up-to-date: /home/poom/Desktop/ROS2_MiniProject/ros2_ws/install/my_robot_interfaces/share/my_robot_interfaces/cmake/export_my_robot_interfaces__rosidl_generator_pyExport.cmake
[1.895s] -- Up-to-date: /home/poom/Desktop/ROS2_MiniProject/ros2_ws/install/my_robot_interfaces/share/my_robot_interfaces/cmake/export_my_robot_interfaces__rosidl_generator_pyExport-noconfig.cmake
[1.895s] -- Installing: /home/poom/Desktop/ROS2_MiniProject/ros2_ws/install/my_robot_interfaces/share/my_robot_interfaces/cmake/rosidl_cmake-extras.cmake
[1.895s] -- Up-to-date: /home/poom/Desktop/ROS2_MiniProject/ros2_ws/install/my_robot_interfaces/share/my_robot_interfaces/cmake/ament_cmake_export_include_directories-extras.cmake
[1.895s] -- Up-to-date: /home/poom/Desktop/ROS2_MiniProject/ros2_ws/install/my_robot_interfaces/share/my_robot_interfaces/cmake/ament_cmake_export_libraries-extras.cmake
[1.895s] -- Up-to-date: /home/poom/Desktop/ROS2_MiniProject/ros2_ws/install/my_robot_interfaces/share/my_robot_interfaces/cmake/ament_cmake_export_targets-extras.cmake
[1.895s] -- Up-to-date: /home/poom/Desktop/ROS2_MiniProject/ros2_ws/install/my_robot_interfaces/share/my_robot_interfaces/cmake/rosidl_cmake_export_typesupport_targets-extras.cmake
[1.895s] -- Up-to-date: /home/poom/Desktop/ROS2_MiniProject/ros2_ws/install/my_robot_interfaces/share/my_robot_interfaces/cmake/ament_cmake_export_dependencies-extras.cmake
[1.895s] -- Up-to-date: /home/poom/Desktop/ROS2_MiniProject/ros2_ws/install/my_robot_interfaces/share/my_robot_interfaces/cmake/rosidl_cmake_export_typesupport_libraries-extras.cmake
[1.895s] -- Up-to-date: /home/poom/Desktop/ROS2_MiniProject/ros2_ws/install/my_robot_interfaces/share/my_robot_interfaces/cmake/my_robot_interfacesConfig.cmake
[1.895s] -- Up-to-date: /home/poom/Desktop/ROS2_MiniProject/ros2_ws/install/my_robot_interfaces/share/my_robot_interfaces/cmake/my_robot_interfacesConfig-version.cmake
[1.895s] -- Installing: /home/poom/Desktop/ROS2_MiniProject/ros2_ws/install/my_robot_interfaces/share/my_robot_interfaces/package.xml
[1.897s] Invoked command in '/home/poom/Desktop/ROS2_MiniProject/ros2_ws/build/my_robot_interfaces' returned '0': CMAKE_PREFIX_PATH=${CMAKE_PREFIX_PATH}:/home/poom/Desktop/ROS2_MiniProject/ros2_ws/install/my_py_pkg:/home/poom/ros2_ws/install/my_py_pkg:/opt/ros/humble /usr/bin/cmake --install /home/poom/Desktop/ROS2_MiniProject/ros2_ws/build/my_robot_interfaces
