[0.330s] Invoking command in '/home/poom/Desktop/ROS2_MiniProject/ros2_ws/build/my_py_pkg': CMAKE_PREFIX_PATH=/home/poom/Desktop/ROS2_MiniProject/ros2_ws/install/my_robot_interfaces:/home/poom/Desktop/ROS2_MiniProject/ros2_ws/install/my_cpp_pkg:/home/poom/ros2_ws/install/my_cpp_pkg PYTHONPATH=/home/poom/Desktop/ROS2_MiniProject/ros2_ws/build/my_py_pkg/prefix_override:/usr/lib/python3/dist-packages/colcon_core/task/python/colcon_distutils_commands:/home/poom/Desktop/ROS2_MiniProject/ros2_ws/install/my_py_pkg/lib/python3.10/site-packages:${PYTHONPATH} /usr/bin/python3 -W ignore:setup.py install is deprecated setup.py develop --uninstall --editable --build-directory /home/poom/Desktop/ROS2_MiniProject/ros2_ws/build/my_py_pkg/build
[0.472s] running develop
[0.536s] Removing /home/poom/Desktop/ROS2_MiniProject/ros2_ws/install/my_py_pkg/lib/python3.10/site-packages/my-py-pkg.egg-link (link to .)
[0.544s] Invoked command in '/home/poom/Desktop/ROS2_MiniProject/ros2_ws/build/my_py_pkg' returned '0': CMAKE_PREFIX_PATH=/home/poom/Desktop/ROS2_MiniProject/ros2_ws/install/my_robot_interfaces:/home/poom/Desktop/ROS2_MiniProject/ros2_ws/install/my_cpp_pkg:/home/poom/ros2_ws/install/my_cpp_pkg PYTHONPATH=/home/poom/Desktop/ROS2_MiniProject/ros2_ws/build/my_py_pkg/prefix_override:/usr/lib/python3/dist-packages/colcon_core/task/python/colcon_distutils_commands:/home/poom/Desktop/ROS2_MiniProject/ros2_ws/install/my_py_pkg/lib/python3.10/site-packages:${PYTHONPATH} /usr/bin/python3 -W ignore:setup.py install is deprecated setup.py develop --uninstall --editable --build-directory /home/poom/Desktop/ROS2_MiniProject/ros2_ws/build/my_py_pkg/build
[0.545s] Invoking command in '/home/poom/Desktop/ROS2_MiniProject/ros2_ws/src/my_py_pkg': CMAKE_PREFIX_PATH=/home/poom/Desktop/ROS2_MiniProject/ros2_ws/install/my_robot_interfaces:/home/poom/Desktop/ROS2_MiniProject/ros2_ws/install/my_cpp_pkg:/home/poom/ros2_ws/install/my_cpp_pkg PYTHONPATH=/home/poom/Desktop/ROS2_MiniProject/ros2_ws/build/my_py_pkg/prefix_override:/usr/lib/python3/dist-packages/colcon_core/task/python/colcon_distutils_commands:/home/poom/Desktop/ROS2_MiniProject/ros2_ws/install/my_py_pkg/lib/python3.10/site-packages:${PYTHONPATH} /usr/bin/python3 -W ignore:setup.py install is deprecated setup.py egg_info --egg-base ../../build/my_py_pkg build --build-base /home/poom/Desktop/ROS2_MiniProject/ros2_ws/build/my_py_pkg/build install --record /home/poom/Desktop/ROS2_MiniProject/ros2_ws/build/my_py_pkg/install.log --single-version-externally-managed install_data --force
[0.653s] running egg_info
[0.653s] writing ../../build/my_py_pkg/my_py_pkg.egg-info/PKG-INFO
[0.654s] writing dependency_links to ../../build/my_py_pkg/my_py_pkg.egg-info/dependency_links.txt
[0.654s] writing entry points to ../../build/my_py_pkg/my_py_pkg.egg-info/entry_points.txt
[0.654s] writing requirements to ../../build/my_py_pkg/my_py_pkg.egg-info/requires.txt
[0.654s] writing top-level names to ../../build/my_py_pkg/my_py_pkg.egg-info/top_level.txt
[0.655s] reading manifest file '../../build/my_py_pkg/my_py_pkg.egg-info/SOURCES.txt'
[0.656s] writing manifest file '../../build/my_py_pkg/my_py_pkg.egg-info/SOURCES.txt'
[0.656s] running build
[0.656s] running build_py
[0.656s] copying my_py_pkg/Activity002_number_publisher.py -> /home/poom/Desktop/ROS2_MiniProject/ros2_ws/build/my_py_pkg/build/lib/my_py_pkg
[0.656s] copying my_py_pkg/robot_news_station.py -> /home/poom/Desktop/ROS2_MiniProject/ros2_ws/build/my_py_pkg/build/lib/my_py_pkg
[0.656s] running install
[0.656s] running install_lib
[0.656s] creating /home/poom/Desktop/ROS2_MiniProject/ros2_ws/install/my_py_pkg/lib/python3.10/site-packages/my_py_pkg
[0.656s] copying /home/poom/Desktop/ROS2_MiniProject/ros2_ws/build/my_py_pkg/build/lib/my_py_pkg/Activity4_LedPanelNode.py -> /home/poom/Desktop/ROS2_MiniProject/ros2_ws/install/my_py_pkg/lib/python3.10/site-packages/my_py_pkg
[0.661s] copying /home/poom/Desktop/ROS2_MiniProject/ros2_ws/build/my_py_pkg/build/lib/my_py_pkg/add_two_ints_server.py -> /home/poom/Desktop/ROS2_MiniProject/ros2_ws/install/my_py_pkg/lib/python3.10/site-packages/my_py_pkg
[0.661s] copying /home/poom/Desktop/ROS2_MiniProject/ros2_ws/build/my_py_pkg/build/lib/my_py_pkg/hw_status_publisher.py -> /home/poom/Desktop/ROS2_MiniProject/ros2_ws/install/my_py_pkg/lib/python3.10/site-packages/my_py_pkg
[0.662s] copying /home/poom/Desktop/ROS2_MiniProject/ros2_ws/build/my_py_pkg/build/lib/my_py_pkg/led_panel.py -> /home/poom/Desktop/ROS2_MiniProject/ros2_ws/install/my_py_pkg/lib/python3.10/site-packages/my_py_pkg
[0.662s] copying /home/poom/Desktop/ROS2_MiniProject/ros2_ws/build/my_py_pkg/build/lib/my_py_pkg/add_two_ints_client_no_oop.py -> /home/poom/Desktop/ROS2_MiniProject/ros2_ws/install/my_py_pkg/lib/python3.10/site-packages/my_py_pkg
[0.663s] copying /home/poom/Desktop/ROS2_MiniProject/ros2_ws/build/my_py_pkg/build/lib/my_py_pkg/Activity002_number_counter.py -> /home/poom/Desktop/ROS2_MiniProject/ros2_ws/install/my_py_pkg/lib/python3.10/site-packages/my_py_pkg
[0.663s] copying /home/poom/Desktop/ROS2_MiniProject/ros2_ws/build/my_py_pkg/build/lib/my_py_pkg/__init__.py -> /home/poom/Desktop/ROS2_MiniProject/ros2_ws/install/my_py_pkg/lib/python3.10/site-packages/my_py_pkg
[0.663s] copying /home/poom/Desktop/ROS2_MiniProject/ros2_ws/build/my_py_pkg/build/lib/my_py_pkg/my_first_node.py -> /home/poom/Desktop/ROS2_MiniProject/ros2_ws/install/my_py_pkg/lib/python3.10/site-packages/my_py_pkg
[0.664s] copying /home/poom/Desktop/ROS2_MiniProject/ros2_ws/build/my_py_pkg/build/lib/my_py_pkg/template_python_node.py -> /home/poom/Desktop/ROS2_MiniProject/ros2_ws/install/my_py_pkg/lib/python3.10/site-packages/my_py_pkg
[0.664s] copying /home/poom/Desktop/ROS2_MiniProject/ros2_ws/build/my_py_pkg/build/lib/my_py_pkg/smartphone.py -> /home/poom/Desktop/ROS2_MiniProject/ros2_ws/install/my_py_pkg/lib/python3.10/site-packages/my_py_pkg
[0.665s] copying /home/poom/Desktop/ROS2_MiniProject/ros2_ws/build/my_py_pkg/build/lib/my_py_pkg/Activity4_BatteryNode.py -> /home/poom/Desktop/ROS2_MiniProject/ros2_ws/install/my_py_pkg/lib/python3.10/site-packages/my_py_pkg
[0.665s] copying /home/poom/Desktop/ROS2_MiniProject/ros2_ws/build/my_py_pkg/build/lib/my_py_pkg/Activity002_number_publisher.py -> /home/poom/Desktop/ROS2_MiniProject/ros2_ws/install/my_py_pkg/lib/python3.10/site-packages/my_py_pkg
[0.665s] copying /home/poom/Desktop/ROS2_MiniProject/ros2_ws/build/my_py_pkg/build/lib/my_py_pkg/robot_news_station.py -> /home/poom/Desktop/ROS2_MiniProject/ros2_ws/install/my_py_pkg/lib/python3.10/site-packages/my_py_pkg
[0.665s] copying /home/poom/Desktop/ROS2_MiniProject/ros2_ws/build/my_py_pkg/build/lib/my_py_pkg/battery.py -> /home/poom/Desktop/ROS2_MiniProject/ros2_ws/install/my_py_pkg/lib/python3.10/site-packages/my_py_pkg
[0.666s] copying /home/poom/Desktop/ROS2_MiniProject/ros2_ws/build/my_py_pkg/build/lib/my_py_pkg/add_two_ints_client.py -> /home/poom/Desktop/ROS2_MiniProject/ros2_ws/install/my_py_pkg/lib/python3.10/site-packages/my_py_pkg
[0.667s] byte-compiling /home/poom/Desktop/ROS2_MiniProject/ros2_ws/install/my_py_pkg/lib/python3.10/site-packages/my_py_pkg/Activity4_LedPanelNode.py to Activity4_LedPanelNode.cpython-310.pyc
[0.667s] byte-compiling /home/poom/Desktop/ROS2_MiniProject/ros2_ws/install/my_py_pkg/lib/python3.10/site-packages/my_py_pkg/add_two_ints_server.py to add_two_ints_server.cpython-310.pyc
[0.667s] byte-compiling /home/poom/Desktop/ROS2_MiniProject/ros2_ws/install/my_py_pkg/lib/python3.10/site-packages/my_py_pkg/hw_status_publisher.py to hw_status_publisher.cpython-310.pyc
[0.671s] byte-compiling /home/poom/Desktop/ROS2_MiniProject/ros2_ws/install/my_py_pkg/lib/python3.10/site-packages/my_py_pkg/led_panel.py to led_panel.cpython-310.pyc
[0.671s] byte-compiling /home/poom/Desktop/ROS2_MiniProject/ros2_ws/install/my_py_pkg/lib/python3.10/site-packages/my_py_pkg/add_two_ints_client_no_oop.py to add_two_ints_client_no_oop.cpython-310.pyc
[0.671s] byte-compiling /home/poom/Desktop/ROS2_MiniProject/ros2_ws/install/my_py_pkg/lib/python3.10/site-packages/my_py_pkg/Activity002_number_counter.py to Activity002_number_counter.cpython-310.pyc
[0.671s] byte-compiling /home/poom/Desktop/ROS2_MiniProject/ros2_ws/install/my_py_pkg/lib/python3.10/site-packages/my_py_pkg/__init__.py to __init__.cpython-310.pyc
[0.671s] byte-compiling /home/poom/Desktop/ROS2_MiniProject/ros2_ws/install/my_py_pkg/lib/python3.10/site-packages/my_py_pkg/my_first_node.py to my_first_node.cpython-310.pyc
[0.671s] byte-compiling /home/poom/Desktop/ROS2_MiniProject/ros2_ws/install/my_py_pkg/lib/python3.10/site-packages/my_py_pkg/template_python_node.py to template_python_node.cpython-310.pyc
[0.671s] byte-compiling /home/poom/Desktop/ROS2_MiniProject/ros2_ws/install/my_py_pkg/lib/python3.10/site-packages/my_py_pkg/smartphone.py to smartphone.cpython-310.pyc
[0.671s] byte-compiling /home/poom/Desktop/ROS2_MiniProject/ros2_ws/install/my_py_pkg/lib/python3.10/site-packages/my_py_pkg/Activity4_BatteryNode.py to Activity4_BatteryNode.cpython-310.pyc
[0.671s] byte-compiling /home/poom/Desktop/ROS2_MiniProject/ros2_ws/install/my_py_pkg/lib/python3.10/site-packages/my_py_pkg/Activity002_number_publisher.py to Activity002_number_publisher.cpython-310.pyc
[0.671s] byte-compiling /home/poom/Desktop/ROS2_MiniProject/ros2_ws/install/my_py_pkg/lib/python3.10/site-packages/my_py_pkg/robot_news_station.py to robot_news_station.cpython-310.pyc
[0.671s] byte-compiling /home/poom/Desktop/ROS2_MiniProject/ros2_ws/install/my_py_pkg/lib/python3.10/site-packages/my_py_pkg/battery.py to battery.cpython-310.pyc
[0.671s] byte-compiling /home/poom/Desktop/ROS2_MiniProject/ros2_ws/install/my_py_pkg/lib/python3.10/site-packages/my_py_pkg/add_two_ints_client.py to add_two_ints_client.cpython-310.pyc
[0.671s] running install_data
[0.671s] copying resource/my_py_pkg -> /home/poom/Desktop/ROS2_MiniProject/ros2_ws/install/my_py_pkg/share/ament_index/resource_index/packages
[0.671s] copying package.xml -> /home/poom/Desktop/ROS2_MiniProject/ros2_ws/install/my_py_pkg/share/my_py_pkg
[0.671s] running install_egg_info
[0.671s] Copying ../../build/my_py_pkg/my_py_pkg.egg-info to /home/poom/Desktop/ROS2_MiniProject/ros2_ws/install/my_py_pkg/lib/python3.10/site-packages/my_py_pkg-0.0.0-py3.10.egg-info
[0.673s] running install_scripts
[0.682s] Installing Activity002_number_counter script to /home/poom/Desktop/ROS2_MiniProject/ros2_ws/install/my_py_pkg/lib/my_py_pkg
[0.682s] Installing Activity002_number_publisher script to /home/poom/Desktop/ROS2_MiniProject/ros2_ws/install/my_py_pkg/lib/my_py_pkg
[0.682s] Installing Activity4_BatteryNode script to /home/poom/Desktop/ROS2_MiniProject/ros2_ws/install/my_py_pkg/lib/my_py_pkg
[0.682s] Installing Activity4_LedPanelNode script to /home/poom/Desktop/ROS2_MiniProject/ros2_ws/install/my_py_pkg/lib/my_py_pkg
[0.682s] Installing add_two_ints_client script to /home/poom/Desktop/ROS2_MiniProject/ros2_ws/install/my_py_pkg/lib/my_py_pkg
[0.682s] Installing add_two_ints_client_no_oop script to /home/poom/Desktop/ROS2_MiniProject/ros2_ws/install/my_py_pkg/lib/my_py_pkg
[0.682s] Installing add_two_ints_server script to /home/poom/Desktop/ROS2_MiniProject/ros2_ws/install/my_py_pkg/lib/my_py_pkg
[0.682s] Installing battery script to /home/poom/Desktop/ROS2_MiniProject/ros2_ws/install/my_py_pkg/lib/my_py_pkg
[0.682s] Installing hw_status_publisher script to /home/poom/Desktop/ROS2_MiniProject/ros2_ws/install/my_py_pkg/lib/my_py_pkg
[0.682s] Installing led_panel script to /home/poom/Desktop/ROS2_MiniProject/ros2_ws/install/my_py_pkg/lib/my_py_pkg
[0.682s] Installing py_node script to /home/poom/Desktop/ROS2_MiniProject/ros2_ws/install/my_py_pkg/lib/my_py_pkg
[0.682s] Installing robot_news_station script to /home/poom/Desktop/ROS2_MiniProject/ros2_ws/install/my_py_pkg/lib/my_py_pkg
[0.685s] Installing smartphone script to /home/poom/Desktop/ROS2_MiniProject/ros2_ws/install/my_py_pkg/lib/my_py_pkg
[0.685s] writing list of installed files to '/home/poom/Desktop/ROS2_MiniProject/ros2_ws/build/my_py_pkg/install.log'
[0.696s] Invoked command in '/home/poom/Desktop/ROS2_MiniProject/ros2_ws/src/my_py_pkg' returned '0': CMAKE_PREFIX_PATH=/home/poom/Desktop/ROS2_MiniProject/ros2_ws/install/my_robot_interfaces:/home/poom/Desktop/ROS2_MiniProject/ros2_ws/install/my_cpp_pkg:/home/poom/ros2_ws/install/my_cpp_pkg PYTHONPATH=/home/poom/Desktop/ROS2_MiniProject/ros2_ws/build/my_py_pkg/prefix_override:/usr/lib/python3/dist-packages/colcon_core/task/python/colcon_distutils_commands:/home/poom/Desktop/ROS2_MiniProject/ros2_ws/install/my_py_pkg/lib/python3.10/site-packages:${PYTHONPATH} /usr/bin/python3 -W ignore:setup.py install is deprecated setup.py egg_info --egg-base ../../build/my_py_pkg build --build-base /home/poom/Desktop/ROS2_MiniProject/ros2_ws/build/my_py_pkg/build install --record /home/poom/Desktop/ROS2_MiniProject/ros2_ws/build/my_py_pkg/install.log --single-version-externally-managed install_data --force
