[0.337s] Invoking command in '/home/poom/Desktop/ROS2_MiniProject/ros2_ws/build/my_py_pkg': PYTHONPATH=/home/poom/Desktop/ROS2_MiniProject/ros2_ws/build/my_py_pkg/prefix_override:/usr/lib/python3/dist-packages/colcon_core/task/python/colcon_distutils_commands:/home/poom/Desktop/ROS2_MiniProject/ros2_ws/install/my_py_pkg/lib/python3.10/site-packages:${PYTHONPATH} /usr/bin/python3 -W ignore:setup.py install is deprecated setup.py develop --editable --build-directory /home/poom/Desktop/ROS2_MiniProject/ros2_ws/build/my_py_pkg/build --no-deps symlink_data
[0.468s] running develop
[0.531s] running egg_info
[0.531s] writing my_py_pkg.egg-info/PKG-INFO
[0.531s] writing dependency_links to my_py_pkg.egg-info/dependency_links.txt
[0.531s] writing entry points to my_py_pkg.egg-info/entry_points.txt
[0.531s] writing requirements to my_py_pkg.egg-info/requires.txt
[0.531s] writing top-level names to my_py_pkg.egg-info/top_level.txt
[0.532s] reading manifest file 'my_py_pkg.egg-info/SOURCES.txt'
[0.534s] writing manifest file 'my_py_pkg.egg-info/SOURCES.txt'
[0.534s] running build_ext
[0.534s] Creating /home/poom/Desktop/ROS2_MiniProject/ros2_ws/install/my_py_pkg/lib/python3.10/site-packages/my-py-pkg.egg-link (link to .)
[0.535s] Installing Activity002_number_counter script to /home/poom/Desktop/ROS2_MiniProject/ros2_ws/install/my_py_pkg/lib/my_py_pkg
[0.535s] Installing add_two_ints_client script to /home/poom/Desktop/ROS2_MiniProject/ros2_ws/install/my_py_pkg/lib/my_py_pkg
[0.535s] Installing add_two_ints_client_no_oop script to /home/poom/Desktop/ROS2_MiniProject/ros2_ws/install/my_py_pkg/lib/my_py_pkg
[0.535s] Installing add_two_ints_server script to /home/poom/Desktop/ROS2_MiniProject/ros2_ws/install/my_py_pkg/lib/my_py_pkg
[0.535s] Installing py_node script to /home/poom/Desktop/ROS2_MiniProject/ros2_ws/install/my_py_pkg/lib/my_py_pkg
[0.535s] Installing robot_news_station script to /home/poom/Desktop/ROS2_MiniProject/ros2_ws/install/my_py_pkg/lib/my_py_pkg
[0.535s] Installing smartphone script to /home/poom/Desktop/ROS2_MiniProject/ros2_ws/install/my_py_pkg/lib/my_py_pkg
[0.535s] 
[0.535s] Installed /home/poom/Desktop/ROS2_MiniProject/ros2_ws/build/my_py_pkg
[0.535s] running symlink_data
[0.548s] Invoked command in '/home/poom/Desktop/ROS2_MiniProject/ros2_ws/build/my_py_pkg' returned '0': PYTHONPATH=/home/poom/Desktop/ROS2_MiniProject/ros2_ws/build/my_py_pkg/prefix_override:/usr/lib/python3/dist-packages/colcon_core/task/python/colcon_distutils_commands:/home/poom/Desktop/ROS2_MiniProject/ros2_ws/install/my_py_pkg/lib/python3.10/site-packages:${PYTHONPATH} /usr/bin/python3 -W ignore:setup.py install is deprecated setup.py develop --editable --build-directory /home/poom/Desktop/ROS2_MiniProject/ros2_ws/build/my_py_pkg/build --no-deps symlink_data
