[0.005s] Invoking command in '/home/poom/Desktop/ROS2_MiniProject/ros2_ws/build/my_cpp_pkg': CMAKE_PREFIX_PATH=${CMAKE_PREFIX_PATH}:/home/poom/Desktop/ROS2_MiniProject/ros2_ws/install/my_py_pkg:/home/poom/ros2_ws/install/my_py_pkg:/opt/ros/humble /usr/bin/cmake --build /home/poom/Desktop/ROS2_MiniProject/ros2_ws/build/my_cpp_pkg -- -j16 -l16
[0.033s] [35m[1mConsolidate compiler generated dependencies of target add_two_ints_client[0m
[0.041s] [ 28%] Built target add_two_ints_server
[0.041s] [ 28%] Built target add_two_ints_client_no_oop
[0.041s] [ 42%] Built target smartphone
[0.042s] [ 57%] Built target robot_news_station
[0.042s] [ 85%] Built target Activity002_number_publisher
[0.042s] [ 85%] Built target cpp_node
[0.044s] [ 92%] [32mBuilding CXX object CMakeFiles/add_two_ints_client.dir/src/add_two_ints_client.cpp.o[0m
[1.647s] [100%] [32m[1mLinking CXX executable add_two_ints_client[0m
[1.729s] [100%] Built target add_two_ints_client
[1.735s] Invoked command in '/home/poom/Desktop/ROS2_MiniProject/ros2_ws/build/my_cpp_pkg' returned '0': CMAKE_PREFIX_PATH=${CMAKE_PREFIX_PATH}:/home/poom/Desktop/ROS2_MiniProject/ros2_ws/install/my_py_pkg:/home/poom/ros2_ws/install/my_py_pkg:/opt/ros/humble /usr/bin/cmake --build /home/poom/Desktop/ROS2_MiniProject/ros2_ws/build/my_cpp_pkg -- -j16 -l16
[1.766s] Invoking command in '/home/poom/Desktop/ROS2_MiniProject/ros2_ws/build/my_cpp_pkg': CMAKE_PREFIX_PATH=${CMAKE_PREFIX_PATH}:/home/poom/Desktop/ROS2_MiniProject/ros2_ws/install/my_py_pkg:/home/poom/ros2_ws/install/my_py_pkg:/opt/ros/humble /usr/bin/cmake --install /home/poom/Desktop/ROS2_MiniProject/ros2_ws/build/my_cpp_pkg
[1.769s] -- Install configuration: ""
[1.769s] -- Up-to-date: /home/poom/Desktop/ROS2_MiniProject/ros2_ws/install/my_cpp_pkg/lib/my_cpp_pkg/cpp_node
[1.770s] -- Up-to-date: /home/poom/Desktop/ROS2_MiniProject/ros2_ws/install/my_cpp_pkg/lib/my_cpp_pkg/robot_news_station
[1.770s] -- Up-to-date: /home/poom/Desktop/ROS2_MiniProject/ros2_ws/install/my_cpp_pkg/lib/my_cpp_pkg/smartphone
[1.770s] -- Up-to-date: /home/poom/Desktop/ROS2_MiniProject/ros2_ws/install/my_cpp_pkg/lib/my_cpp_pkg/Activity002_number_publisher
[1.770s] -- Up-to-date: /home/poom/Desktop/ROS2_MiniProject/ros2_ws/install/my_cpp_pkg/lib/my_cpp_pkg/add_two_ints_server
[1.770s] -- Up-to-date: /home/poom/Desktop/ROS2_MiniProject/ros2_ws/install/my_cpp_pkg/lib/my_cpp_pkg/add_two_ints_client_no_oop
[1.770s] -- Installing: /home/poom/Desktop/ROS2_MiniProject/ros2_ws/install/my_cpp_pkg/lib/my_cpp_pkg/add_two_ints_client
[1.771s] -- Set runtime path of "/home/poom/Desktop/ROS2_MiniProject/ros2_ws/install/my_cpp_pkg/lib/my_cpp_pkg/add_two_ints_client" to ""
[1.771s] -- Up-to-date: /home/poom/Desktop/ROS2_MiniProject/ros2_ws/install/my_cpp_pkg/share/ament_index/resource_index/package_run_dependencies/my_cpp_pkg
[1.771s] -- Up-to-date: /home/poom/Desktop/ROS2_MiniProject/ros2_ws/install/my_cpp_pkg/share/ament_index/resource_index/parent_prefix_path/my_cpp_pkg
[1.771s] -- Up-to-date: /home/poom/Desktop/ROS2_MiniProject/ros2_ws/install/my_cpp_pkg/share/my_cpp_pkg/environment/ament_prefix_path.sh
[1.772s] -- Up-to-date: /home/poom/Desktop/ROS2_MiniProject/ros2_ws/install/my_cpp_pkg/share/my_cpp_pkg/environment/ament_prefix_path.dsv
[1.772s] -- Up-to-date: /home/poom/Desktop/ROS2_MiniProject/ros2_ws/install/my_cpp_pkg/share/my_cpp_pkg/environment/path.sh
[1.772s] -- Up-to-date: /home/poom/Desktop/ROS2_MiniProject/ros2_ws/install/my_cpp_pkg/share/my_cpp_pkg/environment/path.dsv
[1.772s] -- Up-to-date: /home/poom/Desktop/ROS2_MiniProject/ros2_ws/install/my_cpp_pkg/share/my_cpp_pkg/local_setup.bash
[1.772s] -- Up-to-date: /home/poom/Desktop/ROS2_MiniProject/ros2_ws/install/my_cpp_pkg/share/my_cpp_pkg/local_setup.sh
[1.772s] -- Up-to-date: /home/poom/Desktop/ROS2_MiniProject/ros2_ws/install/my_cpp_pkg/share/my_cpp_pkg/local_setup.zsh
[1.772s] -- Up-to-date: /home/poom/Desktop/ROS2_MiniProject/ros2_ws/install/my_cpp_pkg/share/my_cpp_pkg/local_setup.dsv
[1.772s] -- Installing: /home/poom/Desktop/ROS2_MiniProject/ros2_ws/install/my_cpp_pkg/share/my_cpp_pkg/package.dsv
[1.772s] -- Up-to-date: /home/poom/Desktop/ROS2_MiniProject/ros2_ws/install/my_cpp_pkg/share/ament_index/resource_index/packages/my_cpp_pkg
[1.772s] -- Up-to-date: /home/poom/Desktop/ROS2_MiniProject/ros2_ws/install/my_cpp_pkg/share/my_cpp_pkg/cmake/my_cpp_pkgConfig.cmake
[1.772s] -- Up-to-date: /home/poom/Desktop/ROS2_MiniProject/ros2_ws/install/my_cpp_pkg/share/my_cpp_pkg/cmake/my_cpp_pkgConfig-version.cmake
[1.772s] -- Up-to-date: /home/poom/Desktop/ROS2_MiniProject/ros2_ws/install/my_cpp_pkg/share/my_cpp_pkg/package.xml
[1.773s] Invoked command in '/home/poom/Desktop/ROS2_MiniProject/ros2_ws/build/my_cpp_pkg' returned '0': CMAKE_PREFIX_PATH=${CMAKE_PREFIX_PATH}:/home/poom/Desktop/ROS2_MiniProject/ros2_ws/install/my_py_pkg:/home/poom/ros2_ws/install/my_py_pkg:/opt/ros/humble /usr/bin/cmake --install /home/poom/Desktop/ROS2_MiniProject/ros2_ws/build/my_cpp_pkg
